2025-01-29 06:10:04.656 [warning] /home/gitpod/.ssh/config: ENOENT: no such file or directory, open '/home/gitpod/.ssh/config'
2025-01-29 06:10:04.656 [info] Activation> Extension version: 0.102.0
2025-01-29 06:10:07.267 [info] Looking for git repository
2025-01-29 06:10:07.267 [info] Found 0 repositories during activation
2025-01-29 06:10:07.267 [info] Git repository found, initializing review manager and pr tree view.
2025-01-29 06:10:07.271 [info] Registering git provider
2025-01-29 06:10:07.271 [info] Review+0> Validate state in progress
2025-01-29 06:10:07.271 [info] Review+0> Validating state...
2025-01-29 06:10:07.476 [info] Found GitHub remote for folder /workspace/project
2025-01-29 06:10:07.478 [info] Trying to use globalState for assignableUsers.
2025-01-29 06:10:07.486 [info] Review+0> No matching pull request metadata found locally for current branch main
2025-01-29 06:10:07.492 [info] Review+0> No matching pull request metadata found on GitHub for current branch main
2025-01-29 06:10:07.682 [info] GlobalState does not exist for assignableUsers.
2025-01-29 06:10:08.959 [info] Repo state for file:///workspace/project changed.
2025-01-29 06:10:08.959 [info] Repo file:///workspace/project has already been setup.
2025-01-29 06:12:46.625 [info] Review+0> Validate state in progress
2025-01-29 06:12:46.625 [info] Review+0> Validating state...
2025-01-29 06:12:46.928 [info] Found GitHub remote for folder /workspace/project
2025-01-29 06:12:46.929 [info] Using in-memory cached assignable users.
2025-01-29 06:12:46.938 [info] Review+0> No matching pull request metadata found locally for current branch main
2025-01-29 06:12:46.946 [info] Review+0> No matching pull request metadata found on GitHub for current branch main
2025-01-29 06:13:55.785 [info] Review+0> Validate state in progress
2025-01-29 06:13:55.785 [info] Review+0> Validating state...
2025-01-29 06:13:55.976 [info] Found GitHub remote for folder /workspace/project
2025-01-29 06:13:55.976 [info] Using in-memory cached assignable users.
2025-01-29 06:13:55.984 [info] Review+0> No matching pull request metadata found locally for current branch main
2025-01-29 06:13:55.990 [info] Review+0> No matching pull request metadata found on GitHub for current branch main
2025-01-29 06:14:00.806 [info] Review+0> Validate state in progress
2025-01-29 06:14:00.806 [info] Review+0> Validating state...
2025-01-29 06:14:01.120 [info] Found GitHub remote for folder /workspace/project
2025-01-29 06:14:01.121 [info] Using in-memory cached assignable users.
2025-01-29 06:14:01.129 [info] Review+0> No matching pull request metadata found locally for current branch main
2025-01-29 06:14:01.135 [info] Review+0> No matching pull request metadata found on GitHub for current branch main
2025-01-29 06:15:00.711 [info] Review+0> Validate state in progress
2025-01-29 06:15:00.711 [info] Review+0> Validating state...
2025-01-29 06:15:00.898 [info] Found GitHub remote for folder /workspace/project
2025-01-29 06:15:00.899 [info] Using in-memory cached assignable users.
2025-01-29 06:15:00.906 [info] Review+0> No matching pull request metadata found locally for current branch main
2025-01-29 06:15:00.912 [info] Review+0> No matching pull request metadata found on GitHub for current branch main
2025-01-29 06:15:05.732 [info] Review+0> Validate state in progress
2025-01-29 06:15:05.732 [info] Review+0> Validating state...
2025-01-29 06:15:05.977 [info] Found GitHub remote for folder /workspace/project
2025-01-29 06:15:05.977 [info] Using in-memory cached assignable users.
2025-01-29 06:15:05.985 [info] Review+0> No matching pull request metadata found locally for current branch main
2025-01-29 06:15:05.991 [info] Review+0> No matching pull request metadata found on GitHub for current branch main
2025-01-29 06:15:32.304 [info] Review+0> Validate state in progress
2025-01-29 06:15:32.304 [info] Review+0> Validating state...
2025-01-29 06:15:32.497 [info] Found GitHub remote for folder /workspace/project
2025-01-29 06:15:32.498 [info] Using in-memory cached assignable users.
2025-01-29 06:15:32.507 [info] Review+0> No matching pull request metadata found locally for current branch main
2025-01-29 06:15:32.513 [info] Review+0> No matching pull request metadata found on GitHub for current branch main
2025-01-29 06:15:37.326 [info] Review+0> Validate state in progress
2025-01-29 06:15:37.326 [info] Review+0> Validating state...
2025-01-29 06:15:37.600 [info] Found GitHub remote for folder /workspace/project
2025-01-29 06:15:37.601 [info] Using in-memory cached assignable users.
2025-01-29 06:15:37.609 [info] Review+0> No matching pull request metadata found locally for current branch main
2025-01-29 06:15:37.616 [info] Review+0> No matching pull request metadata found on GitHub for current branch main
2025-01-29 06:16:17.558 [info] Review+0> Validate state in progress
2025-01-29 06:16:17.558 [info] Review+0> Validating state...
2025-01-29 06:16:17.756 [info] Found GitHub remote for folder /workspace/project
2025-01-29 06:16:17.757 [info] Using in-memory cached assignable users.
2025-01-29 06:16:17.766 [info] Review+0> No matching pull request metadata found locally for current branch main
2025-01-29 06:16:17.772 [info] Review+0> No matching pull request metadata found on GitHub for current branch main
2025-01-29 06:16:22.581 [info] Review+0> Validate state in progress
2025-01-29 06:16:22.581 [info] Review+0> Validating state...
2025-01-29 06:16:22.776 [info] Found GitHub remote for folder /workspace/project
2025-01-29 06:16:22.776 [info] Using in-memory cached assignable users.
2025-01-29 06:16:22.785 [info] Review+0> No matching pull request metadata found locally for current branch main
2025-01-29 06:16:22.792 [info] Review+0> No matching pull request metadata found on GitHub for current branch main
2025-01-29 06:20:54.542 [info] Review+0> Validate state in progress
2025-01-29 06:20:54.542 [info] Review+0> Validating state...
2025-01-29 06:20:54.755 [info] Found GitHub remote for folder /workspace/project
2025-01-29 06:20:54.756 [info] Using in-memory cached assignable users.
2025-01-29 06:20:54.766 [info] Review+0> No matching pull request metadata found locally for current branch main
2025-01-29 06:20:54.774 [info] Review+0> No matching pull request metadata found on GitHub for current branch main
2025-01-29 06:20:59.565 [info] Review+0> Validate state in progress
2025-01-29 06:20:59.565 [info] Review+0> Validating state...
2025-01-29 06:21:00.100 [info] Found GitHub remote for folder /workspace/project
2025-01-29 06:21:00.101 [info] Using in-memory cached assignable users.
2025-01-29 06:21:00.110 [info] Review+0> No matching pull request metadata found locally for current branch main
2025-01-29 06:21:00.117 [info] Review+0> No matching pull request metadata found on GitHub for current branch main
2025-01-29 06:23:27.370 [info] Review+0> Validate state in progress
2025-01-29 06:23:27.370 [info] Review+0> Validating state...
2025-01-29 06:23:27.596 [info] Found GitHub remote for folder /workspace/project
2025-01-29 06:23:27.597 [info] Using in-memory cached assignable users.
2025-01-29 06:23:27.605 [info] Review+0> No matching pull request metadata found locally for current branch main
2025-01-29 06:23:27.611 [info] Review+0> No matching pull request metadata found on GitHub for current branch main
2025-01-29 06:25:32.918 [info] Review+0> Validate state in progress
2025-01-29 06:25:32.918 [info] Review+0> Validating state...
2025-01-29 06:25:33.197 [info] Found GitHub remote for folder /workspace/project
2025-01-29 06:25:33.198 [info] Using in-memory cached assignable users.
2025-01-29 06:25:33.207 [info] Review+0> No matching pull request metadata found locally for current branch main
2025-01-29 06:25:33.214 [info] Review+0> No matching pull request metadata found on GitHub for current branch main
2025-01-29 06:25:37.941 [info] Review+0> Validate state in progress
2025-01-29 06:25:37.941 [info] Review+0> Validating state...
2025-01-29 06:25:38.131 [info] Found GitHub remote for folder /workspace/project
2025-01-29 06:25:38.132 [info] Using in-memory cached assignable users.
2025-01-29 06:25:38.140 [info] Review+0> No matching pull request metadata found locally for current branch main
2025-01-29 06:25:38.147 [info] Review+0> No matching pull request metadata found on GitHub for current branch main
