2025-01-29 12:21:27.285 [info] Log level: Info
2025-01-29 12:21:27.285 [info] VSCODE_MACHINE_ID: someValue.machineId
2025-01-29 12:21:27.285 [info] VSCODE_SESSION_ID: someValue.sessionId
2025-01-29 12:21:27.285 [info] VSCODE_VERSION: 1.96.3
2025-01-29 12:21:27.285 [info] VSCODE_APP_NAME: Gitpod Code
2025-01-29 12:21:27.285 [info] VSCODE_APP_HOST: Gitpod
2025-01-29 12:21:27.285 [info] VSCODE_UI_KIND: web
2025-01-29 12:21:27.285 [info] GITPOD_WORKSPACE_CONTEXT_URL: https://github.com/freeCodeCamp/learn-bash-scripting-by-building-five-programs
2025-01-29 12:21:27.285 [info] GITPOD_INSTANCE_ID: e389a8da-5947-472c-8232-018866ede8ed
2025-01-29 12:21:27.285 [info] GITPOD_WORKSPACE_URL: https://freecodecam-learnbashsc-zheggl1zc25.ws-us117.gitpod.io
2025-01-29 12:21:27.285 [info] Gitpod Web 3953e81
2025-01-29 12:21:27.285 [info] Reading sessions from keychain...
2025-01-29 12:21:27.578 [info] Getting sessions for all scopes...
2025-01-29 12:21:27.578 [info] Getting sessions for all scopes...
2025-01-29 12:21:27.578 [info] Getting GitHub sessions for all scopes...
2025-01-29 12:21:27.578 [info] Getting sessions for function:accessCodeSyncStorage...
2025-01-29 12:21:27.578 [info] Got 1 GitHub sessions for all scopes...
2025-01-29 12:21:27.579 [info] Got stored sessions!
2025-01-29 12:21:27.579 [info] Verified session with the following scopes: function:accessCodeSyncStorage function:closePort function:controlAdmission function:deleteEnvVar function:generateNewGitpodToken function:getDefaultWorkspaceImage function:getGitpodTokenScopes function:getIDToken function:getLoggedInUser function:getOpenPorts function:getSupportedWorkspaceClasses function:getTeams function:getToken function:getWorkspace function:getWorkspaceEnvVars function:getWorkspaceOwner function:getWorkspaceTimeout function:getWorkspaceUsers function:guessGitTokenScopes function:isWorkspaceOwner function:openPort function:sendHeartBeat function:setEnvVar function:setWorkspaceTimeout function:stopWorkspace function:takeSnapshot function:trackEvent function:updateGitStatus function:waitForSnapshot resource:contentBlob::*::create/get resource:envVar::*/**::update resource:envVar::*/*::update resource:envVar::freeCodeCamp/learn-bash-scripting-by-building-five-programs::create/get/update/delete resource:gitpodToken::*::create resource:snapshot::ws-freecodecam-learnbashsc-zheggl1zc25::create resource:token::*::get resource:userStorage::*::create/get/update resource:workspace::freecodecam-learnbashsc-zheggl1zc25::get/update resource:workspaceInstance::e389a8da-5947-472c-8232-018866ede8ed::get/update/delete
2025-01-29 12:21:27.579 [info] Got 1 verified sessions.
2025-01-29 12:21:27.579 [info] Got 1 sessions for all scopes...
2025-01-29 12:21:27.579 [info] Got 1 sessions for all scopes...
2025-01-29 12:21:27.579 [info] Got 1 sessions for function:accessCodeSyncStorage...
2025-01-29 12:21:27.868 [info] Getting GitHub sessions for all scopes...
2025-01-29 12:21:27.868 [info] Getting GitHub sessions for all scopes...
2025-01-29 12:21:27.868 [info] Getting sessions for all scopes...
2025-01-29 12:21:27.868 [info] Got 1 GitHub sessions for all scopes...
2025-01-29 12:21:27.868 [info] Got 1 GitHub sessions for all scopes...
2025-01-29 12:21:27.868 [info] Got 1 sessions for all scopes...
2025-01-29 12:21:28.073 [info] Getting sessions for all scopes...
2025-01-29 12:21:28.073 [info] Getting GitHub sessions for all scopes...
2025-01-29 12:21:28.073 [info] Got 1 sessions for all scopes...
2025-01-29 12:21:28.073 [info] Got 1 GitHub sessions for all scopes...
2025-01-29 12:21:28.488 [info] Getting GitHub sessions for read:user,repo,user:email,workflow...
2025-01-29 12:21:28.488 [info] Got 0 GitHub sessions for read:user,repo,user:email,workflow...
2025-01-29 12:21:30.089 [info] Getting GitHub sessions for project,read:org,read:user,repo,user:email,workflow...
2025-01-29 12:21:30.090 [info] Got 0 GitHub sessions for project,read:org,read:user,repo,user:email,workflow...
2025-01-29 12:21:30.730 [info] Getting GitHub sessions for read:user,repo,user:email,workflow...
2025-01-29 12:21:30.730 [info] Got 0 GitHub sessions for read:user,repo,user:email,workflow...
2025-01-29 12:21:31.297 [info] Getting GitHub sessions for read:user,repo,user:email...
2025-01-29 12:21:31.297 [info] Got 0 GitHub sessions for read:user,repo,user:email...
2025-01-29 12:21:31.914 [info] Getting GitHub sessions for read:user,repo,user:email,workflow...
2025-01-29 12:21:31.915 [info] Got 0 GitHub sessions for read:user,repo,user:email,workflow...
