2025-01-29 12:20:30.896 [info] Log level: Info
2025-01-29 12:20:30.896 [info] VSCODE_MACHINE_ID: 71495863-ba73-4e6a-be16-a4d367eeb4eb
2025-01-29 12:20:30.896 [info] VSCODE_SESSION_ID: 8a101d64-4c81-451d-b5c4-174a335546de1738153226701
2025-01-29 12:20:30.896 [info] VSCODE_VERSION: 1.96.3
2025-01-29 12:20:30.896 [info] VSCODE_APP_NAME: Gitpod Code
2025-01-29 12:20:30.896 [info] VSCODE_APP_HOST: Gitpod
2025-01-29 12:20:30.896 [info] VSCODE_UI_KIND: web
2025-01-29 12:20:30.896 [info] GITPOD_WORKSPACE_CONTEXT_URL: https://github.com/freeCodeCamp/learn-bash-scripting-by-building-five-programs
2025-01-29 12:20:30.896 [info] GITPOD_INSTANCE_ID: e389a8da-5947-472c-8232-018866ede8ed
2025-01-29 12:20:30.896 [info] GITPOD_WORKSPACE_URL: https://freecodecam-learnbashsc-zheggl1zc25.ws-us117.gitpod.io
2025-01-29 12:20:30.896 [info] Gitpod Web 3953e81
2025-01-29 12:20:30.896 [info] Reading sessions from keychain...
2025-01-29 12:20:31.087 [info] Getting sessions for all scopes...
2025-01-29 12:20:31.087 [info] Getting sessions for all scopes...
2025-01-29 12:20:31.087 [info] Getting GitHub sessions for all scopes...
2025-01-29 12:20:31.087 [info] Getting sessions for function:accessCodeSyncStorage...
2025-01-29 12:20:31.088 [info] Got stored sessions!
2025-01-29 12:20:31.088 [info] Verified session with the following scopes: function:accessCodeSyncStorage function:closePort function:controlAdmission function:deleteEnvVar function:generateNewGitpodToken function:getDefaultWorkspaceImage function:getGitpodTokenScopes function:getIDToken function:getLoggedInUser function:getOpenPorts function:getSupportedWorkspaceClasses function:getTeams function:getToken function:getWorkspace function:getWorkspaceEnvVars function:getWorkspaceOwner function:getWorkspaceTimeout function:getWorkspaceUsers function:guessGitTokenScopes function:isWorkspaceOwner function:openPort function:sendHeartBeat function:setEnvVar function:setWorkspaceTimeout function:stopWorkspace function:takeSnapshot function:trackEvent function:updateGitStatus function:waitForSnapshot resource:contentBlob::*::create/get resource:envVar::*/**::update resource:envVar::*/*::update resource:envVar::freeCodeCamp/learn-bash-scripting-by-building-five-programs::create/get/update/delete resource:gitpodToken::*::create resource:snapshot::ws-freecodecam-learnbashsc-zheggl1zc25::create resource:token::*::get resource:userStorage::*::create/get/update resource:workspace::freecodecam-learnbashsc-zheggl1zc25::get/update resource:workspaceInstance::e389a8da-5947-472c-8232-018866ede8ed::get/update/delete
2025-01-29 12:20:31.088 [info] Got 1 verified sessions.
2025-01-29 12:20:31.088 [info] Got 1 sessions for all scopes...
2025-01-29 12:20:31.088 [info] Got 1 sessions for all scopes...
2025-01-29 12:20:31.088 [info] Got 1 sessions for function:accessCodeSyncStorage...
2025-01-29 12:20:31.367 [info] Getting GitHub sessions for all scopes...
2025-01-29 12:20:31.367 [info] Getting sessions for all scopes...
2025-01-29 12:20:31.367 [info] Got 1 sessions for all scopes...
2025-01-29 12:20:31.863 [info] Got 1 GitHub sessions for all scopes...
2025-01-29 12:20:31.863 [info] Got 1 GitHub sessions for all scopes...
2025-01-29 12:20:32.041 [info] Getting GitHub sessions for read:user,repo,user:email,workflow...
2025-01-29 12:20:32.041 [info] Got 0 GitHub sessions for read:user,repo,user:email,workflow...
2025-01-29 12:20:32.051 [info] Getting GitHub sessions for all scopes...
2025-01-29 12:20:32.051 [info] Got 1 GitHub sessions for all scopes...
2025-01-29 12:20:32.848 [info] Getting GitHub sessions for project,read:org,read:user,repo,user:email,workflow...
2025-01-29 12:20:32.848 [info] Got 0 GitHub sessions for project,read:org,read:user,repo,user:email,workflow...
2025-01-29 12:20:33.562 [info] Getting GitHub sessions for read:user,repo,user:email,workflow...
2025-01-29 12:20:33.562 [info] Got 0 GitHub sessions for read:user,repo,user:email,workflow...
2025-01-29 12:20:34.126 [info] Getting GitHub sessions for read:user,repo,user:email...
2025-01-29 12:20:34.126 [info] Got 0 GitHub sessions for read:user,repo,user:email...
2025-01-29 12:20:34.706 [info] Getting GitHub sessions for read:user,repo,user:email,workflow...
2025-01-29 12:20:34.707 [info] Got 0 GitHub sessions for read:user,repo,user:email,workflow...
