2025-01-28 23:07:13.211 [info] Log level: Info
2025-01-28 23:07:13.211 [info] VSCODE_MACHINE_ID: 71495863-ba73-4e6a-be16-a4d367eeb4eb
2025-01-28 23:07:13.211 [info] VSCODE_SESSION_ID: 9929df99-bb17-455f-903b-7be281edf5201738105627730
2025-01-28 23:07:13.211 [info] VSCODE_VERSION: 1.96.3
2025-01-28 23:07:13.211 [info] VSCODE_APP_NAME: Gitpod Code
2025-01-28 23:07:13.211 [info] VSCODE_APP_HOST: Gitpod
2025-01-28 23:07:13.211 [info] VSCODE_UI_KIND: web
2025-01-28 23:07:13.211 [info] GITPOD_WORKSPACE_CONTEXT_URL: https://github.com/freeCodeCamp/learn-bash-scripting-by-building-five-programs
2025-01-28 23:07:13.211 [info] GITPOD_INSTANCE_ID: a34f508c-6098-45cf-ab8a-5cd1b834aab3
2025-01-28 23:07:13.211 [info] GITPOD_WORKSPACE_URL: https://freecodecam-learnbashsc-zheggl1zc25.ws-us117.gitpod.io
2025-01-28 23:07:13.211 [info] Gitpod Web 3953e81
2025-01-28 23:07:13.211 [info] Reading sessions from keychain...
2025-01-28 23:07:13.506 [info] Getting sessions for all scopes...
2025-01-28 23:07:13.506 [info] Getting sessions for all scopes...
2025-01-28 23:07:13.506 [info] Getting GitHub sessions for all scopes...
2025-01-28 23:07:13.506 [info] Getting sessions for function:accessCodeSyncStorage...
2025-01-28 23:07:13.506 [info] Got 1 GitHub sessions for all scopes...
2025-01-28 23:07:13.506 [info] Got stored sessions!
2025-01-28 23:07:13.506 [info] Verified session with the following scopes: function:accessCodeSyncStorage function:closePort function:controlAdmission function:deleteEnvVar function:generateNewGitpodToken function:getDefaultWorkspaceImage function:getGitpodTokenScopes function:getIDToken function:getLoggedInUser function:getOpenPorts function:getSupportedWorkspaceClasses function:getTeams function:getToken function:getWorkspace function:getWorkspaceEnvVars function:getWorkspaceOwner function:getWorkspaceTimeout function:getWorkspaceUsers function:guessGitTokenScopes function:isWorkspaceOwner function:openPort function:sendHeartBeat function:setEnvVar function:setWorkspaceTimeout function:stopWorkspace function:takeSnapshot function:trackEvent function:updateGitStatus function:waitForSnapshot resource:contentBlob::*::create/get resource:envVar::*/**::update resource:envVar::*/*::update resource:envVar::freeCodeCamp/learn-bash-scripting-by-building-five-programs::create/get/update/delete resource:gitpodToken::*::create resource:snapshot::ws-freecodecam-learnbashsc-zheggl1zc25::create resource:token::*::get resource:userStorage::*::create/get/update resource:workspace::freecodecam-learnbashsc-zheggl1zc25::get/update resource:workspaceInstance::a34f508c-6098-45cf-ab8a-5cd1b834aab3::get/update/delete
2025-01-28 23:07:13.507 [info] Got 1 verified sessions.
2025-01-28 23:07:13.507 [info] Got 1 sessions for all scopes...
2025-01-28 23:07:13.507 [info] Got 1 sessions for all scopes...
2025-01-28 23:07:13.507 [info] Got 1 sessions for function:accessCodeSyncStorage...
2025-01-28 23:07:13.794 [info] Getting GitHub sessions for all scopes...
2025-01-28 23:07:13.795 [info] Getting GitHub sessions for all scopes...
2025-01-28 23:07:13.795 [info] Getting sessions for all scopes...
2025-01-28 23:07:13.795 [info] Got 1 GitHub sessions for all scopes...
2025-01-28 23:07:13.795 [info] Got 1 GitHub sessions for all scopes...
2025-01-28 23:07:13.795 [info] Got 1 sessions for all scopes...
2025-01-28 23:07:14.588 [info] Getting GitHub sessions for read:user,repo,user:email,workflow...
2025-01-28 23:07:14.588 [info] Got 0 GitHub sessions for read:user,repo,user:email,workflow...
2025-01-28 23:07:15.207 [info] Getting GitHub sessions for project,read:org,read:user,repo,user:email,workflow...
2025-01-28 23:07:15.207 [info] Got 0 GitHub sessions for project,read:org,read:user,repo,user:email,workflow...
2025-01-28 23:07:15.759 [info] Getting GitHub sessions for read:user,repo,user:email,workflow...
2025-01-28 23:07:15.759 [info] Got 0 GitHub sessions for read:user,repo,user:email,workflow...
2025-01-28 23:07:16.315 [info] Getting GitHub sessions for read:user,repo,user:email...
2025-01-28 23:07:16.315 [info] Got 0 GitHub sessions for read:user,repo,user:email...
2025-01-28 23:07:16.892 [info] Getting GitHub sessions for read:user,repo,user:email,workflow...
2025-01-28 23:07:16.892 [info] Got 0 GitHub sessions for read:user,repo,user:email,workflow...
