2025-01-29 06:31:19.240 [info] Log level: Info
2025-01-29 06:31:19.240 [info] VSCODE_MACHINE_ID: someValue.machineId
2025-01-29 06:31:19.240 [info] VSCODE_SESSION_ID: someValue.sessionId
2025-01-29 06:31:19.240 [info] VSCODE_VERSION: 1.96.3
2025-01-29 06:31:19.240 [info] VSCODE_APP_NAME: Gitpod Code
2025-01-29 06:31:19.240 [info] VSCODE_APP_HOST: Gitpod
2025-01-29 06:31:19.240 [info] VSCODE_UI_KIND: web
2025-01-29 06:31:19.241 [info] GITPOD_WORKSPACE_CONTEXT_URL: https://github.com/freeCodeCamp/learn-bash-scripting-by-building-five-programs
2025-01-29 06:31:19.241 [info] GITPOD_INSTANCE_ID: 2f8ad348-42d5-44dd-9fb8-f68ae57d1fcb
2025-01-29 06:31:19.241 [info] GITPOD_WORKSPACE_URL: https://freecodecam-learnbashsc-zheggl1zc25.ws-us117.gitpod.io
2025-01-29 06:31:19.241 [info] Gitpod Web 3953e81
2025-01-29 06:31:19.241 [info] Reading sessions from keychain...
2025-01-29 06:31:19.427 [info] Getting sessions for all scopes...
2025-01-29 06:31:19.427 [info] Getting sessions for all scopes...
2025-01-29 06:31:19.427 [info] Getting GitHub sessions for all scopes...
2025-01-29 06:31:19.427 [info] Getting sessions for function:accessCodeSyncStorage...
2025-01-29 06:31:19.428 [info] Got stored sessions!
2025-01-29 06:31:19.428 [info] Verified session with the following scopes: function:accessCodeSyncStorage function:closePort function:controlAdmission function:deleteEnvVar function:generateNewGitpodToken function:getDefaultWorkspaceImage function:getGitpodTokenScopes function:getIDToken function:getLoggedInUser function:getOpenPorts function:getSupportedWorkspaceClasses function:getTeams function:getToken function:getWorkspace function:getWorkspaceEnvVars function:getWorkspaceOwner function:getWorkspaceTimeout function:getWorkspaceUsers function:guessGitTokenScopes function:isWorkspaceOwner function:openPort function:sendHeartBeat function:setEnvVar function:setWorkspaceTimeout function:stopWorkspace function:takeSnapshot function:trackEvent function:updateGitStatus function:waitForSnapshot resource:contentBlob::*::create/get resource:envVar::*/**::update resource:envVar::*/*::update resource:envVar::freeCodeCamp/learn-bash-scripting-by-building-five-programs::create/get/update/delete resource:gitpodToken::*::create resource:snapshot::ws-freecodecam-learnbashsc-zheggl1zc25::create resource:token::*::get resource:userStorage::*::create/get/update resource:workspace::freecodecam-learnbashsc-zheggl1zc25::get/update resource:workspaceInstance::2f8ad348-42d5-44dd-9fb8-f68ae57d1fcb::get/update/delete
2025-01-29 06:31:19.428 [info] Got 1 verified sessions.
2025-01-29 06:31:19.428 [info] Got 1 sessions for all scopes...
2025-01-29 06:31:19.429 [info] Got 1 sessions for all scopes...
2025-01-29 06:31:19.429 [info] Got 1 sessions for function:accessCodeSyncStorage...
2025-01-29 06:31:19.707 [info] Got 1 GitHub sessions for all scopes...
2025-01-29 06:31:19.775 [info] Getting GitHub sessions for all scopes...
2025-01-29 06:31:19.775 [info] Getting sessions for all scopes...
2025-01-29 06:31:19.775 [info] Got 1 GitHub sessions for all scopes...
2025-01-29 06:31:19.775 [info] Got 1 sessions for all scopes...
2025-01-29 06:31:20.000 [info] Getting GitHub sessions for all scopes...
2025-01-29 06:31:20.000 [info] Got 1 GitHub sessions for all scopes...
2025-01-29 06:31:20.148 [info] Getting sessions for all scopes...
2025-01-29 06:31:20.148 [info] Getting GitHub sessions for all scopes...
2025-01-29 06:31:20.148 [info] Got 1 sessions for all scopes...
2025-01-29 06:31:20.148 [info] Got 1 GitHub sessions for all scopes...
2025-01-29 06:31:20.539 [info] Getting GitHub sessions for read:user,repo,user:email,workflow...
2025-01-29 06:31:20.539 [info] Got 0 GitHub sessions for read:user,repo,user:email,workflow...
2025-01-29 06:31:21.272 [info] Getting GitHub sessions for project,read:org,read:user,repo,user:email,workflow...
2025-01-29 06:31:21.272 [info] Got 0 GitHub sessions for project,read:org,read:user,repo,user:email,workflow...
2025-01-29 06:31:21.851 [info] Getting GitHub sessions for read:user,repo,user:email,workflow...
2025-01-29 06:31:21.851 [info] Got 0 GitHub sessions for read:user,repo,user:email,workflow...
2025-01-29 06:31:22.414 [info] Getting GitHub sessions for read:user,repo,user:email...
2025-01-29 06:31:22.414 [info] Got 0 GitHub sessions for read:user,repo,user:email...
2025-01-29 06:31:22.976 [info] Getting GitHub sessions for read:user,repo,user:email,workflow...
2025-01-29 06:31:22.976 [info] Got 0 GitHub sessions for read:user,repo,user:email,workflow...
