2025-01-29 11:49:29.250 [info] Extension host with pid 124 started
2025-01-29 11:49:29.250 [error] Error: EEXIST: file already exists, open '/workspace/.vscode-remote/data/User/workspaceStorage/33d31887/vscode.lock'
2025-01-29 11:49:29.257 [info] Lock '/workspace/.vscode-remote/data/User/workspaceStorage/33d31887/vscode.lock': Could not acquire lock, checking if the file is stale.
2025-01-29 11:49:29.258 [info] Lock '/workspace/.vscode-remote/data/User/workspaceStorage/33d31887/vscode.lock': The pid 3201 appears to be gone.
2025-01-29 11:49:29.258 [info] Lock '/workspace/.vscode-remote/data/User/workspaceStorage/33d31887/vscode.lock': Deleting a stale lock.
2025-01-29 11:49:29.264 [info] Lock '/workspace/.vscode-remote/data/User/workspaceStorage/33d31887/vscode.lock': Lock acquired.
2025-01-29 11:49:29.499 [info] ExtensionService#_doActivateExtension gitpod.gitpod-web, startup: false, activationEvent: 'onAuthenticationRequest:gitpod'
2025-01-29 11:49:29.500 [info] ExtensionService#_doActivateExtension vscode.emmet, startup: false, activationEvent: 'onLanguage'
2025-01-29 11:49:30.064 [info] ExtensionService#_doActivateExtension vscode.git-base, startup: true, activationEvent: '*', root cause: vscode.git
2025-01-29 11:49:30.263 [info] ExtensionService#_doActivateExtension vscode.git, startup: true, activationEvent: '*'
2025-01-29 11:49:30.263 [info] ExtensionService#_doActivateExtension vscode.github, startup: true, activationEvent: '*'
2025-01-29 11:49:30.656 [info] Eager extensions activated
2025-01-29 11:49:30.657 [info] ExtensionService#_doActivateExtension vscode.debug-auto-launch, startup: false, activationEvent: 'onStartupFinished'
2025-01-29 11:49:30.657 [info] ExtensionService#_doActivateExtension vscode.merge-conflict, startup: false, activationEvent: 'onStartupFinished'
2025-01-29 11:49:30.657 [info] ExtensionService#_doActivateExtension vscode.github-authentication, startup: false, activationEvent: 'onStartupFinished', root cause: GitHub.vscode-pull-request-github
2025-01-29 11:49:30.940 [info] ExtensionService#_doActivateExtension GitHub.vscode-pull-request-github, startup: false, activationEvent: 'onStartupFinished'
2025-01-29 11:49:31.586 [info] ExtensionService#_doActivateExtension vscode.configuration-editing, startup: false, activationEvent: 'onLanguage:jsonc'
2025-01-29 11:49:31.587 [info] ExtensionService#_doActivateExtension vscode.json-language-features, startup: false, activationEvent: 'onLanguage:jsonc'
2025-01-29 11:49:31.587 [info] ExtensionService#_doActivateExtension vscode.typescript-language-features, startup: false, activationEvent: 'onLanguage:jsonc'
2025-01-29 11:49:51.259 [info] ExtensionService#_doActivateExtension CodeRoad.coderoad, startup: false, activationEvent: 'onCommand:coderoad.start'
2025-01-29 11:54:59.623 [info] ExtensionService#_doActivateExtension vscode.npm, startup: false, activationEvent: 'onTerminalQuickFixRequest:ms-vscode.npm-command'
2025-01-29 12:00:32.334 [error] Error: Command failed: git commit -am 'Save progress: 1390.1'

	at genericNodeError (node:internal/errors:984:15)
	at wrappedFn (node:internal/errors:538:14)
	at ChildProcess.exithandler (node:child_process:422:12)
	at ChildProcess.emit (node:events:518:28)
	at maybeClose (node:internal/child_process:1104:16)
	at ChildProcess._handle.onexit (node:internal/child_process:304:5)
2025-01-29 12:03:50.836 [error] Error: Command failed: git commit -am 'Save progress: 1410.1'

	at genericNodeError (node:internal/errors:984:15)
	at wrappedFn (node:internal/errors:538:14)
	at ChildProcess.exithandler (node:child_process:422:12)
	at ChildProcess.emit (node:events:518:28)
	at maybeClose (node:internal/child_process:1104:16)
	at ChildProcess._handle.onexit (node:internal/child_process:304:5)
2025-01-29 12:05:00.316 [error] Error: Command failed: git commit -am 'Save progress: 1412.1'

	at genericNodeError (node:internal/errors:984:15)
	at wrappedFn (node:internal/errors:538:14)
	at ChildProcess.exithandler (node:child_process:422:12)
	at ChildProcess.emit (node:events:518:28)
	at maybeClose (node:internal/child_process:1104:16)
	at ChildProcess._handle.onexit (node:internal/child_process:304:5)
2025-01-29 12:06:56.776 [error] Error: Command failed: git commit -am 'Save progress: 1413.1'

	at genericNodeError (node:internal/errors:984:15)
	at wrappedFn (node:internal/errors:538:14)
	at ChildProcess.exithandler (node:child_process:422:12)
	at ChildProcess.emit (node:events:518:28)
	at maybeClose (node:internal/child_process:1104:16)
	at ChildProcess._handle.onexit (node:internal/child_process:304:5)
2025-01-29 12:08:48.998 [error] Error: Command failed: git commit -am 'Save progress: 1416.1'

	at genericNodeError (node:internal/errors:984:15)
	at wrappedFn (node:internal/errors:538:14)
	at ChildProcess.exithandler (node:child_process:422:12)
	at ChildProcess.emit (node:events:518:28)
	at maybeClose (node:internal/child_process:1104:16)
	at ChildProcess._handle.onexit (node:internal/child_process:304:5)
2025-01-29 12:11:41.945 [error] Error: Command failed: git commit -am 'Save progress: 1425.1'

	at genericNodeError (node:internal/errors:984:15)
	at wrappedFn (node:internal/errors:538:14)
	at ChildProcess.exithandler (node:child_process:422:12)
	at ChildProcess.emit (node:events:518:28)
	at maybeClose (node:internal/child_process:1104:16)
	at ChildProcess._handle.onexit (node:internal/child_process:304:5)
2025-01-29 12:13:34.707 [error] Error: Command failed: git commit -am 'Save progress: 1450.1'

	at genericNodeError (node:internal/errors:984:15)
	at wrappedFn (node:internal/errors:538:14)
	at ChildProcess.exithandler (node:child_process:422:12)
	at ChildProcess.emit (node:events:518:28)
	at maybeClose (node:internal/child_process:1104:16)
	at ChildProcess._handle.onexit (node:internal/child_process:304:5)
2025-01-29 12:14:15.959 [error] Error: Command failed: git commit -am 'Save progress: 1460.1'

	at genericNodeError (node:internal/errors:984:15)
	at wrappedFn (node:internal/errors:538:14)
	at ChildProcess.exithandler (node:child_process:422:12)
	at ChildProcess.emit (node:events:518:28)
	at maybeClose (node:internal/child_process:1104:16)
	at ChildProcess._handle.onexit (node:internal/child_process:304:5)
2025-01-29 12:17:00.576 [error] Error: Command failed: git commit -am 'Save progress: 1490.1'

	at genericNodeError (node:internal/errors:984:15)
	at wrappedFn (node:internal/errors:538:14)
	at ChildProcess.exithandler (node:child_process:422:12)
	at ChildProcess.emit (node:events:518:28)
	at maybeClose (node:internal/child_process:1104:16)
	at ChildProcess._handle.onexit (node:internal/child_process:304:5)
2025-01-29 12:20:22.557 [info] Extension host terminating: received terminate message from renderer
2025-01-29 12:20:22.557 [info] Lock '/workspace/.vscode-remote/data/User/workspaceStorage/33d31887/vscode.lock': Marking the lockfile as scheduled to be released in 6000 ms.
2025-01-29 12:20:22.580 [error] Canceled: Canceled
	at new PT (file:///ide/out/vs/workbench/api/node/extensionHostProcess.js:32:127613)
	at Ay.U (file:///ide/out/vs/workbench/api/node/extensionHostProcess.js:32:132223)
	at s.<computed>.n.charCodeAt.s.<computed> (file:///ide/out/vs/workbench/api/node/extensionHostProcess.js:32:129717)
	at lw.g (file:///ide/out/vs/workbench/api/node/extensionHostProcess.js:115:32463)
	at lw.executeCommand (file:///ide/out/vs/workbench/api/node/extensionHostProcess.js:115:31967)
	at r.registerCommand.description (file:///ide/out/vs/workbench/api/node/extensionHostProcess.js:115:31297)
	at lw.h (file:///ide/out/vs/workbench/api/node/extensionHostProcess.js:115:32983)
	at lw.g (file:///ide/out/vs/workbench/api/node/extensionHostProcess.js:115:32060)
	at lw.executeCommand (file:///ide/out/vs/workbench/api/node/extensionHostProcess.js:115:31967)
	at Object.executeCommand (file:///ide/out/vs/workbench/api/node/extensionHostProcess.js:157:37484)
	at $h.L [as value] (/ide/extensions/git/dist/main.js:2:975601)
	at P.B (file:///ide/out/vs/workbench/api/node/extensionHostProcess.js:30:746)
	at P.C (file:///ide/out/vs/workbench/api/node/extensionHostProcess.js:30:816)
	at P.fire (file:///ide/out/vs/workbench/api/node/extensionHostProcess.js:30:1033)
	at Object.p [as dispose] (/ide/extensions/git/dist/main.js:2:997158)
	at /ide/extensions/git/dist/main.js:2:1003280
	at Array.forEach (<anonymous>)
	at b.dispose (/ide/extensions/git/dist/main.js:2:1003266)
	at tv.<anonymous> (file:///ide/out/vs/workbench/api/node/extensionHostProcess.js:109:20047)
	at tv.dispose (file:///ide/out/vs/workbench/api/node/extensionHostProcess.js:109:20143)
	at tv.<anonymous> (/ide/extensions/git/dist/main.js:2:978080)
	at tv.dispose (file:///ide/out/vs/workbench/api/node/extensionHostProcess.js:109:20143)
	at ai (file:///ide/out/vs/workbench/api/node/extensionHostProcess.js:25:699)
	at file:///ide/out/vs/workbench/api/node/extensionHostProcess.js:119:14992
	at file:///ide/out/vs/workbench/api/node/extensionHostProcess.js:25:1009
	at Object.dispose (file:///ide/out/vs/workbench/api/node/extensionHostProcess.js:8:705)
	at Vz.eb (file:///ide/out/vs/workbench/api/node/extensionHostProcess.js:119:11919)
	at file:///ide/out/vs/workbench/api/node/extensionHostProcess.js:119:9874
	at Array.map (<anonymous>)
	at Vz.$ (file:///ide/out/vs/workbench/api/node/extensionHostProcess.js:119:9862)
	at Vz.terminate (file:///ide/out/vs/workbench/api/node/extensionHostProcess.js:119:10105)
	at YC.terminate (file:///ide/out/vs/workbench/api/node/extensionHostProcess.js:120:1424)
	at Zi (file:///ide/out/vs/workbench/api/node/extensionHostProcess.js:175:15080)
	at $h.value (file:///ide/out/vs/workbench/api/node/extensionHostProcess.js:175:13241)
	at P.B (file:///ide/out/vs/workbench/api/node/extensionHostProcess.js:30:746)
	at P.fire (file:///ide/out/vs/workbench/api/node/extensionHostProcess.js:30:964)
	at Vn.fire (file:///ide/out/vs/workbench/api/node/extensionHostProcess.js:32:9457)
	at Vm.A (file:///ide/out/vs/workbench/api/node/extensionHostProcess.js:32:12573)
	at $h.value (file:///ide/out/vs/workbench/api/node/extensionHostProcess.js:32:10993)
	at P.B (file:///ide/out/vs/workbench/api/node/extensionHostProcess.js:30:746)
	at P.fire (file:///ide/out/vs/workbench/api/node/extensionHostProcess.js:30:964)
	at n6.acceptChunk (file:///ide/out/vs/workbench/api/node/extensionHostProcess.js:32:7940)
	at $h.value (file:///ide/out/vs/workbench/api/node/extensionHostProcess.js:32:7226)
	at P.B (file:///ide/out/vs/workbench/api/node/extensionHostProcess.js:30:746)
	at P.fire (file:///ide/out/vs/workbench/api/node/extensionHostProcess.js:30:964)
	at wA.z (file:///ide/out/vs/workbench/api/node/extensionHostProcess.js:32:21924) setContext undefined
2025-01-29 12:20:22.581 [error] Canceled: Canceled
	at new PT (file:///ide/out/vs/workbench/api/node/extensionHostProcess.js:32:127613)
	at Ay.U (file:///ide/out/vs/workbench/api/node/extensionHostProcess.js:32:132223)
	at s.<computed>.n.charCodeAt.s.<computed> (file:///ide/out/vs/workbench/api/node/extensionHostProcess.js:32:129717)
	at lw.g (file:///ide/out/vs/workbench/api/node/extensionHostProcess.js:115:32463)
	at lw.executeCommand (file:///ide/out/vs/workbench/api/node/extensionHostProcess.js:115:31967)
	at r.registerCommand.description (file:///ide/out/vs/workbench/api/node/extensionHostProcess.js:115:31297)
	at lw.h (file:///ide/out/vs/workbench/api/node/extensionHostProcess.js:115:32983)
	at lw.g (file:///ide/out/vs/workbench/api/node/extensionHostProcess.js:115:32060)
	at lw.executeCommand (file:///ide/out/vs/workbench/api/node/extensionHostProcess.js:115:31967)
	at Object.executeCommand (file:///ide/out/vs/workbench/api/node/extensionHostProcess.js:157:37484)
	at set hasGitHubRepositories [as hasGitHubRepositories] (/ide/extensions/github/dist/extension.js:2:328633)
	at /ide/extensions/github/dist/extension.js:2:329592
	at $h.value (/ide/extensions/git/dist/main.js:2:1088462)
	at P.B (file:///ide/out/vs/workbench/api/node/extensionHostProcess.js:30:746)
	at P.C (file:///ide/out/vs/workbench/api/node/extensionHostProcess.js:30:816)
	at P.fire (file:///ide/out/vs/workbench/api/node/extensionHostProcess.js:30:1033)
	at Object.p [as dispose] (/ide/extensions/git/dist/main.js:2:997158)
	at /ide/extensions/git/dist/main.js:2:1003280
	at Array.forEach (<anonymous>)
	at b.dispose (/ide/extensions/git/dist/main.js:2:1003266)
	at tv.<anonymous> (file:///ide/out/vs/workbench/api/node/extensionHostProcess.js:109:20047)
	at tv.dispose (file:///ide/out/vs/workbench/api/node/extensionHostProcess.js:109:20143)
	at tv.<anonymous> (/ide/extensions/git/dist/main.js:2:978080)
	at tv.dispose (file:///ide/out/vs/workbench/api/node/extensionHostProcess.js:109:20143)
	at ai (file:///ide/out/vs/workbench/api/node/extensionHostProcess.js:25:699)
	at file:///ide/out/vs/workbench/api/node/extensionHostProcess.js:119:14992
	at file:///ide/out/vs/workbench/api/node/extensionHostProcess.js:25:1009
	at Object.dispose (file:///ide/out/vs/workbench/api/node/extensionHostProcess.js:8:705)
	at Vz.eb (file:///ide/out/vs/workbench/api/node/extensionHostProcess.js:119:11919)
	at file:///ide/out/vs/workbench/api/node/extensionHostProcess.js:119:9874
	at Array.map (<anonymous>)
	at Vz.$ (file:///ide/out/vs/workbench/api/node/extensionHostProcess.js:119:9862)
	at Vz.terminate (file:///ide/out/vs/workbench/api/node/extensionHostProcess.js:119:10105)
	at YC.terminate (file:///ide/out/vs/workbench/api/node/extensionHostProcess.js:120:1424)
	at Zi (file:///ide/out/vs/workbench/api/node/extensionHostProcess.js:175:15080)
	at $h.value (file:///ide/out/vs/workbench/api/node/extensionHostProcess.js:175:13241)
	at P.B (file:///ide/out/vs/workbench/api/node/extensionHostProcess.js:30:746)
	at P.fire (file:///ide/out/vs/workbench/api/node/extensionHostProcess.js:30:964)
	at Vn.fire (file:///ide/out/vs/workbench/api/node/extensionHostProcess.js:32:9457)
	at Vm.A (file:///ide/out/vs/workbench/api/node/extensionHostProcess.js:32:12573)
	at $h.value (file:///ide/out/vs/workbench/api/node/extensionHostProcess.js:32:10993)
	at P.B (file:///ide/out/vs/workbench/api/node/extensionHostProcess.js:30:746)
	at P.fire (file:///ide/out/vs/workbench/api/node/extensionHostProcess.js:30:964)
	at n6.acceptChunk (file:///ide/out/vs/workbench/api/node/extensionHostProcess.js:32:7940)
	at $h.value (file:///ide/out/vs/workbench/api/node/extensionHostProcess.js:32:7226)
	at P.B (file:///ide/out/vs/workbench/api/node/extensionHostProcess.js:30:746)
	at P.fire (file:///ide/out/vs/workbench/api/node/extensionHostProcess.js:30:964)
	at wA.z (file:///ide/out/vs/workbench/api/node/extensionHostProcess.js:32:21924) setContext undefined
2025-01-29 12:20:22.584 [error] Canceled: Canceled
	at new PT (file:///ide/out/vs/workbench/api/node/extensionHostProcess.js:32:127613)
	at Ay.U (file:///ide/out/vs/workbench/api/node/extensionHostProcess.js:32:132223)
	at s.<computed>.n.charCodeAt.s.<computed> (file:///ide/out/vs/workbench/api/node/extensionHostProcess.js:32:129717)
	at lw.g (file:///ide/out/vs/workbench/api/node/extensionHostProcess.js:115:32463)
	at lw.executeCommand (file:///ide/out/vs/workbench/api/node/extensionHostProcess.js:115:31967)
	at r.registerCommand.description (file:///ide/out/vs/workbench/api/node/extensionHostProcess.js:115:31297)
	at lw.h (file:///ide/out/vs/workbench/api/node/extensionHostProcess.js:115:32983)
	at lw.g (file:///ide/out/vs/workbench/api/node/extensionHostProcess.js:115:32060)
	at lw.executeCommand (file:///ide/out/vs/workbench/api/node/extensionHostProcess.js:115:31967)
	at Object.executeCommand (file:///ide/out/vs/workbench/api/node/extensionHostProcess.js:157:37484)
	at e (/workspace/.vscode-remote/extensions/github.vscode-pull-request-github-0.102.0-universal/dist/extension.js:2138:2059)
	at Object.i [as setContext] (/workspace/.vscode-remote/extensions/github.vscode-pull-request-github-0.102.0-universal/dist/extension.js:2138:2174)
	at Gm.updateActiveReviewCount (/workspace/.vscode-remote/extensions/github.vscode-pull-request-github-0.102.0-universal/dist/extension.js:2214:23876)
	at Gm.removeRepo (/workspace/.vscode-remote/extensions/github.vscode-pull-request-github-0.102.0-universal/dist/extension.js:2214:25061)
	at $h.value (/workspace/.vscode-remote/extensions/github.vscode-pull-request-github-0.102.0-universal/dist/extension.js:2546:4266)
	at P.B (file:///ide/out/vs/workbench/api/node/extensionHostProcess.js:30:746)
	at P.C (file:///ide/out/vs/workbench/api/node/extensionHostProcess.js:30:816)
	at P.fire (file:///ide/out/vs/workbench/api/node/extensionHostProcess.js:30:1033)
	at $h.value (/workspace/.vscode-remote/extensions/github.vscode-pull-request-github-0.102.0-universal/dist/extension.js:2105:444616)
	at P.B (file:///ide/out/vs/workbench/api/node/extensionHostProcess.js:30:746)
	at P.fire (file:///ide/out/vs/workbench/api/node/extensionHostProcess.js:30:964)
	at /workspace/.vscode-remote/extensions/github.vscode-pull-request-github-0.102.0-universal/dist/extension.js:2214:28821
	at $h.value (/ide/extensions/git/dist/main.js:2:1088462)
	at P.B (file:///ide/out/vs/workbench/api/node/extensionHostProcess.js:30:746)
	at P.C (file:///ide/out/vs/workbench/api/node/extensionHostProcess.js:30:816)
	at P.fire (file:///ide/out/vs/workbench/api/node/extensionHostProcess.js:30:1033)
	at Object.p [as dispose] (/ide/extensions/git/dist/main.js:2:997158)
	at /ide/extensions/git/dist/main.js:2:1003280
	at Array.forEach (<anonymous>)
	at b.dispose (/ide/extensions/git/dist/main.js:2:1003266)
	at tv.<anonymous> (file:///ide/out/vs/workbench/api/node/extensionHostProcess.js:109:20047)
	at tv.dispose (file:///ide/out/vs/workbench/api/node/extensionHostProcess.js:109:20143)
	at tv.<anonymous> (/ide/extensions/git/dist/main.js:2:978080)
	at tv.dispose (file:///ide/out/vs/workbench/api/node/extensionHostProcess.js:109:20143)
	at ai (file:///ide/out/vs/workbench/api/node/extensionHostProcess.js:25:699)
	at file:///ide/out/vs/workbench/api/node/extensionHostProcess.js:119:14992
	at file:///ide/out/vs/workbench/api/node/extensionHostProcess.js:25:1009
	at Object.dispose (file:///ide/out/vs/workbench/api/node/extensionHostProcess.js:8:705)
	at Vz.eb (file:///ide/out/vs/workbench/api/node/extensionHostProcess.js:119:11919)
	at file:///ide/out/vs/workbench/api/node/extensionHostProcess.js:119:9874
	at Array.map (<anonymous>)
	at Vz.$ (file:///ide/out/vs/workbench/api/node/extensionHostProcess.js:119:9862)
	at Vz.terminate (file:///ide/out/vs/workbench/api/node/extensionHostProcess.js:119:10105)
	at YC.terminate (file:///ide/out/vs/workbench/api/node/extensionHostProcess.js:120:1424)
	at Zi (file:///ide/out/vs/workbench/api/node/extensionHostProcess.js:175:15080)
	at $h.value (file:///ide/out/vs/workbench/api/node/extensionHostProcess.js:175:13241)
	at P.B (file:///ide/out/vs/workbench/api/node/extensionHostProcess.js:30:746)
	at P.fire (file:///ide/out/vs/workbench/api/node/extensionHostProcess.js:30:964)
	at Vn.fire (file:///ide/out/vs/workbench/api/node/extensionHostProcess.js:32:9457)
	at Vm.A (file:///ide/out/vs/workbench/api/node/extensionHostProcess.js:32:12573)
	at $h.value (file:///ide/out/vs/workbench/api/node/extensionHostProcess.js:32:10993)
	at P.B (file:///ide/out/vs/workbench/api/node/extensionHostProcess.js:30:746)
	at P.fire (file:///ide/out/vs/workbench/api/node/extensionHostProcess.js:30:964)
	at n6.acceptChunk (file:///ide/out/vs/workbench/api/node/extensionHostProcess.js:32:7940)
	at $h.value (file:///ide/out/vs/workbench/api/node/extensionHostProcess.js:32:7226)
	at P.B (file:///ide/out/vs/workbench/api/node/extensionHostProcess.js:30:746)
	at P.fire (file:///ide/out/vs/workbench/api/node/extensionHostProcess.js:30:964)
	at wA.z (file:///ide/out/vs/workbench/api/node/extensionHostProcess.js:32:21924) setContext undefined
2025-01-29 12:20:22.584 [error] Canceled: Canceled
	at new PT (file:///ide/out/vs/workbench/api/node/extensionHostProcess.js:32:127613)
	at Ay.U (file:///ide/out/vs/workbench/api/node/extensionHostProcess.js:32:132223)
	at s.<computed>.n.charCodeAt.s.<computed> (file:///ide/out/vs/workbench/api/node/extensionHostProcess.js:32:129717)
	at lw.g (file:///ide/out/vs/workbench/api/node/extensionHostProcess.js:115:32463)
	at lw.executeCommand (file:///ide/out/vs/workbench/api/node/extensionHostProcess.js:115:31967)
	at r.registerCommand.description (file:///ide/out/vs/workbench/api/node/extensionHostProcess.js:115:31297)
	at lw.h (file:///ide/out/vs/workbench/api/node/extensionHostProcess.js:115:32983)
	at lw.g (file:///ide/out/vs/workbench/api/node/extensionHostProcess.js:115:32060)
	at lw.executeCommand (file:///ide/out/vs/workbench/api/node/extensionHostProcess.js:115:31967)
	at Object.executeCommand (file:///ide/out/vs/workbench/api/node/extensionHostProcess.js:157:37484)
	at e (/workspace/.vscode-remote/extensions/github.vscode-pull-request-github-0.102.0-universal/dist/extension.js:2138:2059)
	at Object.i [as setContext] (/workspace/.vscode-remote/extensions/github.vscode-pull-request-github-0.102.0-universal/dist/extension.js:2138:2174)
	at Yh.setReviewModeContexts (/workspace/.vscode-remote/extensions/github.vscode-pull-request-github-0.102.0-universal/dist/extension.js:2533:18902)
	at Yh.removePrFromView (/workspace/.vscode-remote/extensions/github.vscode-pull-request-github-0.102.0-universal/dist/extension.js:2533:19529)
	at vf.clear (/workspace/.vscode-remote/extensions/github.vscode-pull-request-github-0.102.0-universal/dist/extension.js:2195:10444)
	at vf.dispose (/workspace/.vscode-remote/extensions/github.vscode-pull-request-github-0.102.0-universal/dist/extension.js:2197:188)
	at rf.removeReviewManager (/workspace/.vscode-remote/extensions/github.vscode-pull-request-github-0.102.0-universal/dist/extension.js:2533:50497)
	at $h.value (/workspace/.vscode-remote/extensions/github.vscode-pull-request-github-0.102.0-universal/dist/extension.js:2546:4283)
	at P.B (file:///ide/out/vs/workbench/api/node/extensionHostProcess.js:30:746)
	at P.C (file:///ide/out/vs/workbench/api/node/extensionHostProcess.js:30:816)
	at P.fire (file:///ide/out/vs/workbench/api/node/extensionHostProcess.js:30:1033)
	at $h.value (/workspace/.vscode-remote/extensions/github.vscode-pull-request-github-0.102.0-universal/dist/extension.js:2105:444616)
	at P.B (file:///ide/out/vs/workbench/api/node/extensionHostProcess.js:30:746)
	at P.fire (file:///ide/out/vs/workbench/api/node/extensionHostProcess.js:30:964)
	at /workspace/.vscode-remote/extensions/github.vscode-pull-request-github-0.102.0-universal/dist/extension.js:2214:28821
	at $h.value (/ide/extensions/git/dist/main.js:2:1088462)
	at P.B (file:///ide/out/vs/workbench/api/node/extensionHostProcess.js:30:746)
	at P.C (file:///ide/out/vs/workbench/api/node/extensionHostProcess.js:30:816)
	at P.fire (file:///ide/out/vs/workbench/api/node/extensionHostProcess.js:30:1033)
	at Object.p [as dispose] (/ide/extensions/git/dist/main.js:2:997158)
	at /ide/extensions/git/dist/main.js:2:1003280
	at Array.forEach (<anonymous>)
	at b.dispose (/ide/extensions/git/dist/main.js:2:1003266)
	at tv.<anonymous> (file:///ide/out/vs/workbench/api/node/extensionHostProcess.js:109:20047)
	at tv.dispose (file:///ide/out/vs/workbench/api/node/extensionHostProcess.js:109:20143)
	at tv.<anonymous> (/ide/extensions/git/dist/main.js:2:978080)
	at tv.dispose (file:///ide/out/vs/workbench/api/node/extensionHostProcess.js:109:20143)
	at ai (file:///ide/out/vs/workbench/api/node/extensionHostProcess.js:25:699)
	at file:///ide/out/vs/workbench/api/node/extensionHostProcess.js:119:14992
	at file:///ide/out/vs/workbench/api/node/extensionHostProcess.js:25:1009
	at Object.dispose (file:///ide/out/vs/workbench/api/node/extensionHostProcess.js:8:705)
	at Vz.eb (file:///ide/out/vs/workbench/api/node/extensionHostProcess.js:119:11919)
	at file:///ide/out/vs/workbench/api/node/extensionHostProcess.js:119:9874
	at Array.map (<anonymous>)
	at Vz.$ (file:///ide/out/vs/workbench/api/node/extensionHostProcess.js:119:9862)
	at Vz.terminate (file:///ide/out/vs/workbench/api/node/extensionHostProcess.js:119:10105)
	at YC.terminate (file:///ide/out/vs/workbench/api/node/extensionHostProcess.js:120:1424)
	at Zi (file:///ide/out/vs/workbench/api/node/extensionHostProcess.js:175:15080)
	at $h.value (file:///ide/out/vs/workbench/api/node/extensionHostProcess.js:175:13241)
	at P.B (file:///ide/out/vs/workbench/api/node/extensionHostProcess.js:30:746)
	at P.fire (file:///ide/out/vs/workbench/api/node/extensionHostProcess.js:30:964)
	at Vn.fire (file:///ide/out/vs/workbench/api/node/extensionHostProcess.js:32:9457)
	at Vm.A (file:///ide/out/vs/workbench/api/node/extensionHostProcess.js:32:12573)
	at $h.value (file:///ide/out/vs/workbench/api/node/extensionHostProcess.js:32:10993)
	at P.B (file:///ide/out/vs/workbench/api/node/extensionHostProcess.js:30:746)
	at P.fire (file:///ide/out/vs/workbench/api/node/extensionHostProcess.js:30:964)
	at n6.acceptChunk (file:///ide/out/vs/workbench/api/node/extensionHostProcess.js:32:7940)
	at $h.value (file:///ide/out/vs/workbench/api/node/extensionHostProcess.js:32:7226)
	at P.B (file:///ide/out/vs/workbench/api/node/extensionHostProcess.js:30:746)
	at P.fire (file:///ide/out/vs/workbench/api/node/extensionHostProcess.js:30:964)
	at wA.z (file:///ide/out/vs/workbench/api/node/extensionHostProcess.js:32:21924) setContext undefined
2025-01-29 12:20:22.587 [info] Extension host with pid 124 exiting with code 0
