coderoad v0.19.4
STATE: "Setup.Startup"
ROUTE: "Setup.Startup": On level unknown, step unknown
EDITOR_STARTUP
Continuing tutorial from progress: level 1270 step 1270.1
LOAD_STORED_TUTORIAL
EDITOR_TUTORIAL_CONTINUE_CONFIG
Tutorial: Learn Bash Scripting by Building Five Programs (2.0.0)
Command: ./.freeCodeCamp/setup.sh
COMMAND_START
Calling command: ./.freeCodeCamp/setup.sh
EDITOR_LEVEL_ENTER
EDITOR_STEP_ENTER
STATE: "Tutorial.Level.Load"
ROUTE: "Tutorial.Level.Load": On level 1270, step 1270.1
STATE: "Tutorial.Level.Normal"
ROUTE: "Tutorial.Level.Normal": On level 1270, step 1270.1
Calling command: git log -n 1 --pretty=format:%s 3450bdac3e3f4298714e1e1515a2e87ccd117fed
Calling command: git log -g --grep='1270.1'
------------------- RUN TEST -------------------
START_TEST
COMMAND: npm run programmatic-test --reporter=mocha-tap-reporter
Calling command: npm run programmatic-test --reporter=mocha-tap-reporter
Command output: 
COMMAND_SUCCESS
Command: ./.freeCodeCamp/reset.sh
COMMAND_START
Calling command: ./.freeCodeCamp/reset.sh
Command output: 
COMMAND_SUCCESS
STATE: "Tutorial.Level.Normal"
ROUTE: "Tutorial.Level.Normal": On level 1270, step 1270.1
STATE: "Tutorial.Level.TestRunning"
ROUTE: "Tutorial.Level.TestRunning": On level 1270, step 1270.1
STATE: "Tutorial.Level.TestRunning"
ROUTE: "Tutorial.Level.TestRunning": On level 1270, step 1270.1
STATE: "Tutorial.Level.TestRunning"
ROUTE: "Tutorial.Level.TestRunning": On level 1270, step 1270.1
STATE: "Tutorial.Level.TestRunning"
ROUTE: "Tutorial.Level.TestRunning": On level 1270, step 1270.1
---------------- TEST RESULTS -----------------
TEST_FAIL
STATE: "Tutorial.Level.Normal"
ROUTE: "Tutorial.Level.Normal": On level 1270, step 1270.1
------------------- RUN TEST -------------------
START_TEST
COMMAND: npm run programmatic-test --reporter=mocha-tap-reporter
Calling command: npm run programmatic-test --reporter=mocha-tap-reporter
STATE: "Tutorial.Level.TestRunning"
ROUTE: "Tutorial.Level.TestRunning": On level 1270, step 1270.1
---------------- TEST RESULTS -----------------
Test pass position: {"stepId":"1270.1","levelId":"1270","complete":false}
TEST_PASS
updateStepPosition: {"type":"TEST_PASS","payload":{"position":{"stepId":"1270.1","levelId":"1270","complete":true}},"source":"coderoad"})
EDITOR_STEP_COMPLETE
Calling command: git commit -am 'Save progress: 1270.1'
STATE: "Tutorial.Level.StepNext"
ROUTE: "Tutorial.Level.StepNext": Completed level 1270, step 1270.1
EDITOR_LEVEL_COMPLETE
STATE: "Tutorial.Level.LevelComplete"
ROUTE: "Tutorial.Level.LevelComplete": Completed level 1270, step 1270.1
Commit saved: [main ae79a81] Save progress: 1270.1
 228 files changed, 34 insertions(+)
 mode change 100644 => 100755 .freeCodeCamp/.bashrc
 mode change 100644 => 100755 .freeCodeCamp/.mocharc.json
 mode change 100644 => 100755 .freeCodeCamp/package-lock.json
 mode change 100644 => 100755 .freeCodeCamp/package.json
 mode change 100644 => 100755 .freeCodeCamp/test/.cwd
 mode change 100644 => 100755 .freeCodeCamp/test/.next_command
 mode change 100644 => 100755 .freeCodeCamp/test/10.test.js
 mode change 100644 => 100755 .freeCodeCamp/test/100.test.js
 mode change 100644 => 100755 .freeCodeCamp/test/1000.test.js
 mode change 100644 => 100755 .freeCodeCamp/test/1010.test.js
 mode change 100644 => 100755 .freeCodeCamp/test/1020.test.js
 mode change 100644 => 100755 .freeCodeCamp/test/1030.test.js
 mode change 100644 => 100755 .freeCodeCamp/test/1040.test.js
 mode change 100644 => 100755 .freeCodeCamp/test/1050.test.js
 mode change 100644 => 100755 .freeCodeCamp/test/1060.test.js
 mode change 100644 => 100755 .freeCodeCamp/test/1070.test.js
 mode change 100644 => 100755 .freeCodeCamp/test/1080.test.js
 mode change 100644 => 100755 .freeCodeCamp/test/1090.test.js
 mode change 100644 => 100755 .freeCodeCamp/test/110.test.js
 mode change 100644 => 100755 .freeCodeCamp/test/1100.test.js
 mode change 100644 => 100755 .freeCodeCamp/test/1110.test.js
 mode change 100644 => 100755 .freeCodeCamp/test/1120.test.js
 mode change 100644 => 100755 .freeCodeCamp/test/1130.test.js
 mode change 100644 => 100755 .freeCodeCamp/test/1140.test.js
 mode change 100644 => 100755 .freeCodeCamp/test/1150.test.js
 mode change 100644 => 100755 .freeCodeCamp/test/1160.test.js
 mode change 100644 => 100755 .freeCodeCamp/test/1170.test.js
 mode change 100644 => 100755 .freeCodeCamp/test/1180.test.js
 mode change 100644 => 100755 .freeCodeCamp/test/1190.test.js
 mode change 100644 => 100755 .freeCodeCamp/test/1200.test.js
 mode change 100644 => 100755 .freeCodeCamp/test/1210.test.js
 mode change 100644 => 100755 .freeCodeCamp/test/1220.test.js
 mode change 100644 => 100755 .freeCodeCamp/test/1230.test.js
 mode change 100644 => 100755 .freeCodeCamp/test/1240.test.js
 mode change 100644 => 100755 .freeCodeCamp/test/1250.test.js
 mode change 100644 => 100755 .freeCodeCamp/test/1260.test.js
 mode change 100644 => 100755 .freeCodeCamp/test/1270.test.js
 mode change 100644 => 100755 .freeCodeCamp/test/1280.test.js
 mode change 100644 => 100755 .freeCodeCamp/test/1290.test.js
 mode change 100644 => 100755 .freeCodeCamp/test/1300.test.js
 mode change 100644 => 100755 .freeCodeCamp/test/1310.test.js
 mode change 100644 => 100755 .freeCodeCamp/test/1320.test.js
 mode change 100644 => 100755 .freeCodeCamp/test/1330.test.js
 mode change 100644 => 100755 .freeCodeCamp/test/1340.test.js
 mode change 100644 => 100755 .freeCodeCamp/test/1350.test.js
 mode change 100644 => 100755 .freeCodeCamp/test/1360.test.js
 mode change 100644 => 100755 .freeCodeCamp/test/1370.test.js
 mode change 100644 => 100755 .freeCodeCamp/test/1380.test.js
 mode change 100644 => 100755 .freeCodeCamp/test/1385.test.js
 mode change 100644 => 100755 .freeCodeCamp/test/1390.test.js
 mode change 100644 => 100755 .freeCodeCamp/test/140.test.js
 mode change 100644 => 100755 .freeCodeCamp/test/1400.test.js
 mode change 100644 => 100755 .freeCodeCamp/test/1410.test.js
 mode change 100644 => 100755 .freeCodeCamp/test/1412.test.js
 mode change 100644 => 100755 .freeCodeCamp/test/1413.test.js
 mode change 100644 => 100755 .freeCodeCamp/test/1416.test.js
 mode change 100644 => 100755 .freeCodeCamp/test/1420.test.js
 mode change 100644 => 100755 .freeCodeCamp/test/1425.test.js
 mode change 100644 => 100755 .freeCodeCamp/test/1428.test.js
 mode change 100644 => 100755 .freeCodeCamp/test/1430.test.js
 mode change 100644 => 100755 .freeCodeCamp/test/1440.test.js
 mode change 100644 => 100755 .freeCodeCamp/test/1450.test.js
 mode change 100644 => 100755 .freeCodeCamp/test/1460.test.js
 mode change 100644 => 100755 .freeCodeCamp/test/1470.test.js
 mode change 100644 => 100755 .freeCodeCamp/test/1480.test.js
 mode change 100644 => 100755 .freeCodeCamp/test/1490.test.js
 mode change 100644 => 100755 .freeCodeCamp/test/150.test.js
 mode change 100644 => 100755 .freeCodeCamp/test/1500.test.js
 mode change 100644 => 100755 .freeCodeCamp/test/1510.test.js
 mode change 100644 => 100755 .freeCodeCamp/test/1520.test.js
 mode change 100644 => 100755 .freeCodeCamp/test/1530.test.js
 mode change 100644 => 100755 .freeCodeCamp/test/1540.test.js
 mode change 100644 => 100755 .freeCodeCamp/test/1550.test.js
 mode change 100644 => 100755 .freeCodeCamp/test/1560.test.js
 mode change 100644 => 100755 .freeCodeCamp/test/1570.test.js
 mode change 100644 => 100755 .freeCodeCamp/test/1580.test.js
 mode change 100644 => 100755 .freeCodeCamp/test/1590.test.js
 mode change 100644 => 100755 .freeCodeCamp/test/160.test.js
 mode change 100644 => 100755 .freeCodeCamp/test/1600.test.js
 mode change 100644 => 100755 .freeCodeCamp/test/1610.test.js
 mode change 100644 => 100755 .freeCodeCamp/test/170.test.js
 mode change 100644 => 100755 .freeCodeCamp/test/180.test.js
 mode change 100644 => 100755 .freeCodeCamp/test/190.test.js
 mode change 100644 => 100755 .freeCodeCamp/test/20.test.js
 mode change 100644 => 100755 .freeCodeCamp/test/200.test.js
 mode change 100644 => 100755 .freeCodeCamp/test/210.test.js
 mode change 100644 => 100755 .freeCodeCamp/test/220.test.js
 mode change 100644 => 100755 .freeCodeCamp/test/230.test.js
 mode change 100644 => 100755 .freeCodeCamp/test/240.test.js
 mode change 100644 => 100755 .freeCodeCamp/test/250.test.js
 mode change 100644 => 100755 .freeCodeCamp/test/260.test.js
 mode change 100644 => 100755 .freeCodeCamp/test/270.test.js
 mode change 100644 => 100755 .freeCodeCamp/test/280.test.js
 mode change 100644 => 100755 .freeCodeCamp/test/290.test.js
 mode change 100644 => 100755 .freeCodeCamp/test/30.test.js
 mode change 100644 => 100755 .freeCodeCamp/test/300.test.js
 mode change 100644 => 100755 .freeCodeCamp/test/310.test.js
 mode change 100644 => 100755 .freeCodeCamp/test/320.test.js
 mode change 100644 => 100755 .freeCodeCamp/test/323.test.js
 mode change 100644 => 100755 .freeCodeCamp/test/326.test.js
 mode change 100644 => 100755 .freeCodeCamp/test/330.test.js
 mode change 100644 => 100755 .freeCodeCamp/test/340.test.js
 mode change 100644 => 100755 .freeCodeCamp/test/345.test.js
 mode change 100644 => 100755 .freeCodeCamp/test/35.test.js
 mode change 100644 => 100755 .freeCodeCamp/test/350.test.js
 mode change 100644 => 100755 .freeCodeCamp/test/360.test.js
 mode change 100644 => 100755 .freeCodeCamp/test/363.test.js
 mode change 100644 => 100755 .freeCodeCamp/test/366.test.js
 mode change 100644 => 100755 .freeCodeCamp/test/370.test.js
 mode change 100644 => 100755 .freeCodeCamp/test/380.test.js
 mode change 100644 => 100755 .freeCodeCamp/test/390.test.js
 mode change 100644 => 100755 .freeCodeCamp/test/40.test.js
 mode change 100644 => 100755 .freeCodeCamp/test/400.test.js
 mode change 100644 => 100755 .freeCodeCamp/test/410.test.js
 mode change 100644 => 100755 .freeCodeCamp/test/420.test.js
 mode change 100644 => 100755 .freeCodeCamp/test/425.test.js
 mode change 100644 => 100755 .freeCodeCamp/test/430.test.js
 mode change 100644 => 100755 .freeCodeCamp/test/440.test.js
 mode change 100644 => 100755 .freeCodeCamp/test/450.test.js
 mode change 100644 => 100755 .freeCodeCamp/test/460.test.js
 mode change 100644 => 100755 .freeCodeCamp/test/470.test.js
 mode change 100644 => 100755 .freeCodeCamp/test/480.test.js
 mode change 100644 => 100755 .freeCodeCamp/test/490.test.js
 mode change 100644 => 100755 .freeCodeCamp/test/50.test.js
 mode change 100644 => 100755 .freeCodeCamp/test/500.test.js
 mode change 100644 => 100755 .freeCodeCamp/test/505.test.js
 mode change 100644 => 100755 .freeCodeCamp/test/510.test.js
 mode change 100644 => 100755 .freeCodeCamp/test/520.test.js
 mode change 100644 => 100755 .freeCodeCamp/test/530.test.js
 mode change 100644 => 100755 .freeCodeCamp/test/540.test.js
 mode change 100644 => 100755 .freeCodeCamp/test/542.test.js
 mode change 100644 => 100755 .freeCodeCamp/test/544.test.js
 mode change 100644 => 100755 .freeCodeCamp/test/546.test.js
 mode change 100644 => 100755 .freeCodeCamp/test/548.test.js
 mode change 100644 => 100755 .freeCodeCamp/test/550.test.js
 mode change 100644 => 100755 .freeCodeCamp/test/552.test.js
 mode change 100644 => 100755 .freeCodeCamp/test/554.test.js
 mode change 100644 => 100755 .freeCodeCamp/test/556.test.js
 mode change 100644 => 100755 .freeCodeCamp/test/558.test.js
 mode change 100644 => 100755 .freeCodeCamp/test/560.test.js
 mode change 100644 => 100755 .freeCodeCamp/test/562.test.js
 mode change 100644 => 100755 .freeCodeCamp/test/564.test.js
 mode change 100644 => 100755 .freeCodeCamp/test/566.test.js
 mode change 100644 => 100755 .freeCodeCamp/test/568.test.js
 mode change 100644 => 100755 .freeCodeCamp/test/570.test.js
 mode change 100644 => 100755 .freeCodeCamp/test/572.test.js
 mode change 100644 => 100755 .freeCodeCamp/test/574.test.js
 mode change 100644 => 100755 .freeCodeCamp/test/575.test.js
 mode change 100644 => 100755 .freeCodeCamp/test/576.test.js
 mode change 100644 => 100755 .freeCodeCamp/test/582.test.js
 mode change 100644 => 100755 .freeCodeCamp/test/584.test.js
 mode change 100644 => 100755 .freeCodeCamp/test/586.test.js
 mode change 100644 => 100755 .freeCodeCamp/test/588.test.js
 mode change 100644 => 100755 .freeCodeCamp/test/590.test.js
 mode change 100644 => 100755 .freeCodeCamp/test/60.test.js
 mode change 100644 => 100755 .freeCodeCamp/test/600.test.js
 mode change 100644 => 100755 .freeCodeCamp/test/610.test.js
 mode change 100644 => 100755 .freeCodeCamp/test/615.test.js
 mode change 100644 => 100755 .freeCodeCamp/test/620.test.js
 mode change 100644 => 100755 .freeCodeCamp/test/630.test.js
 mode change 100644 => 100755 .freeCodeCamp/test/640.test.js
 mode change 100644 => 100755 .freeCodeCamp/test/650.test.js
 mode change 100644 => 100755 .freeCodeCamp/test/660.test.js
 mode change 100644 => 100755 .freeCodeCamp/test/670.test.js
 mode change 100644 => 100755 .freeCodeCamp/test/675.test.js
 mode change 100644 => 100755 .freeCodeCamp/test/680.test.js
 mode change 100644 => 100755 .freeCodeCamp/test/690.test.js
 mode change 100644 => 100755 .freeCodeCamp/test/692.test.js
 mode change 100644 => 100755 .freeCodeCamp/test/694.test.js
 mode change 100644 => 100755 .freeCodeCamp/test/696.test.js
 mode change 100644 => 100755 .freeCodeCamp/test/698.test.js
 mode change 100644 => 100755 .freeCodeCamp/test/70.test.js
 mode change 100644 => 100755 .freeCodeCamp/test/700.test.js
 mode change 100644 => 100755 .freeCodeCamp/test/710.test.js
 mode change 100644 => 100755 .freeCodeCamp/test/730.test.js
 mode change 100644 => 100755 .freeCodeCamp/test/740.test.js
 mode change 100644 => 100755 .freeCodeCamp/test/750.test.js
 mode change 100644 => 100755 .freeCodeCamp/test/760.test.js
 mode change 100644 => 100755 .freeCodeCamp/test/770.test.js
 mode change 100644 => 100755 .freeCodeCamp/test/780.test.js
 mode change 100644 => 100755 .freeCodeCamp/test/790.test.js
 mode change 100644 => 100755 .freeCodeCamp/test/80.test.js
 mode change 100644 => 100755 .freeCodeCamp/test/800.test.js
 mode change 100644 => 100755 .freeCodeCamp/test/810.test.js
 mode change 100644 => 100755 .freeCodeCamp/test/815.test.js
 mode change 100644 => 100755 .freeCodeCamp/test/817.test.js
 mode change 100644 => 100755 .freeCodeCamp/test/818.test.js
 mode change 100644 => 100755 .freeCodeCamp/test/819.test.js
 mode change 100644 => 100755 .freeCodeCamp/test/820.test.js
 mode change 100644 => 100755 .freeCodeCamp/test/822.test.js
 mode change 100644 => 100755 .freeCodeCamp/test/824.test.js
 mode change 100644 => 100755 .freeCodeCamp/test/826.test.js
 mode change 100644 => 100755 .freeCodeCamp/test/828.test.js
 mode change 100644 => 100755 .freeCodeCamp/test/830.test.js
 mode change 100644 => 100755 .freeCodeCamp/test/835.test.js
 mode change 100644 => 100755 .freeCodeCamp/test/840.test.js
 mode change 100644 => 100755 .freeCodeCamp/test/881.test.js
 mode change 100644 => 100755 .freeCodeCamp/test/884.test.js
 mode change 100644 => 100755 .freeCodeCamp/test/887.test.js
 mode change 100644 => 100755 .freeCodeCamp/test/890.test.js
 mode change 100644 => 100755 .freeCodeCamp/test/891.test.js
 mode change 100644 => 100755 .freeCodeCamp/test/893.test.js
 mode change 100644 => 100755 .freeCodeCamp/test/896.test.js
 mode change 100644 => 100755 .freeCodeCamp/test/897.test.js
 mode change 100644 => 100755 .freeCodeCamp/test/899.test.js
 mode change 100644 => 100755 .freeCodeCamp/test/90.test.js
 mode change 100644 => 100755 .freeCodeCamp/test/902.test.js
 mode change 100644 => 100755 .freeCodeCamp/test/905.test.js
 mode change 100644 => 100755 .freeCodeCamp/test/908.test.js
 mode change 100644 => 100755 .freeCodeCamp/test/911.test.js
 mode change 100644 => 100755 .freeCodeCamp/test/912.test.js
 mode change 100644 => 100755 .freeCodeCamp/test/913.test.js
 mode change 100644 => 100755 .freeCodeCamp/test/914.test.js
 mode change 100644 => 100755 .freeCodeCamp/test/916.test.js
 mode change 100644 => 100755 .freeCodeCamp/test/918.test.js
 mode change 100644 => 100755 .freeCodeCamp/test/920.test.js
 mode change 100644 => 100755 .freeCodeCamp/test/928.test.js
 mode change 100644 => 100755 .freeCodeCamp/test/930.test.js
 mode change 100644 => 100755 .freeCodeCamp/test/940.test.js
 mode change 100644 => 100755 .freeCodeCamp/test/945.test.js
 mode change 100644 => 100755 .freeCodeCamp/test/950.test.js
 mode change 100644 => 100755 .freeCodeCamp/test/960.test.js
 mode change 100644 => 100755 .freeCodeCamp/test/970.test.js
 mode change 100644 => 100755 .freeCodeCamp/test/980.test.js
 mode change 100644 => 100755 .freeCodeCamp/test/990.test.js
 mode change 100644 => 100755 .freeCodeCamp/test/utils.js
 mode change 100644 => 100755 .gitignore
 mode change 100644 => 100755 .vscode/settings.json

EDITOR_SYNC_POSITION
EDITOR_LEVEL_ENTER
EDITOR_STEP_ENTER
STATE: "Tutorial.Level.Normal"
ROUTE: "Tutorial.Level.Normal": On level 1280, step 1280.1
Calling command: git log -n 1 --pretty=format:%s 814637db4fce7bf27982fbcdd15716e22cf0315a
Calling command: git log -g --grep='1280.1'
Calling command: git cherry-pick -X theirs 814637db4fce7bf27982fbcdd15716e22cf0315a
------------------- RUN TEST -------------------
START_TEST
COMMAND: npm run programmatic-test --reporter=mocha-tap-reporter
Calling command: npm run programmatic-test --reporter=mocha-tap-reporter
STATE: "Tutorial.Level.TestRunning"
ROUTE: "Tutorial.Level.TestRunning": On level 1280, step 1280.1
---------------- TEST RESULTS -----------------
Test pass position: {"stepId":"1280.1","levelId":"1280","complete":false}
TEST_PASS
updateStepPosition: {"type":"TEST_PASS","payload":{"position":{"stepId":"1280.1","levelId":"1280","complete":true}},"source":"coderoad"})
EDITOR_STEP_COMPLETE
Calling command: git commit -am 'Save progress: 1280.1'
STATE: "Tutorial.Level.StepNext"
ROUTE: "Tutorial.Level.StepNext": Completed level 1280, step 1280.1
EDITOR_LEVEL_COMPLETE
STATE: "Tutorial.Level.LevelComplete"
ROUTE: "Tutorial.Level.LevelComplete": Completed level 1280, step 1280.1
Commit saved: [main 992196e] Save progress: 1280.1
 2 files changed, 2 insertions(+)

EDITOR_SYNC_POSITION
EDITOR_LEVEL_ENTER
EDITOR_STEP_ENTER
STATE: "Tutorial.Level.Normal"
ROUTE: "Tutorial.Level.Normal": On level 1290, step 1290.1
Calling command: git log -n 1 --pretty=format:%s 8746c43c0f46fc59342bbf0be0269733a60fab78
Calling command: git log -g --grep='1290.1'
Calling command: git cherry-pick -X theirs 8746c43c0f46fc59342bbf0be0269733a60fab78
------------------- RUN TEST -------------------
START_TEST
COMMAND: npm run programmatic-test --reporter=mocha-tap-reporter
Calling command: npm run programmatic-test --reporter=mocha-tap-reporter
STATE: "Tutorial.Level.TestRunning"
ROUTE: "Tutorial.Level.TestRunning": On level 1290, step 1290.1
---------------- TEST RESULTS -----------------
TEST_FAIL
STATE: "Tutorial.Level.Normal"
ROUTE: "Tutorial.Level.Normal": On level 1290, step 1290.1
------------------- RUN TEST -------------------
START_TEST
COMMAND: npm run programmatic-test --reporter=mocha-tap-reporter
Calling command: npm run programmatic-test --reporter=mocha-tap-reporter
STATE: "Tutorial.Level.TestRunning"
ROUTE: "Tutorial.Level.TestRunning": On level 1290, step 1290.1
---------------- TEST RESULTS -----------------
Test pass position: {"stepId":"1290.1","levelId":"1290","complete":false}
TEST_PASS
updateStepPosition: {"type":"TEST_PASS","payload":{"position":{"stepId":"1290.1","levelId":"1290","complete":true}},"source":"coderoad"})
EDITOR_STEP_COMPLETE
Calling command: git commit -am 'Save progress: 1290.1'
STATE: "Tutorial.Level.StepNext"
ROUTE: "Tutorial.Level.StepNext": Completed level 1290, step 1290.1
EDITOR_LEVEL_COMPLETE
STATE: "Tutorial.Level.LevelComplete"
ROUTE: "Tutorial.Level.LevelComplete": Completed level 1290, step 1290.1
Commit saved: [main 7271cb1] Save progress: 1290.1
 2 files changed, 4 insertions(+)

EDITOR_SYNC_POSITION
EDITOR_LEVEL_ENTER
EDITOR_STEP_ENTER
STATE: "Tutorial.Level.Normal"
ROUTE: "Tutorial.Level.Normal": On level 1300, step 1300.1
Calling command: git log -n 1 --pretty=format:%s 7faeea77db51b79188d7d586ad3d52d349607990
Calling command: git log -g --grep='1300.1'
Calling command: git cherry-pick -X theirs 7faeea77db51b79188d7d586ad3d52d349607990
------------------- RUN TEST -------------------
START_TEST
COMMAND: npm run programmatic-test --reporter=mocha-tap-reporter
Calling command: npm run programmatic-test --reporter=mocha-tap-reporter
STATE: "Tutorial.Level.TestRunning"
ROUTE: "Tutorial.Level.TestRunning": On level 1300, step 1300.1
---------------- TEST RESULTS -----------------
Test pass position: {"stepId":"1300.1","levelId":"1300","complete":false}
TEST_PASS
updateStepPosition: {"type":"TEST_PASS","payload":{"position":{"stepId":"1300.1","levelId":"1300","complete":true}},"source":"coderoad"})
EDITOR_STEP_COMPLETE
Calling command: git commit -am 'Save progress: 1300.1'
STATE: "Tutorial.Level.StepNext"
ROUTE: "Tutorial.Level.StepNext": Completed level 1300, step 1300.1
EDITOR_LEVEL_COMPLETE
STATE: "Tutorial.Level.LevelComplete"
ROUTE: "Tutorial.Level.LevelComplete": Completed level 1300, step 1300.1
Commit saved: [main fa5f5de] Save progress: 1300.1
 2 files changed, 2 insertions(+)

EDITOR_SYNC_POSITION
EDITOR_LEVEL_ENTER
EDITOR_STEP_ENTER
STATE: "Tutorial.Level.Normal"
ROUTE: "Tutorial.Level.Normal": On level 1310, step 1310.1
Calling command: git log -n 1 --pretty=format:%s 3429f935110a1002d9ef8f11c55c0deda299eb6f
Calling command: git log -g --grep='1310.1'
Calling command: git cherry-pick -X theirs 3429f935110a1002d9ef8f11c55c0deda299eb6f
------------------- RUN TEST -------------------
START_TEST
COMMAND: npm run programmatic-test --reporter=mocha-tap-reporter
Calling command: npm run programmatic-test --reporter=mocha-tap-reporter
STATE: "Tutorial.Level.TestRunning"
ROUTE: "Tutorial.Level.TestRunning": On level 1310, step 1310.1
---------------- TEST RESULTS -----------------
Test pass position: {"stepId":"1310.1","levelId":"1310","complete":false}
TEST_PASS
updateStepPosition: {"type":"TEST_PASS","payload":{"position":{"stepId":"1310.1","levelId":"1310","complete":true}},"source":"coderoad"})
EDITOR_STEP_COMPLETE
Calling command: git commit -am 'Save progress: 1310.1'
STATE: "Tutorial.Level.StepNext"
ROUTE: "Tutorial.Level.StepNext": Completed level 1310, step 1310.1
EDITOR_LEVEL_COMPLETE
STATE: "Tutorial.Level.LevelComplete"
ROUTE: "Tutorial.Level.LevelComplete": Completed level 1310, step 1310.1
Commit saved: [main 6176639] Save progress: 1310.1
 2 files changed, 2 insertions(+)

EDITOR_SYNC_POSITION
EDITOR_LEVEL_ENTER
EDITOR_STEP_ENTER
STATE: "Tutorial.Level.Normal"
ROUTE: "Tutorial.Level.Normal": On level 1320, step 1320.1
Calling command: git log -n 1 --pretty=format:%s 2d2ca6865b121e33c9c1b7a1435a4fb8d72b95bb
Calling command: git log -g --grep='1320.1'
Calling command: git cherry-pick -X theirs 2d2ca6865b121e33c9c1b7a1435a4fb8d72b95bb
------------------- RUN TEST -------------------
START_TEST
COMMAND: npm run programmatic-test --reporter=mocha-tap-reporter
Calling command: npm run programmatic-test --reporter=mocha-tap-reporter
STATE: "Tutorial.Level.TestRunning"
ROUTE: "Tutorial.Level.TestRunning": On level 1320, step 1320.1
---------------- TEST RESULTS -----------------
Test pass position: {"stepId":"1320.1","levelId":"1320","complete":false}
TEST_PASS
updateStepPosition: {"type":"TEST_PASS","payload":{"position":{"stepId":"1320.1","levelId":"1320","complete":true}},"source":"coderoad"})
EDITOR_STEP_COMPLETE
Calling command: git commit -am 'Save progress: 1320.1'
STATE: "Tutorial.Level.StepNext"
ROUTE: "Tutorial.Level.StepNext": Completed level 1320, step 1320.1
EDITOR_LEVEL_COMPLETE
STATE: "Tutorial.Level.LevelComplete"
ROUTE: "Tutorial.Level.LevelComplete": Completed level 1320, step 1320.1
Commit saved: [main cc8cd73] Save progress: 1320.1
 2 files changed, 2 insertions(+)

EDITOR_SYNC_POSITION
EDITOR_LEVEL_ENTER
EDITOR_STEP_ENTER
STATE: "Tutorial.Level.Normal"
ROUTE: "Tutorial.Level.Normal": On level 1330, step 1330.1
Calling command: git log -n 1 --pretty=format:%s 2e9053f4e9191f5cf2721ee4aea2bb806f6c69ba
Calling command: git log -g --grep='1330.1'
Calling command: git cherry-pick -X theirs 2e9053f4e9191f5cf2721ee4aea2bb806f6c69ba
------------------- RUN TEST -------------------
START_TEST
COMMAND: npm run programmatic-test --reporter=mocha-tap-reporter
Calling command: npm run programmatic-test --reporter=mocha-tap-reporter
STATE: "Tutorial.Level.TestRunning"
ROUTE: "Tutorial.Level.TestRunning": On level 1330, step 1330.1
---------------- TEST RESULTS -----------------
TEST_FAIL
STATE: "Tutorial.Level.Normal"
ROUTE: "Tutorial.Level.Normal": On level 1330, step 1330.1
------------------- RUN TEST -------------------
START_TEST
COMMAND: npm run programmatic-test --reporter=mocha-tap-reporter
Calling command: npm run programmatic-test --reporter=mocha-tap-reporter
STATE: "Tutorial.Level.TestRunning"
ROUTE: "Tutorial.Level.TestRunning": On level 1330, step 1330.1
---------------- TEST RESULTS -----------------
TEST_FAIL
STATE: "Tutorial.Level.Normal"
ROUTE: "Tutorial.Level.Normal": On level 1330, step 1330.1
------------------- RUN TEST -------------------
START_TEST
COMMAND: npm run programmatic-test --reporter=mocha-tap-reporter
Calling command: npm run programmatic-test --reporter=mocha-tap-reporter
STATE: "Tutorial.Level.TestRunning"
ROUTE: "Tutorial.Level.TestRunning": On level 1330, step 1330.1
---------------- TEST RESULTS -----------------
Test pass position: {"stepId":"1330.1","levelId":"1330","complete":false}
TEST_PASS
updateStepPosition: {"type":"TEST_PASS","payload":{"position":{"stepId":"1330.1","levelId":"1330","complete":true}},"source":"coderoad"})
EDITOR_STEP_COMPLETE
Calling command: git commit -am 'Save progress: 1330.1'
STATE: "Tutorial.Level.StepNext"
ROUTE: "Tutorial.Level.StepNext": Completed level 1330, step 1330.1
EDITOR_LEVEL_COMPLETE
STATE: "Tutorial.Level.LevelComplete"
ROUTE: "Tutorial.Level.LevelComplete": Completed level 1330, step 1330.1
Commit saved: [main 5a5ff19] Save progress: 1330.1
 2 files changed, 6 insertions(+)

EDITOR_SYNC_POSITION
EDITOR_LEVEL_ENTER
EDITOR_STEP_ENTER
STATE: "Tutorial.Level.Normal"
ROUTE: "Tutorial.Level.Normal": On level 1340, step 1340.1
Calling command: git log -n 1 --pretty=format:%s bde1437e6868a46778920620a6ee33ff520c3106
Calling command: git log -g --grep='1340.1'
Calling command: git cherry-pick -X theirs bde1437e6868a46778920620a6ee33ff520c3106
------------------- RUN TEST -------------------
START_TEST
COMMAND: npm run programmatic-test --reporter=mocha-tap-reporter
Calling command: npm run programmatic-test --reporter=mocha-tap-reporter
STATE: "Tutorial.Level.TestRunning"
ROUTE: "Tutorial.Level.TestRunning": On level 1340, step 1340.1
---------------- TEST RESULTS -----------------
Test pass position: {"stepId":"1340.1","levelId":"1340","complete":false}
TEST_PASS
updateStepPosition: {"type":"TEST_PASS","payload":{"position":{"stepId":"1340.1","levelId":"1340","complete":true}},"source":"coderoad"})
EDITOR_STEP_COMPLETE
Calling command: git commit -am 'Save progress: 1340.1'
STATE: "Tutorial.Level.StepNext"
ROUTE: "Tutorial.Level.StepNext": Completed level 1340, step 1340.1
EDITOR_LEVEL_COMPLETE
STATE: "Tutorial.Level.LevelComplete"
ROUTE: "Tutorial.Level.LevelComplete": Completed level 1340, step 1340.1
Commit saved: [main 1033a8f] Save progress: 1340.1
 2 files changed, 2 insertions(+)

EDITOR_SYNC_POSITION
EDITOR_LEVEL_ENTER
EDITOR_STEP_ENTER
STATE: "Tutorial.Level.Normal"
ROUTE: "Tutorial.Level.Normal": On level 1350, step 1350.1
Calling command: git log -n 1 --pretty=format:%s ea5ee7cb0e002a6fe36f9ee53eaf7164f9208041
Calling command: git log -g --grep='1350.1'
Calling command: git cherry-pick -X theirs ea5ee7cb0e002a6fe36f9ee53eaf7164f9208041
------------------- RUN TEST -------------------
START_TEST
COMMAND: npm run programmatic-test --reporter=mocha-tap-reporter
Calling command: npm run programmatic-test --reporter=mocha-tap-reporter
STATE: "Tutorial.Level.TestRunning"
ROUTE: "Tutorial.Level.TestRunning": On level 1350, step 1350.1
---------------- TEST RESULTS -----------------
Test pass position: {"stepId":"1350.1","levelId":"1350","complete":false}
TEST_PASS
updateStepPosition: {"type":"TEST_PASS","payload":{"position":{"stepId":"1350.1","levelId":"1350","complete":true}},"source":"coderoad"})
EDITOR_STEP_COMPLETE
Calling command: git commit -am 'Save progress: 1350.1'
STATE: "Tutorial.Level.StepNext"
ROUTE: "Tutorial.Level.StepNext": Completed level 1350, step 1350.1
EDITOR_LEVEL_COMPLETE
STATE: "Tutorial.Level.LevelComplete"
ROUTE: "Tutorial.Level.LevelComplete": Completed level 1350, step 1350.1
Commit saved: [main e2869e8] Save progress: 1350.1
 2 files changed, 2 insertions(+)

EDITOR_SYNC_POSITION
EDITOR_LEVEL_ENTER
EDITOR_STEP_ENTER
STATE: "Tutorial.Level.Normal"
ROUTE: "Tutorial.Level.Normal": On level 1360, step 1360.1
Calling command: git log -n 1 --pretty=format:%s 28314e08ace3ee3026f27d3e17fb1262947f9a27
Calling command: git log -g --grep='1360.1'
Calling command: git cherry-pick -X theirs 28314e08ace3ee3026f27d3e17fb1262947f9a27
------------------- RUN TEST -------------------
START_TEST
COMMAND: npm run programmatic-test --reporter=mocha-tap-reporter
Calling command: npm run programmatic-test --reporter=mocha-tap-reporter
STATE: "Tutorial.Level.TestRunning"
ROUTE: "Tutorial.Level.TestRunning": On level 1360, step 1360.1
---------------- TEST RESULTS -----------------
TEST_FAIL
STATE: "Tutorial.Level.Normal"
ROUTE: "Tutorial.Level.Normal": On level 1360, step 1360.1
------------------- RUN TEST -------------------
START_TEST
COMMAND: npm run programmatic-test --reporter=mocha-tap-reporter
Calling command: npm run programmatic-test --reporter=mocha-tap-reporter
STATE: "Tutorial.Level.TestRunning"
ROUTE: "Tutorial.Level.TestRunning": On level 1360, step 1360.1
---------------- TEST RESULTS -----------------
Test pass position: {"stepId":"1360.1","levelId":"1360","complete":false}
TEST_PASS
updateStepPosition: {"type":"TEST_PASS","payload":{"position":{"stepId":"1360.1","levelId":"1360","complete":true}},"source":"coderoad"})
EDITOR_STEP_COMPLETE
Calling command: git commit -am 'Save progress: 1360.1'
STATE: "Tutorial.Level.StepNext"
ROUTE: "Tutorial.Level.StepNext": Completed level 1360, step 1360.1
EDITOR_LEVEL_COMPLETE
STATE: "Tutorial.Level.LevelComplete"
ROUTE: "Tutorial.Level.LevelComplete": Completed level 1360, step 1360.1
Commit saved: [main 9571436] Save progress: 1360.1
 2 files changed, 4 insertions(+)

EDITOR_SYNC_POSITION
EDITOR_LEVEL_ENTER
EDITOR_STEP_ENTER
STATE: "Tutorial.Level.Normal"
ROUTE: "Tutorial.Level.Normal": On level 1370, step 1370.1
Calling command: git log -n 1 --pretty=format:%s dd275d39c5579a25a2738622840b491d3c5593b4
Calling command: git log -g --grep='1370.1'
Calling command: git cherry-pick -X theirs dd275d39c5579a25a2738622840b491d3c5593b4
------------------- RUN TEST -------------------
START_TEST
COMMAND: npm run programmatic-test --reporter=mocha-tap-reporter
Calling command: npm run programmatic-test --reporter=mocha-tap-reporter
STATE: "Tutorial.Level.TestRunning"
ROUTE: "Tutorial.Level.TestRunning": On level 1370, step 1370.1
---------------- TEST RESULTS -----------------
TEST_FAIL
STATE: "Tutorial.Level.Normal"
ROUTE: "Tutorial.Level.Normal": On level 1370, step 1370.1
------------------- RUN TEST -------------------
START_TEST
COMMAND: npm run programmatic-test --reporter=mocha-tap-reporter
Calling command: npm run programmatic-test --reporter=mocha-tap-reporter
STATE: "Tutorial.Level.TestRunning"
ROUTE: "Tutorial.Level.TestRunning": On level 1370, step 1370.1
---------------- TEST RESULTS -----------------
TEST_FAIL
STATE: "Tutorial.Level.Normal"
ROUTE: "Tutorial.Level.Normal": On level 1370, step 1370.1
------------------- RUN TEST -------------------
START_TEST
COMMAND: npm run programmatic-test --reporter=mocha-tap-reporter
Calling command: npm run programmatic-test --reporter=mocha-tap-reporter
STATE: "Tutorial.Level.TestRunning"
ROUTE: "Tutorial.Level.TestRunning": On level 1370, step 1370.1
---------------- TEST RESULTS -----------------
TEST_FAIL
STATE: "Tutorial.Level.Normal"
ROUTE: "Tutorial.Level.Normal": On level 1370, step 1370.1
------------------- RUN TEST -------------------
START_TEST
COMMAND: npm run programmatic-test --reporter=mocha-tap-reporter
Calling command: npm run programmatic-test --reporter=mocha-tap-reporter
STATE: "Tutorial.Level.TestRunning"
ROUTE: "Tutorial.Level.TestRunning": On level 1370, step 1370.1
---------------- TEST RESULTS -----------------
TEST_FAIL
STATE: "Tutorial.Level.Normal"
ROUTE: "Tutorial.Level.Normal": On level 1370, step 1370.1
------------------- RUN TEST -------------------
START_TEST
COMMAND: npm run programmatic-test --reporter=mocha-tap-reporter
Calling command: npm run programmatic-test --reporter=mocha-tap-reporter
STATE: "Tutorial.Level.TestRunning"
ROUTE: "Tutorial.Level.TestRunning": On level 1370, step 1370.1
---------------- TEST RESULTS -----------------
Test pass position: {"stepId":"1370.1","levelId":"1370","complete":false}
TEST_PASS
updateStepPosition: {"type":"TEST_PASS","payload":{"position":{"stepId":"1370.1","levelId":"1370","complete":true}},"source":"coderoad"})
EDITOR_STEP_COMPLETE
Calling command: git commit -am 'Save progress: 1370.1'
STATE: "Tutorial.Level.StepNext"
ROUTE: "Tutorial.Level.StepNext": Completed level 1370, step 1370.1
EDITOR_LEVEL_COMPLETE
STATE: "Tutorial.Level.LevelComplete"
ROUTE: "Tutorial.Level.LevelComplete": Completed level 1370, step 1370.1
Commit saved: [main e4c2fdf] Save progress: 1370.1
 2 files changed, 10 insertions(+)

EDITOR_SYNC_POSITION
EDITOR_LEVEL_ENTER
EDITOR_STEP_ENTER
STATE: "Tutorial.Level.Normal"
ROUTE: "Tutorial.Level.Normal": On level 1380, step 1380.1
Calling command: git log -n 1 --pretty=format:%s 1bd60833f62a63ab0d681e7a56ce50ec2f284e23
Calling command: git log -g --grep='1380.1'
Calling command: git cherry-pick -X theirs 1bd60833f62a63ab0d681e7a56ce50ec2f284e23
------------------- RUN TEST -------------------
START_TEST
COMMAND: npm run programmatic-test --reporter=mocha-tap-reporter
Calling command: npm run programmatic-test --reporter=mocha-tap-reporter
STATE: "Tutorial.Level.TestRunning"
ROUTE: "Tutorial.Level.TestRunning": On level 1380, step 1380.1
---------------- TEST RESULTS -----------------
TEST_FAIL
STATE: "Tutorial.Level.Normal"
ROUTE: "Tutorial.Level.Normal": On level 1380, step 1380.1
------------------- RUN TEST -------------------
START_TEST
COMMAND: npm run programmatic-test --reporter=mocha-tap-reporter
Calling command: npm run programmatic-test --reporter=mocha-tap-reporter
STATE: "Tutorial.Level.TestRunning"
ROUTE: "Tutorial.Level.TestRunning": On level 1380, step 1380.1
---------------- TEST RESULTS -----------------
Test pass position: {"stepId":"1380.1","levelId":"1380","complete":false}
TEST_PASS
updateStepPosition: {"type":"TEST_PASS","payload":{"position":{"stepId":"1380.1","levelId":"1380","complete":true}},"source":"coderoad"})
EDITOR_STEP_COMPLETE
Calling command: git commit -am 'Save progress: 1380.1'
STATE: "Tutorial.Level.StepNext"
ROUTE: "Tutorial.Level.StepNext": Completed level 1380, step 1380.1
EDITOR_LEVEL_COMPLETE
STATE: "Tutorial.Level.LevelComplete"
ROUTE: "Tutorial.Level.LevelComplete": Completed level 1380, step 1380.1
Commit saved: [main 5a54944] Save progress: 1380.1
 2 files changed, 4 insertions(+)

EDITOR_SYNC_POSITION
EDITOR_LEVEL_ENTER
EDITOR_STEP_ENTER
STATE: "Tutorial.Level.Normal"
ROUTE: "Tutorial.Level.Normal": On level 1385, step 1385.1
Calling command: git log -n 1 --pretty=format:%s 5d2bda9231186f953db932c12ed82b28524ba43b
Calling command: git log -g --grep='1385.1'
Calling command: git cherry-pick -X theirs 5d2bda9231186f953db932c12ed82b28524ba43b
------------------- RUN TEST -------------------
START_TEST
COMMAND: npm run programmatic-test --reporter=mocha-tap-reporter
Calling command: npm run programmatic-test --reporter=mocha-tap-reporter
STATE: "Tutorial.Level.TestRunning"
ROUTE: "Tutorial.Level.TestRunning": On level 1385, step 1385.1
---------------- TEST RESULTS -----------------
Test pass position: {"stepId":"1385.1","levelId":"1385","complete":false}
TEST_PASS
updateStepPosition: {"type":"TEST_PASS","payload":{"position":{"stepId":"1385.1","levelId":"1385","complete":true}},"source":"coderoad"})
EDITOR_STEP_COMPLETE
Calling command: git commit -am 'Save progress: 1385.1'
STATE: "Tutorial.Level.StepNext"
ROUTE: "Tutorial.Level.StepNext": Completed level 1385, step 1385.1
EDITOR_LEVEL_COMPLETE
STATE: "Tutorial.Level.LevelComplete"
ROUTE: "Tutorial.Level.LevelComplete": Completed level 1385, step 1385.1
Commit saved: [main 325af77] Save progress: 1385.1
 2 files changed, 2 insertions(+)

EDITOR_SYNC_POSITION
EDITOR_LEVEL_ENTER
EDITOR_STEP_ENTER
STATE: "Tutorial.Level.Normal"
ROUTE: "Tutorial.Level.Normal": On level 1390, step 1390.1
Calling command: git log -n 1 --pretty=format:%s cb5142cd8434d3e23aeecb4f7532a54744a5a550
Calling command: git log -g --grep='1390.1'
Calling command: git cherry-pick -X theirs cb5142cd8434d3e23aeecb4f7532a54744a5a550
------------------- RUN TEST -------------------
START_TEST
COMMAND: npm run programmatic-test --reporter=mocha-tap-reporter
Calling command: npm run programmatic-test --reporter=mocha-tap-reporter
STATE: "Tutorial.Level.TestRunning"
ROUTE: "Tutorial.Level.TestRunning": On level 1390, step 1390.1
---------------- TEST RESULTS -----------------
TEST_FAIL
STATE: "Tutorial.Level.Normal"
ROUTE: "Tutorial.Level.Normal": On level 1390, step 1390.1
------------------- RUN TEST -------------------
START_TEST
COMMAND: npm run programmatic-test --reporter=mocha-tap-reporter
Calling command: npm run programmatic-test --reporter=mocha-tap-reporter
STATE: "Tutorial.Level.TestRunning"
ROUTE: "Tutorial.Level.TestRunning": On level 1390, step 1390.1
------------------- RUN TEST -------------------
START_TEST
COMMAND: npm run programmatic-test --reporter=mocha-tap-reporter
Calling command: npm run programmatic-test --reporter=mocha-tap-reporter
---------------- TEST RESULTS -----------------
TEST_FAIL
STATE: "Tutorial.Level.Normal"
ROUTE: "Tutorial.Level.Normal": On level 1390, step 1390.1
------------------- RUN TEST -------------------
START_TEST
COMMAND: npm run programmatic-test --reporter=mocha-tap-reporter
Calling command: npm run programmatic-test --reporter=mocha-tap-reporter
STATE: "Tutorial.Level.TestRunning"
ROUTE: "Tutorial.Level.TestRunning": On level 1390, step 1390.1
---------------- TEST RESULTS -----------------
Test pass position: {"stepId":"1390.1","levelId":"1390","complete":false}
TEST_PASS
updateStepPosition: {"type":"TEST_PASS","payload":{"position":{"stepId":"1390.1","levelId":"1390","complete":true}},"source":"coderoad"})
EDITOR_STEP_COMPLETE
Calling command: git commit -am 'Save progress: 1390.1'
STATE: "Tutorial.Level.StepNext"
ROUTE: "Tutorial.Level.StepNext": Completed level 1390, step 1390.1
EDITOR_LEVEL_COMPLETE
STATE: "Tutorial.Level.LevelComplete"
ROUTE: "Tutorial.Level.LevelComplete": Completed level 1390, step 1390.1
EDITOR_SYNC_POSITION
EDITOR_LEVEL_ENTER
EDITOR_STEP_ENTER
STATE: "Tutorial.Level.Normal"
ROUTE: "Tutorial.Level.Normal": On level 1400, step 1400.1
Calling command: git log -n 1 --pretty=format:%s 494562adfed9aabb9c24778b2d2b47f109d579ae
Calling command: git log -g --grep='1400.1'
Calling command: git cherry-pick -X theirs 494562adfed9aabb9c24778b2d2b47f109d579ae
------------------- RUN TEST -------------------
START_TEST
COMMAND: npm run programmatic-test --reporter=mocha-tap-reporter
Calling command: npm run programmatic-test --reporter=mocha-tap-reporter
STATE: "Tutorial.Level.TestRunning"
ROUTE: "Tutorial.Level.TestRunning": On level 1400, step 1400.1
---------------- TEST RESULTS -----------------
Test pass position: {"stepId":"1400.1","levelId":"1400","complete":false}
TEST_PASS
updateStepPosition: {"type":"TEST_PASS","payload":{"position":{"stepId":"1400.1","levelId":"1400","complete":true}},"source":"coderoad"})
EDITOR_STEP_COMPLETE
Calling command: git commit -am 'Save progress: 1400.1'
STATE: "Tutorial.Level.StepNext"
ROUTE: "Tutorial.Level.StepNext": Completed level 1400, step 1400.1
EDITOR_LEVEL_COMPLETE
STATE: "Tutorial.Level.LevelComplete"
ROUTE: "Tutorial.Level.LevelComplete": Completed level 1400, step 1400.1
Commit saved: [main ac479ba] Save progress: 1400.1
 2 files changed, 2 insertions(+)

EDITOR_SYNC_POSITION
EDITOR_LEVEL_ENTER
EDITOR_STEP_ENTER
STATE: "Tutorial.Level.Normal"
ROUTE: "Tutorial.Level.Normal": On level 1410, step 1410.1
Calling command: git log -n 1 --pretty=format:%s aeae05477a13c14adeb951b76770cfb887ed19a1
Calling command: git log -g --grep='1410.1'
Calling command: git cherry-pick -X theirs aeae05477a13c14adeb951b76770cfb887ed19a1
------------------- RUN TEST -------------------
START_TEST
COMMAND: npm run programmatic-test --reporter=mocha-tap-reporter
Calling command: npm run programmatic-test --reporter=mocha-tap-reporter
STATE: "Tutorial.Level.TestRunning"
ROUTE: "Tutorial.Level.TestRunning": On level 1410, step 1410.1
---------------- TEST RESULTS -----------------
TEST_FAIL
STATE: "Tutorial.Level.Normal"
ROUTE: "Tutorial.Level.Normal": On level 1410, step 1410.1
------------------- RUN TEST -------------------
START_TEST
COMMAND: npm run programmatic-test --reporter=mocha-tap-reporter
Calling command: npm run programmatic-test --reporter=mocha-tap-reporter
STATE: "Tutorial.Level.TestRunning"
ROUTE: "Tutorial.Level.TestRunning": On level 1410, step 1410.1
---------------- TEST RESULTS -----------------
./fortune.sh: line 14: syntax error near unexpected token `}'
./fortune.sh: line 14: `}'
TEST_FAIL
STATE: "Tutorial.Level.Normal"
ROUTE: "Tutorial.Level.Normal": On level 1410, step 1410.1
------------------- RUN TEST -------------------
START_TEST
COMMAND: npm run programmatic-test --reporter=mocha-tap-reporter
Calling command: npm run programmatic-test --reporter=mocha-tap-reporter
STATE: "Tutorial.Level.TestRunning"
ROUTE: "Tutorial.Level.TestRunning": On level 1410, step 1410.1
---------------- TEST RESULTS -----------------
./fortune.sh: line 14: syntax error near unexpected token `}'
./fortune.sh: line 14: `}'
TEST_FAIL
STATE: "Tutorial.Level.Normal"
ROUTE: "Tutorial.Level.Normal": On level 1410, step 1410.1
------------------- RUN TEST -------------------
START_TEST
COMMAND: npm run programmatic-test --reporter=mocha-tap-reporter
Calling command: npm run programmatic-test --reporter=mocha-tap-reporter
STATE: "Tutorial.Level.TestRunning"
ROUTE: "Tutorial.Level.TestRunning": On level 1410, step 1410.1
---------------- TEST RESULTS -----------------
./fortune.sh: line 14: syntax error near unexpected token `}'
./fortune.sh: line 14: `}'
TEST_FAIL
STATE: "Tutorial.Level.Normal"
ROUTE: "Tutorial.Level.Normal": On level 1410, step 1410.1
------------------- RUN TEST -------------------
START_TEST
COMMAND: npm run programmatic-test --reporter=mocha-tap-reporter
Calling command: npm run programmatic-test --reporter=mocha-tap-reporter
STATE: "Tutorial.Level.TestRunning"
ROUTE: "Tutorial.Level.TestRunning": On level 1410, step 1410.1
---------------- TEST RESULTS -----------------
./fortune.sh: line 14: syntax error near unexpected token `}'
./fortune.sh: line 14: `}'
TEST_FAIL
STATE: "Tutorial.Level.Normal"
ROUTE: "Tutorial.Level.Normal": On level 1410, step 1410.1
------------------- RUN TEST -------------------
START_TEST
COMMAND: npm run programmatic-test --reporter=mocha-tap-reporter
Calling command: npm run programmatic-test --reporter=mocha-tap-reporter
STATE: "Tutorial.Level.TestRunning"
ROUTE: "Tutorial.Level.TestRunning": On level 1410, step 1410.1
---------------- TEST RESULTS -----------------
./fortune.sh: line 15: syntax error near unexpected token `}'
./fortune.sh: line 15: `}'
TEST_FAIL
STATE: "Tutorial.Level.Normal"
ROUTE: "Tutorial.Level.Normal": On level 1410, step 1410.1
------------------- RUN TEST -------------------
START_TEST
COMMAND: npm run programmatic-test --reporter=mocha-tap-reporter
Calling command: npm run programmatic-test --reporter=mocha-tap-reporter
STATE: "Tutorial.Level.TestRunning"
ROUTE: "Tutorial.Level.TestRunning": On level 1410, step 1410.1
---------------- TEST RESULTS -----------------
./fortune.sh: line 16: syntax error near unexpected token `}'
./fortune.sh: line 16: `}'
TEST_FAIL
STATE: "Tutorial.Level.Normal"
ROUTE: "Tutorial.Level.Normal": On level 1410, step 1410.1
------------------- RUN TEST -------------------
START_TEST
COMMAND: npm run programmatic-test --reporter=mocha-tap-reporter
Calling command: npm run programmatic-test --reporter=mocha-tap-reporter
STATE: "Tutorial.Level.TestRunning"
ROUTE: "Tutorial.Level.TestRunning": On level 1410, step 1410.1
---------------- TEST RESULTS -----------------
An error occurred running ./fortune.sh
./fortune.sh: line 16: syntax error near unexpected token `}'
./fortune.sh: line 16: `}'
TEST_FAIL
STATE: "Tutorial.Level.Normal"
ROUTE: "Tutorial.Level.Normal": On level 1410, step 1410.1
------------------- RUN TEST -------------------
START_TEST
COMMAND: npm run programmatic-test --reporter=mocha-tap-reporter
Calling command: npm run programmatic-test --reporter=mocha-tap-reporter
STATE: "Tutorial.Level.TestRunning"
ROUTE: "Tutorial.Level.TestRunning": On level 1410, step 1410.1
---------------- TEST RESULTS -----------------
./fortune.sh: line 15: syntax error near unexpected token `}'
./fortune.sh: line 15: `}'
TEST_FAIL
STATE: "Tutorial.Level.Normal"
ROUTE: "Tutorial.Level.Normal": On level 1410, step 1410.1
------------------- RUN TEST -------------------
START_TEST
COMMAND: npm run programmatic-test --reporter=mocha-tap-reporter
Calling command: npm run programmatic-test --reporter=mocha-tap-reporter
STATE: "Tutorial.Level.TestRunning"
ROUTE: "Tutorial.Level.TestRunning": On level 1410, step 1410.1
---------------- TEST RESULTS -----------------
An error occurred running ./fortune.sh
./fortune.sh: line 17: syntax error near unexpected token `}'
./fortune.sh: line 17: `}'
TEST_FAIL
STATE: "Tutorial.Level.Normal"
ROUTE: "Tutorial.Level.Normal": On level 1410, step 1410.1
------------------- RUN TEST -------------------
START_TEST
COMMAND: npm run programmatic-test --reporter=mocha-tap-reporter
Calling command: npm run programmatic-test --reporter=mocha-tap-reporter
STATE: "Tutorial.Level.TestRunning"
ROUTE: "Tutorial.Level.TestRunning": On level 1410, step 1410.1
---------------- TEST RESULTS -----------------
./fortune.sh: line 15: syntax error near unexpected token `fi'
./fortune.sh: line 15: `  fi'
TEST_FAIL
STATE: "Tutorial.Level.Normal"
ROUTE: "Tutorial.Level.Normal": On level 1410, step 1410.1
------------------- RUN TEST -------------------
START_TEST
COMMAND: npm run programmatic-test --reporter=mocha-tap-reporter
Calling command: npm run programmatic-test --reporter=mocha-tap-reporter
STATE: "Tutorial.Level.TestRunning"
ROUTE: "Tutorial.Level.TestRunning": On level 1410, step 1410.1
---------------- TEST RESULTS -----------------
./fortune.sh: line 15: syntax error near unexpected token `fi'
./fortune.sh: line 15: `  fi'
TEST_FAIL
STATE: "Tutorial.Level.Normal"
ROUTE: "Tutorial.Level.Normal": On level 1410, step 1410.1
------------------- RUN TEST -------------------
START_TEST
COMMAND: npm run programmatic-test --reporter=mocha-tap-reporter
Calling command: npm run programmatic-test --reporter=mocha-tap-reporter
STATE: "Tutorial.Level.TestRunning"
ROUTE: "Tutorial.Level.TestRunning": On level 1410, step 1410.1
---------------- TEST RESULTS -----------------
./fortune.sh: line 15: syntax error near unexpected token `fi'
./fortune.sh: line 15: `  fi'
TEST_FAIL
STATE: "Tutorial.Level.Normal"
ROUTE: "Tutorial.Level.Normal": On level 1410, step 1410.1
------------------- RUN TEST -------------------
START_TEST
COMMAND: npm run programmatic-test --reporter=mocha-tap-reporter
Calling command: npm run programmatic-test --reporter=mocha-tap-reporter
STATE: "Tutorial.Level.TestRunning"
ROUTE: "Tutorial.Level.TestRunning": On level 1410, step 1410.1
---------------- TEST RESULTS -----------------
./fortune.sh: line 14: syntax error near unexpected token `fi'
./fortune.sh: line 14: `  fi'
TEST_FAIL
STATE: "Tutorial.Level.Normal"
ROUTE: "Tutorial.Level.Normal": On level 1410, step 1410.1
------------------- RUN TEST -------------------
START_TEST
COMMAND: npm run programmatic-test --reporter=mocha-tap-reporter
Calling command: npm run programmatic-test --reporter=mocha-tap-reporter
STATE: "Tutorial.Level.TestRunning"
ROUTE: "Tutorial.Level.TestRunning": On level 1410, step 1410.1
---------------- TEST RESULTS -----------------
Test pass position: {"stepId":"1410.1","levelId":"1410","complete":false}
TEST_PASS
updateStepPosition: {"type":"TEST_PASS","payload":{"position":{"stepId":"1410.1","levelId":"1410","complete":true}},"source":"coderoad"})
EDITOR_STEP_COMPLETE
Calling command: git commit -am 'Save progress: 1410.1'
STATE: "Tutorial.Level.StepNext"
ROUTE: "Tutorial.Level.StepNext": Completed level 1410, step 1410.1
EDITOR_LEVEL_COMPLETE
STATE: "Tutorial.Level.LevelComplete"
ROUTE: "Tutorial.Level.LevelComplete": Completed level 1410, step 1410.1
EDITOR_SYNC_POSITION
EDITOR_LEVEL_ENTER
EDITOR_STEP_ENTER
STATE: "Tutorial.Level.Normal"
ROUTE: "Tutorial.Level.Normal": On level 1412, step 1412.1
Calling command: git log -n 1 --pretty=format:%s 380bf3b8be3bd0772f7f12ad9a2045d27816b178
Calling command: git log -g --grep='1412.1'
Calling command: git cherry-pick -X theirs 380bf3b8be3bd0772f7f12ad9a2045d27816b178
------------------- RUN TEST -------------------
START_TEST
COMMAND: npm run programmatic-test --reporter=mocha-tap-reporter
Calling command: npm run programmatic-test --reporter=mocha-tap-reporter
STATE: "Tutorial.Level.TestRunning"
ROUTE: "Tutorial.Level.TestRunning": On level 1412, step 1412.1
---------------- TEST RESULTS -----------------
TEST_FAIL
STATE: "Tutorial.Level.Normal"
ROUTE: "Tutorial.Level.Normal": On level 1412, step 1412.1
------------------- RUN TEST -------------------
START_TEST
COMMAND: npm run programmatic-test --reporter=mocha-tap-reporter
Calling command: npm run programmatic-test --reporter=mocha-tap-reporter
STATE: "Tutorial.Level.TestRunning"
ROUTE: "Tutorial.Level.TestRunning": On level 1412, step 1412.1
---------------- TEST RESULTS -----------------
./.freeCodeCamp/test.sh: line 15: syntax error near unexpected token `fi'
./.freeCodeCamp/test.sh: line 15: `  fi'
TEST_FAIL
STATE: "Tutorial.Level.Normal"
ROUTE: "Tutorial.Level.Normal": On level 1412, step 1412.1
------------------- RUN TEST -------------------
START_TEST
COMMAND: npm run programmatic-test --reporter=mocha-tap-reporter
Calling command: npm run programmatic-test --reporter=mocha-tap-reporter
STATE: "Tutorial.Level.TestRunning"
ROUTE: "Tutorial.Level.TestRunning": On level 1412, step 1412.1
---------------- TEST RESULTS -----------------
./.freeCodeCamp/test.sh: line 16: syntax error near unexpected token `fi'
./.freeCodeCamp/test.sh: line 16: `  fi'
TEST_FAIL
STATE: "Tutorial.Level.Normal"
ROUTE: "Tutorial.Level.Normal": On level 1412, step 1412.1
------------------- RUN TEST -------------------
START_TEST
COMMAND: npm run programmatic-test --reporter=mocha-tap-reporter
Calling command: npm run programmatic-test --reporter=mocha-tap-reporter
STATE: "Tutorial.Level.TestRunning"
ROUTE: "Tutorial.Level.TestRunning": On level 1412, step 1412.1
---------------- TEST RESULTS -----------------
Test pass position: {"stepId":"1412.1","levelId":"1412","complete":false}
TEST_PASS
updateStepPosition: {"type":"TEST_PASS","payload":{"position":{"stepId":"1412.1","levelId":"1412","complete":true}},"source":"coderoad"})
EDITOR_STEP_COMPLETE
Calling command: git commit -am 'Save progress: 1412.1'
STATE: "Tutorial.Level.StepNext"
ROUTE: "Tutorial.Level.StepNext": Completed level 1412, step 1412.1
EDITOR_LEVEL_COMPLETE
STATE: "Tutorial.Level.LevelComplete"
ROUTE: "Tutorial.Level.LevelComplete": Completed level 1412, step 1412.1
EDITOR_SYNC_POSITION
EDITOR_LEVEL_ENTER
EDITOR_STEP_ENTER
STATE: "Tutorial.Level.Normal"
ROUTE: "Tutorial.Level.Normal": On level 1413, step 1413.1
Calling command: git log -n 1 --pretty=format:%s 4a438f7dfb9076a664895420c34919370910ea6f
Calling command: git log -g --grep='1413.1'
Calling command: git cherry-pick -X theirs 4a438f7dfb9076a664895420c34919370910ea6f
------------------- RUN TEST -------------------
START_TEST
COMMAND: npm run programmatic-test --reporter=mocha-tap-reporter
Calling command: npm run programmatic-test --reporter=mocha-tap-reporter
STATE: "Tutorial.Level.TestRunning"
ROUTE: "Tutorial.Level.TestRunning": On level 1413, step 1413.1
---------------- TEST RESULTS -----------------
TEST_FAIL
STATE: "Tutorial.Level.Normal"
ROUTE: "Tutorial.Level.Normal": On level 1413, step 1413.1
------------------- RUN TEST -------------------
START_TEST
COMMAND: npm run programmatic-test --reporter=mocha-tap-reporter
Calling command: npm run programmatic-test --reporter=mocha-tap-reporter
STATE: "Tutorial.Level.TestRunning"
ROUTE: "Tutorial.Level.TestRunning": On level 1413, step 1413.1
---------------- TEST RESULTS -----------------
TEST_FAIL
STATE: "Tutorial.Level.Normal"
ROUTE: "Tutorial.Level.Normal": On level 1413, step 1413.1
------------------- RUN TEST -------------------
START_TEST
COMMAND: npm run programmatic-test --reporter=mocha-tap-reporter
Calling command: npm run programmatic-test --reporter=mocha-tap-reporter
STATE: "Tutorial.Level.TestRunning"
ROUTE: "Tutorial.Level.TestRunning": On level 1413, step 1413.1
---------------- TEST RESULTS -----------------
Test pass position: {"stepId":"1413.1","levelId":"1413","complete":false}
TEST_PASS
updateStepPosition: {"type":"TEST_PASS","payload":{"position":{"stepId":"1413.1","levelId":"1413","complete":true}},"source":"coderoad"})
EDITOR_STEP_COMPLETE
Calling command: git commit -am 'Save progress: 1413.1'
STATE: "Tutorial.Level.StepNext"
ROUTE: "Tutorial.Level.StepNext": Completed level 1413, step 1413.1
EDITOR_LEVEL_COMPLETE
STATE: "Tutorial.Level.LevelComplete"
ROUTE: "Tutorial.Level.LevelComplete": Completed level 1413, step 1413.1
EDITOR_SYNC_POSITION
EDITOR_LEVEL_ENTER
EDITOR_STEP_ENTER
STATE: "Tutorial.Level.Normal"
ROUTE: "Tutorial.Level.Normal": On level 1416, step 1416.1
Calling command: git log -n 1 --pretty=format:%s 324fcb85a3d1ee627f5e3f6e671a748df364e837
Calling command: git log -g --grep='1416.1'
Calling command: git cherry-pick -X theirs 324fcb85a3d1ee627f5e3f6e671a748df364e837
------------------- RUN TEST -------------------
START_TEST
COMMAND: npm run programmatic-test --reporter=mocha-tap-reporter
Calling command: npm run programmatic-test --reporter=mocha-tap-reporter
STATE: "Tutorial.Level.TestRunning"
ROUTE: "Tutorial.Level.TestRunning": On level 1416, step 1416.1
---------------- TEST RESULTS -----------------
TEST_FAIL
STATE: "Tutorial.Level.Normal"
ROUTE: "Tutorial.Level.Normal": On level 1416, step 1416.1
------------------- RUN TEST -------------------
START_TEST
COMMAND: npm run programmatic-test --reporter=mocha-tap-reporter
Calling command: npm run programmatic-test --reporter=mocha-tap-reporter
STATE: "Tutorial.Level.TestRunning"
ROUTE: "Tutorial.Level.TestRunning": On level 1416, step 1416.1
---------------- TEST RESULTS -----------------
Test pass position: {"stepId":"1416.1","levelId":"1416","complete":false}
TEST_PASS
updateStepPosition: {"type":"TEST_PASS","payload":{"position":{"stepId":"1416.1","levelId":"1416","complete":true}},"source":"coderoad"})
EDITOR_STEP_COMPLETE
Calling command: git commit -am 'Save progress: 1416.1'
STATE: "Tutorial.Level.StepNext"
ROUTE: "Tutorial.Level.StepNext": Completed level 1416, step 1416.1
EDITOR_LEVEL_COMPLETE
STATE: "Tutorial.Level.LevelComplete"
ROUTE: "Tutorial.Level.LevelComplete": Completed level 1416, step 1416.1
EDITOR_SYNC_POSITION
EDITOR_LEVEL_ENTER
EDITOR_STEP_ENTER
STATE: "Tutorial.Level.Normal"
ROUTE: "Tutorial.Level.Normal": On level 1420, step 1420.1
Calling command: git log -n 1 --pretty=format:%s 9e9241861d3594cd8d9e9fe71b740a423471c0c8
Calling command: git log -g --grep='1420.1'
Calling command: git cherry-pick -X theirs 9e9241861d3594cd8d9e9fe71b740a423471c0c8
------------------- RUN TEST -------------------
START_TEST
COMMAND: npm run programmatic-test --reporter=mocha-tap-reporter
Calling command: npm run programmatic-test --reporter=mocha-tap-reporter
STATE: "Tutorial.Level.TestRunning"
ROUTE: "Tutorial.Level.TestRunning": On level 1420, step 1420.1
---------------- TEST RESULTS -----------------
Test pass position: {"stepId":"1420.1","levelId":"1420","complete":false}
TEST_PASS
updateStepPosition: {"type":"TEST_PASS","payload":{"position":{"stepId":"1420.1","levelId":"1420","complete":true}},"source":"coderoad"})
EDITOR_STEP_COMPLETE
Calling command: git commit -am 'Save progress: 1420.1'
STATE: "Tutorial.Level.StepNext"
ROUTE: "Tutorial.Level.StepNext": Completed level 1420, step 1420.1
EDITOR_LEVEL_COMPLETE
STATE: "Tutorial.Level.LevelComplete"
ROUTE: "Tutorial.Level.LevelComplete": Completed level 1420, step 1420.1
Commit saved: [main 93dcdb3] Save progress: 1420.1
 2 files changed, 2 insertions(+)

EDITOR_SYNC_POSITION
EDITOR_LEVEL_ENTER
EDITOR_STEP_ENTER
STATE: "Tutorial.Level.Normal"
ROUTE: "Tutorial.Level.Normal": On level 1425, step 1425.1
Calling command: git log -n 1 --pretty=format:%s d2c548715c431f43692b6c78e38795a7fdf0335b
Calling command: git log -g --grep='1425.1'
Calling command: git cherry-pick -X theirs d2c548715c431f43692b6c78e38795a7fdf0335b
------------------- RUN TEST -------------------
START_TEST
COMMAND: npm run programmatic-test --reporter=mocha-tap-reporter
Calling command: npm run programmatic-test --reporter=mocha-tap-reporter
STATE: "Tutorial.Level.TestRunning"
ROUTE: "Tutorial.Level.TestRunning": On level 1425, step 1425.1
---------------- TEST RESULTS -----------------
./fortune.sh: line 27: unexpected EOF while looking for matching `"'
./fortune.sh: line 28: syntax error: unexpected end of file
TEST_FAIL
STATE: "Tutorial.Level.Normal"
ROUTE: "Tutorial.Level.Normal": On level 1425, step 1425.1
------------------- RUN TEST -------------------
START_TEST
COMMAND: npm run programmatic-test --reporter=mocha-tap-reporter
Calling command: npm run programmatic-test --reporter=mocha-tap-reporter
STATE: "Tutorial.Level.TestRunning"
ROUTE: "Tutorial.Level.TestRunning": On level 1425, step 1425.1
---------------- TEST RESULTS -----------------
./fortune.sh: line 27: unexpected EOF while looking for matching `"'
./fortune.sh: line 28: syntax error: unexpected end of file
TEST_FAIL
STATE: "Tutorial.Level.Normal"
ROUTE: "Tutorial.Level.Normal": On level 1425, step 1425.1
------------------- RUN TEST -------------------
START_TEST
COMMAND: npm run programmatic-test --reporter=mocha-tap-reporter
Calling command: npm run programmatic-test --reporter=mocha-tap-reporter
STATE: "Tutorial.Level.TestRunning"
ROUTE: "Tutorial.Level.TestRunning": On level 1425, step 1425.1
---------------- TEST RESULTS -----------------
TEST_FAIL
STATE: "Tutorial.Level.Normal"
ROUTE: "Tutorial.Level.Normal": On level 1425, step 1425.1
EDITOR_RUN_TEST
------------------- RUN TEST -------------------
START_TEST
COMMAND: npm run programmatic-test --reporter=mocha-tap-reporter
Calling command: npm run programmatic-test --reporter=mocha-tap-reporter
STATE: "Tutorial.Level.Normal"
ROUTE: "Tutorial.Level.Normal": On level 1425, step 1425.1
STATE: "Tutorial.Level.TestRunning"
ROUTE: "Tutorial.Level.TestRunning": On level 1425, step 1425.1
---------------- TEST RESULTS -----------------
TEST_FAIL
STATE: "Tutorial.Level.Normal"
ROUTE: "Tutorial.Level.Normal": On level 1425, step 1425.1
------------------- RUN TEST -------------------
START_TEST
COMMAND: npm run programmatic-test --reporter=mocha-tap-reporter
Calling command: npm run programmatic-test --reporter=mocha-tap-reporter
STATE: "Tutorial.Level.TestRunning"
ROUTE: "Tutorial.Level.TestRunning": On level 1425, step 1425.1
---------------- TEST RESULTS -----------------
TEST_FAIL
STATE: "Tutorial.Level.Normal"
ROUTE: "Tutorial.Level.Normal": On level 1425, step 1425.1
------------------- RUN TEST -------------------
START_TEST
COMMAND: npm run programmatic-test --reporter=mocha-tap-reporter
Calling command: npm run programmatic-test --reporter=mocha-tap-reporter
STATE: "Tutorial.Level.TestRunning"
ROUTE: "Tutorial.Level.TestRunning": On level 1425, step 1425.1
---------------- TEST RESULTS -----------------
./fortune.sh: line 27: unexpected EOF while looking for matching `"'
./fortune.sh: line 28: syntax error: unexpected end of file
TEST_FAIL
STATE: "Tutorial.Level.Normal"
ROUTE: "Tutorial.Level.Normal": On level 1425, step 1425.1
------------------- RUN TEST -------------------
START_TEST
COMMAND: npm run programmatic-test --reporter=mocha-tap-reporter
Calling command: npm run programmatic-test --reporter=mocha-tap-reporter
STATE: "Tutorial.Level.TestRunning"
ROUTE: "Tutorial.Level.TestRunning": On level 1425, step 1425.1
---------------- TEST RESULTS -----------------
TEST_FAIL
STATE: "Tutorial.Level.Normal"
ROUTE: "Tutorial.Level.Normal": On level 1425, step 1425.1
------------------- RUN TEST -------------------
START_TEST
COMMAND: npm run programmatic-test --reporter=mocha-tap-reporter
Calling command: npm run programmatic-test --reporter=mocha-tap-reporter
STATE: "Tutorial.Level.TestRunning"
ROUTE: "Tutorial.Level.TestRunning": On level 1425, step 1425.1
---------------- TEST RESULTS -----------------
TEST_FAIL
STATE: "Tutorial.Level.Normal"
ROUTE: "Tutorial.Level.Normal": On level 1425, step 1425.1
------------------- RUN TEST -------------------
START_TEST
COMMAND: npm run programmatic-test --reporter=mocha-tap-reporter
Calling command: npm run programmatic-test --reporter=mocha-tap-reporter
STATE: "Tutorial.Level.TestRunning"
ROUTE: "Tutorial.Level.TestRunning": On level 1425, step 1425.1
---------------- TEST RESULTS -----------------
./fortune.sh: line 15: unexpected EOF while looking for matching `"'
./fortune.sh: line 28: syntax error: unexpected end of file
TEST_FAIL
STATE: "Tutorial.Level.Normal"
ROUTE: "Tutorial.Level.Normal": On level 1425, step 1425.1
------------------- RUN TEST -------------------
START_TEST
COMMAND: npm run programmatic-test --reporter=mocha-tap-reporter
Calling command: npm run programmatic-test --reporter=mocha-tap-reporter
STATE: "Tutorial.Level.TestRunning"
ROUTE: "Tutorial.Level.TestRunning": On level 1425, step 1425.1
---------------- TEST RESULTS -----------------
./fortune.sh: line 15: unexpected EOF while looking for matching `"'
./fortune.sh: line 28: syntax error: unexpected end of file
TEST_FAIL
STATE: "Tutorial.Level.Normal"
ROUTE: "Tutorial.Level.Normal": On level 1425, step 1425.1
------------------- RUN TEST -------------------
START_TEST
COMMAND: npm run programmatic-test --reporter=mocha-tap-reporter
Calling command: npm run programmatic-test --reporter=mocha-tap-reporter
---------------- TEST RESULTS -----------------
./fortune.sh: line 15: unexpected EOF while looking for matching `"'
./fortune.sh: line 28: syntax error: unexpected end of file
TEST_FAIL
STATE: "Tutorial.Level.TestRunning"
ROUTE: "Tutorial.Level.TestRunning": On level 1425, step 1425.1
STATE: "Tutorial.Level.Normal"
ROUTE: "Tutorial.Level.Normal": On level 1425, step 1425.1
------------------- RUN TEST -------------------
START_TEST
COMMAND: npm run programmatic-test --reporter=mocha-tap-reporter
Calling command: npm run programmatic-test --reporter=mocha-tap-reporter
---------------- TEST RESULTS -----------------
TEST_FAIL
STATE: "Tutorial.Level.TestRunning"
ROUTE: "Tutorial.Level.TestRunning": On level 1425, step 1425.1
STATE: "Tutorial.Level.Normal"
ROUTE: "Tutorial.Level.Normal": On level 1425, step 1425.1
------------------- RUN TEST -------------------
START_TEST
COMMAND: npm run programmatic-test --reporter=mocha-tap-reporter
Calling command: npm run programmatic-test --reporter=mocha-tap-reporter
STATE: "Tutorial.Level.TestRunning"
ROUTE: "Tutorial.Level.TestRunning": On level 1425, step 1425.1
---------------- TEST RESULTS -----------------
./fortune.sh: line 15: unexpected EOF while looking for matching `"'
./fortune.sh: line 28: syntax error: unexpected end of file
TEST_FAIL
STATE: "Tutorial.Level.Normal"
ROUTE: "Tutorial.Level.Normal": On level 1425, step 1425.1
------------------- RUN TEST -------------------
START_TEST
COMMAND: npm run programmatic-test --reporter=mocha-tap-reporter
Calling command: npm run programmatic-test --reporter=mocha-tap-reporter
STATE: "Tutorial.Level.TestRunning"
ROUTE: "Tutorial.Level.TestRunning": On level 1425, step 1425.1
---------------- TEST RESULTS -----------------
TEST_FAIL
STATE: "Tutorial.Level.Normal"
ROUTE: "Tutorial.Level.Normal": On level 1425, step 1425.1
------------------- RUN TEST -------------------
START_TEST
COMMAND: npm run programmatic-test --reporter=mocha-tap-reporter
Calling command: npm run programmatic-test --reporter=mocha-tap-reporter
STATE: "Tutorial.Level.TestRunning"
ROUTE: "Tutorial.Level.TestRunning": On level 1425, step 1425.1
---------------- TEST RESULTS -----------------
TEST_FAIL
STATE: "Tutorial.Level.Normal"
ROUTE: "Tutorial.Level.Normal": On level 1425, step 1425.1
------------------- RUN TEST -------------------
START_TEST
COMMAND: npm run programmatic-test --reporter=mocha-tap-reporter
Calling command: npm run programmatic-test --reporter=mocha-tap-reporter
STATE: "Tutorial.Level.TestRunning"
ROUTE: "Tutorial.Level.TestRunning": On level 1425, step 1425.1
---------------- TEST RESULTS -----------------
./fortune.sh: line 27: unexpected EOF while looking for matching `"'
./fortune.sh: line 28: syntax error: unexpected end of file
TEST_FAIL
STATE: "Tutorial.Level.Normal"
ROUTE: "Tutorial.Level.Normal": On level 1425, step 1425.1
------------------- RUN TEST -------------------
START_TEST
COMMAND: npm run programmatic-test --reporter=mocha-tap-reporter
Calling command: npm run programmatic-test --reporter=mocha-tap-reporter
STATE: "Tutorial.Level.TestRunning"
ROUTE: "Tutorial.Level.TestRunning": On level 1425, step 1425.1
---------------- TEST RESULTS -----------------
Test pass position: {"stepId":"1425.1","levelId":"1425","complete":false}
TEST_PASS
updateStepPosition: {"type":"TEST_PASS","payload":{"position":{"stepId":"1425.1","levelId":"1425","complete":true}},"source":"coderoad"})
EDITOR_STEP_COMPLETE
Calling command: git commit -am 'Save progress: 1425.1'
STATE: "Tutorial.Level.StepNext"
ROUTE: "Tutorial.Level.StepNext": Completed level 1425, step 1425.1
EDITOR_LEVEL_COMPLETE
STATE: "Tutorial.Level.LevelComplete"
ROUTE: "Tutorial.Level.LevelComplete": Completed level 1425, step 1425.1
EDITOR_SYNC_POSITION
EDITOR_LEVEL_ENTER
EDITOR_STEP_ENTER
STATE: "Tutorial.Level.Normal"
ROUTE: "Tutorial.Level.Normal": On level 1428, step 1428.1
Calling command: git log -n 1 --pretty=format:%s efefa327a027bae2b7f4b8cbcf5b9fa45b5693c9
Calling command: git log -g --grep='1428.1'
Calling command: git cherry-pick -X theirs efefa327a027bae2b7f4b8cbcf5b9fa45b5693c9
------------------- RUN TEST -------------------
START_TEST
COMMAND: npm run programmatic-test --reporter=mocha-tap-reporter
Calling command: npm run programmatic-test --reporter=mocha-tap-reporter
STATE: "Tutorial.Level.TestRunning"
ROUTE: "Tutorial.Level.TestRunning": On level 1428, step 1428.1
---------------- TEST RESULTS -----------------
Test pass position: {"stepId":"1428.1","levelId":"1428","complete":false}
TEST_PASS
updateStepPosition: {"type":"TEST_PASS","payload":{"position":{"stepId":"1428.1","levelId":"1428","complete":true}},"source":"coderoad"})
EDITOR_STEP_COMPLETE
Calling command: git commit -am 'Save progress: 1428.1'
STATE: "Tutorial.Level.StepNext"
ROUTE: "Tutorial.Level.StepNext": Completed level 1428, step 1428.1
EDITOR_LEVEL_COMPLETE
STATE: "Tutorial.Level.LevelComplete"
ROUTE: "Tutorial.Level.LevelComplete": Completed level 1428, step 1428.1
Commit saved: [main f905035] Save progress: 1428.1
 2 files changed, 2 insertions(+)

EDITOR_SYNC_POSITION
EDITOR_LEVEL_ENTER
EDITOR_STEP_ENTER
STATE: "Tutorial.Level.Normal"
ROUTE: "Tutorial.Level.Normal": On level 1430, step 1430.1
Calling command: git log -n 1 --pretty=format:%s 781ce90e8da4e84d244b6405cfa8b1bff0d735c0
Calling command: git log -g --grep='1430.1'
Calling command: git cherry-pick -X theirs 781ce90e8da4e84d244b6405cfa8b1bff0d735c0
------------------- RUN TEST -------------------
START_TEST
COMMAND: npm run programmatic-test --reporter=mocha-tap-reporter
Calling command: npm run programmatic-test --reporter=mocha-tap-reporter
STATE: "Tutorial.Level.TestRunning"
ROUTE: "Tutorial.Level.TestRunning": On level 1430, step 1430.1
---------------- TEST RESULTS -----------------
Test pass position: {"stepId":"1430.1","levelId":"1430","complete":false}
TEST_PASS
updateStepPosition: {"type":"TEST_PASS","payload":{"position":{"stepId":"1430.1","levelId":"1430","complete":true}},"source":"coderoad"})
EDITOR_STEP_COMPLETE
Calling command: git commit -am 'Save progress: 1430.1'
STATE: "Tutorial.Level.StepNext"
ROUTE: "Tutorial.Level.StepNext": Completed level 1430, step 1430.1
EDITOR_LEVEL_COMPLETE
STATE: "Tutorial.Level.LevelComplete"
ROUTE: "Tutorial.Level.LevelComplete": Completed level 1430, step 1430.1
Commit saved: [main e33de1b] Save progress: 1430.1
 2 files changed, 2 insertions(+)

EDITOR_SYNC_POSITION
EDITOR_LEVEL_ENTER
EDITOR_STEP_ENTER
STATE: "Tutorial.Level.Normal"
ROUTE: "Tutorial.Level.Normal": On level 1440, step 1440.1
Calling command: git log -n 1 --pretty=format:%s b3cd240d5c0e890b4f7d0376bfacec6653497ef4
Calling command: git log -g --grep='1440.1'
Calling command: git cherry-pick -X theirs b3cd240d5c0e890b4f7d0376bfacec6653497ef4
------------------- RUN TEST -------------------
START_TEST
COMMAND: npm run programmatic-test --reporter=mocha-tap-reporter
Calling command: npm run programmatic-test --reporter=mocha-tap-reporter
STATE: "Tutorial.Level.TestRunning"
ROUTE: "Tutorial.Level.TestRunning": On level 1440, step 1440.1
---------------- TEST RESULTS -----------------
Test pass position: {"stepId":"1440.1","levelId":"1440","complete":false}
TEST_PASS
updateStepPosition: {"type":"TEST_PASS","payload":{"position":{"stepId":"1440.1","levelId":"1440","complete":true}},"source":"coderoad"})
EDITOR_STEP_COMPLETE
Calling command: git commit -am 'Save progress: 1440.1'
STATE: "Tutorial.Level.StepNext"
ROUTE: "Tutorial.Level.StepNext": Completed level 1440, step 1440.1
EDITOR_LEVEL_COMPLETE
STATE: "Tutorial.Level.LevelComplete"
ROUTE: "Tutorial.Level.LevelComplete": Completed level 1440, step 1440.1
Commit saved: [main d520cbe] Save progress: 1440.1
 2 files changed, 2 insertions(+)

EDITOR_SYNC_POSITION
EDITOR_LEVEL_ENTER
EDITOR_STEP_ENTER
STATE: "Tutorial.Level.Normal"
ROUTE: "Tutorial.Level.Normal": On level 1450, step 1450.1
Calling command: git log -n 1 --pretty=format:%s 600d935f73ca8d6eade088cb30cc3c51bd09eb70
Calling command: git log -g --grep='1450.1'
Calling command: git cherry-pick -X theirs 600d935f73ca8d6eade088cb30cc3c51bd09eb70
------------------- RUN TEST -------------------
START_TEST
COMMAND: npm run programmatic-test --reporter=mocha-tap-reporter
Calling command: npm run programmatic-test --reporter=mocha-tap-reporter
STATE: "Tutorial.Level.TestRunning"
ROUTE: "Tutorial.Level.TestRunning": On level 1450, step 1450.1
---------------- TEST RESULTS -----------------
Test pass position: {"stepId":"1450.1","levelId":"1450","complete":false}
TEST_PASS
updateStepPosition: {"type":"TEST_PASS","payload":{"position":{"stepId":"1450.1","levelId":"1450","complete":true}},"source":"coderoad"})
EDITOR_STEP_COMPLETE
Calling command: git commit -am 'Save progress: 1450.1'
STATE: "Tutorial.Level.StepNext"
ROUTE: "Tutorial.Level.StepNext": Completed level 1450, step 1450.1
EDITOR_LEVEL_COMPLETE
STATE: "Tutorial.Level.LevelComplete"
ROUTE: "Tutorial.Level.LevelComplete": Completed level 1450, step 1450.1
EDITOR_SYNC_POSITION
EDITOR_LEVEL_ENTER
EDITOR_STEP_ENTER
STATE: "Tutorial.Level.Normal"
ROUTE: "Tutorial.Level.Normal": On level 1460, step 1460.1
Calling command: git log -n 1 --pretty=format:%s ed12144637452be8a7607aa9620e08889eb3e44c
Calling command: git log -g --grep='1460.1'
Calling command: git cherry-pick -X theirs ed12144637452be8a7607aa9620e08889eb3e44c
------------------- RUN TEST -------------------
START_TEST
COMMAND: npm run programmatic-test --reporter=mocha-tap-reporter
Calling command: npm run programmatic-test --reporter=mocha-tap-reporter
STATE: "Tutorial.Level.TestRunning"
ROUTE: "Tutorial.Level.TestRunning": On level 1460, step 1460.1
---------------- TEST RESULTS -----------------
TEST_FAIL
STATE: "Tutorial.Level.Normal"
ROUTE: "Tutorial.Level.Normal": On level 1460, step 1460.1
------------------- RUN TEST -------------------
START_TEST
COMMAND: npm run programmatic-test --reporter=mocha-tap-reporter
Calling command: npm run programmatic-test --reporter=mocha-tap-reporter
STATE: "Tutorial.Level.TestRunning"
ROUTE: "Tutorial.Level.TestRunning": On level 1460, step 1460.1
---------------- TEST RESULTS -----------------
Test pass position: {"stepId":"1460.1","levelId":"1460","complete":false}
TEST_PASS
updateStepPosition: {"type":"TEST_PASS","payload":{"position":{"stepId":"1460.1","levelId":"1460","complete":true}},"source":"coderoad"})
EDITOR_STEP_COMPLETE
Calling command: git commit -am 'Save progress: 1460.1'
STATE: "Tutorial.Level.StepNext"
ROUTE: "Tutorial.Level.StepNext": Completed level 1460, step 1460.1
EDITOR_LEVEL_COMPLETE
STATE: "Tutorial.Level.LevelComplete"
ROUTE: "Tutorial.Level.LevelComplete": Completed level 1460, step 1460.1
EDITOR_SYNC_POSITION
EDITOR_LEVEL_ENTER
EDITOR_STEP_ENTER
STATE: "Tutorial.Level.Normal"
ROUTE: "Tutorial.Level.Normal": On level 1470, step 1470.1
Calling command: git log -n 1 --pretty=format:%s 596f431aa5f3db7610463e7a146a98a0224e6afe
Calling command: git log -g --grep='1470.1'
Calling command: git cherry-pick -X theirs 596f431aa5f3db7610463e7a146a98a0224e6afe
------------------- RUN TEST -------------------
START_TEST
COMMAND: npm run programmatic-test --reporter=mocha-tap-reporter
Calling command: npm run programmatic-test --reporter=mocha-tap-reporter
STATE: "Tutorial.Level.TestRunning"
ROUTE: "Tutorial.Level.TestRunning": On level 1470, step 1470.1
---------------- TEST RESULTS -----------------
Test pass position: {"stepId":"1470.1","levelId":"1470","complete":false}
TEST_PASS
updateStepPosition: {"type":"TEST_PASS","payload":{"position":{"stepId":"1470.1","levelId":"1470","complete":true}},"source":"coderoad"})
EDITOR_STEP_COMPLETE
Calling command: git commit -am 'Save progress: 1470.1'
STATE: "Tutorial.Level.StepNext"
ROUTE: "Tutorial.Level.StepNext": Completed level 1470, step 1470.1
EDITOR_LEVEL_COMPLETE
STATE: "Tutorial.Level.LevelComplete"
ROUTE: "Tutorial.Level.LevelComplete": Completed level 1470, step 1470.1
Commit saved: [main cc73abc] Save progress: 1470.1
 2 files changed, 2 insertions(+)

EDITOR_SYNC_POSITION
EDITOR_LEVEL_ENTER
EDITOR_STEP_ENTER
STATE: "Tutorial.Level.Normal"
ROUTE: "Tutorial.Level.Normal": On level 1480, step 1480.1
Calling command: git log -n 1 --pretty=format:%s 35cc3cea0ca8e5d30e2b5c75e8fa90dea42c4377
Calling command: git log -g --grep='1480.1'
Calling command: git cherry-pick -X theirs 35cc3cea0ca8e5d30e2b5c75e8fa90dea42c4377
------------------- RUN TEST -------------------
START_TEST
COMMAND: npm run programmatic-test --reporter=mocha-tap-reporter
Calling command: npm run programmatic-test --reporter=mocha-tap-reporter
---------------- TEST RESULTS -----------------
TEST_FAIL
STATE: "Tutorial.Level.TestRunning"
ROUTE: "Tutorial.Level.TestRunning": On level 1480, step 1480.1
STATE: "Tutorial.Level.Normal"
ROUTE: "Tutorial.Level.Normal": On level 1480, step 1480.1
------------------- RUN TEST -------------------
START_TEST
COMMAND: npm run programmatic-test --reporter=mocha-tap-reporter
Calling command: npm run programmatic-test --reporter=mocha-tap-reporter
STATE: "Tutorial.Level.TestRunning"
ROUTE: "Tutorial.Level.TestRunning": On level 1480, step 1480.1
---------------- TEST RESULTS -----------------
Test pass position: {"stepId":"1480.1","levelId":"1480","complete":false}
TEST_PASS
updateStepPosition: {"type":"TEST_PASS","payload":{"position":{"stepId":"1480.1","levelId":"1480","complete":true}},"source":"coderoad"})
EDITOR_STEP_COMPLETE
Calling command: git commit -am 'Save progress: 1480.1'
STATE: "Tutorial.Level.StepNext"
ROUTE: "Tutorial.Level.StepNext": Completed level 1480, step 1480.1
EDITOR_LEVEL_COMPLETE
STATE: "Tutorial.Level.LevelComplete"
ROUTE: "Tutorial.Level.LevelComplete": Completed level 1480, step 1480.1
Commit saved: [main 258dcd2] Save progress: 1480.1
 2 files changed, 4 insertions(+)

EDITOR_SYNC_POSITION
EDITOR_LEVEL_ENTER
EDITOR_STEP_ENTER
STATE: "Tutorial.Level.Normal"
ROUTE: "Tutorial.Level.Normal": On level 1490, step 1490.1
Calling command: git log -n 1 --pretty=format:%s 92850450c6ec7cbdb5c17f47d7bc4ce8e372afa3
Calling command: git log -g --grep='1490.1'
Calling command: git cherry-pick -X theirs 92850450c6ec7cbdb5c17f47d7bc4ce8e372afa3
------------------- RUN TEST -------------------
START_TEST
COMMAND: npm run programmatic-test --reporter=mocha-tap-reporter
Calling command: npm run programmatic-test --reporter=mocha-tap-reporter
STATE: "Tutorial.Level.TestRunning"
ROUTE: "Tutorial.Level.TestRunning": On level 1490, step 1490.1
---------------- TEST RESULTS -----------------
TEST_FAIL
STATE: "Tutorial.Level.Normal"
ROUTE: "Tutorial.Level.Normal": On level 1490, step 1490.1
------------------- RUN TEST -------------------
START_TEST
COMMAND: npm run programmatic-test --reporter=mocha-tap-reporter
Calling command: npm run programmatic-test --reporter=mocha-tap-reporter
STATE: "Tutorial.Level.TestRunning"
ROUTE: "Tutorial.Level.TestRunning": On level 1490, step 1490.1
---------------- TEST RESULTS -----------------
TEST_FAIL
STATE: "Tutorial.Level.Normal"
ROUTE: "Tutorial.Level.Normal": On level 1490, step 1490.1
------------------- RUN TEST -------------------
START_TEST
COMMAND: npm run programmatic-test --reporter=mocha-tap-reporter
Calling command: npm run programmatic-test --reporter=mocha-tap-reporter
STATE: "Tutorial.Level.TestRunning"
ROUTE: "Tutorial.Level.TestRunning": On level 1490, step 1490.1
---------------- TEST RESULTS -----------------
TEST_FAIL
STATE: "Tutorial.Level.Normal"
ROUTE: "Tutorial.Level.Normal": On level 1490, step 1490.1
------------------- RUN TEST -------------------
START_TEST
COMMAND: npm run programmatic-test --reporter=mocha-tap-reporter
Calling command: npm run programmatic-test --reporter=mocha-tap-reporter
STATE: "Tutorial.Level.TestRunning"
ROUTE: "Tutorial.Level.TestRunning": On level 1490, step 1490.1
---------------- TEST RESULTS -----------------
TEST_FAIL
STATE: "Tutorial.Level.Normal"
ROUTE: "Tutorial.Level.Normal": On level 1490, step 1490.1
------------------- RUN TEST -------------------
START_TEST
COMMAND: npm run programmatic-test --reporter=mocha-tap-reporter
Calling command: npm run programmatic-test --reporter=mocha-tap-reporter
STATE: "Tutorial.Level.TestRunning"
ROUTE: "Tutorial.Level.TestRunning": On level 1490, step 1490.1
---------------- TEST RESULTS -----------------
TEST_FAIL
STATE: "Tutorial.Level.Normal"
ROUTE: "Tutorial.Level.Normal": On level 1490, step 1490.1
------------------- RUN TEST -------------------
START_TEST
COMMAND: npm run programmatic-test --reporter=mocha-tap-reporter
Calling command: npm run programmatic-test --reporter=mocha-tap-reporter
STATE: "Tutorial.Level.TestRunning"
ROUTE: "Tutorial.Level.TestRunning": On level 1490, step 1490.1
---------------- TEST RESULTS -----------------
TEST_FAIL
STATE: "Tutorial.Level.Normal"
ROUTE: "Tutorial.Level.Normal": On level 1490, step 1490.1
------------------- RUN TEST -------------------
START_TEST
COMMAND: npm run programmatic-test --reporter=mocha-tap-reporter
Calling command: npm run programmatic-test --reporter=mocha-tap-reporter
STATE: "Tutorial.Level.TestRunning"
ROUTE: "Tutorial.Level.TestRunning": On level 1490, step 1490.1
---------------- TEST RESULTS -----------------
Test pass position: {"stepId":"1490.1","levelId":"1490","complete":false}
TEST_PASS
updateStepPosition: {"type":"TEST_PASS","payload":{"position":{"stepId":"1490.1","levelId":"1490","complete":true}},"source":"coderoad"})
EDITOR_STEP_COMPLETE
Calling command: git commit -am 'Save progress: 1490.1'
STATE: "Tutorial.Level.StepNext"
ROUTE: "Tutorial.Level.StepNext": Completed level 1490, step 1490.1
EDITOR_LEVEL_COMPLETE
STATE: "Tutorial.Level.LevelComplete"
ROUTE: "Tutorial.Level.LevelComplete": Completed level 1490, step 1490.1
EDITOR_SYNC_POSITION
EDITOR_LEVEL_ENTER
EDITOR_STEP_ENTER
STATE: "Tutorial.Level.Normal"
ROUTE: "Tutorial.Level.Normal": On level 1500, step 1500.1
Calling command: git log -n 1 --pretty=format:%s ab932636cb400bcae42284cd965bf0293eea4f5a
Calling command: git log -g --grep='1500.1'
Calling command: git cherry-pick -X theirs ab932636cb400bcae42284cd965bf0293eea4f5a
------------------- RUN TEST -------------------
START_TEST
COMMAND: npm run programmatic-test --reporter=mocha-tap-reporter
Calling command: npm run programmatic-test --reporter=mocha-tap-reporter
STATE: "Tutorial.Level.TestRunning"
ROUTE: "Tutorial.Level.TestRunning": On level 1500, step 1500.1
---------------- TEST RESULTS -----------------
Test pass position: {"stepId":"1500.1","levelId":"1500","complete":false}
TEST_PASS
updateStepPosition: {"type":"TEST_PASS","payload":{"position":{"stepId":"1500.1","levelId":"1500","complete":true}},"source":"coderoad"})
EDITOR_STEP_COMPLETE
Calling command: git commit -am 'Save progress: 1500.1'
STATE: "Tutorial.Level.StepNext"
ROUTE: "Tutorial.Level.StepNext": Completed level 1500, step 1500.1
EDITOR_LEVEL_COMPLETE
STATE: "Tutorial.Level.LevelComplete"
ROUTE: "Tutorial.Level.LevelComplete": Completed level 1500, step 1500.1
Commit saved: [main 0f4ce1c] Save progress: 1500.1
 2 files changed, 2 insertions(+)

EDITOR_SYNC_POSITION
EDITOR_LEVEL_ENTER
EDITOR_STEP_ENTER
STATE: "Tutorial.Level.Normal"
ROUTE: "Tutorial.Level.Normal": On level 1510, step 1510.1
Calling command: git log -n 1 --pretty=format:%s 000f62662ab29bb322e4c16f8d296b0309c969fe
Calling command: git log -g --grep='1510.1'
Calling command: git cherry-pick -X theirs 000f62662ab29bb322e4c16f8d296b0309c969fe
------------------- RUN TEST -------------------
START_TEST
COMMAND: npm run programmatic-test --reporter=mocha-tap-reporter
Calling command: npm run programmatic-test --reporter=mocha-tap-reporter
STATE: "Tutorial.Level.TestRunning"
ROUTE: "Tutorial.Level.TestRunning": On level 1510, step 1510.1
---------------- TEST RESULTS -----------------
Test pass position: {"stepId":"1510.1","levelId":"1510","complete":false}
TEST_PASS
updateStepPosition: {"type":"TEST_PASS","payload":{"position":{"stepId":"1510.1","levelId":"1510","complete":true}},"source":"coderoad"})
EDITOR_STEP_COMPLETE
Calling command: git commit -am 'Save progress: 1510.1'
STATE: "Tutorial.Level.StepNext"
ROUTE: "Tutorial.Level.StepNext": Completed level 1510, step 1510.1
EDITOR_LEVEL_COMPLETE
STATE: "Tutorial.Level.LevelComplete"
ROUTE: "Tutorial.Level.LevelComplete": Completed level 1510, step 1510.1
Commit saved: [main a262219] Save progress: 1510.1
 2 files changed, 2 insertions(+)

EDITOR_SYNC_POSITION
EDITOR_LEVEL_ENTER
EDITOR_STEP_ENTER
STATE: "Tutorial.Level.Normal"
ROUTE: "Tutorial.Level.Normal": On level 1520, step 1520.1
Calling command: git log -n 1 --pretty=format:%s 0020e8e0262b988a15ca445fcd5a256b9a23c6fb
Calling command: git log -g --grep='1520.1'
Calling command: git cherry-pick -X theirs 0020e8e0262b988a15ca445fcd5a256b9a23c6fb
------------------- RUN TEST -------------------
START_TEST
COMMAND: npm run programmatic-test --reporter=mocha-tap-reporter
Calling command: npm run programmatic-test --reporter=mocha-tap-reporter
STATE: "Tutorial.Level.TestRunning"
ROUTE: "Tutorial.Level.TestRunning": On level 1520, step 1520.1
---------------- TEST RESULTS -----------------
Test pass position: {"stepId":"1520.1","levelId":"1520","complete":false}
TEST_PASS
updateStepPosition: {"type":"TEST_PASS","payload":{"position":{"stepId":"1520.1","levelId":"1520","complete":true}},"source":"coderoad"})
EDITOR_STEP_COMPLETE
Calling command: git commit -am 'Save progress: 1520.1'
STATE: "Tutorial.Level.StepNext"
ROUTE: "Tutorial.Level.StepNext": Completed level 1520, step 1520.1
EDITOR_LEVEL_COMPLETE
STATE: "Tutorial.Level.LevelComplete"
ROUTE: "Tutorial.Level.LevelComplete": Completed level 1520, step 1520.1
Commit saved: [main 52bbca3] Save progress: 1520.1
 2 files changed, 2 insertions(+)

EDITOR_SYNC_POSITION
EDITOR_LEVEL_ENTER
EDITOR_STEP_ENTER
STATE: "Tutorial.Level.Normal"
ROUTE: "Tutorial.Level.Normal": On level 1530, step 1530.1
Calling command: git log -n 1 --pretty=format:%s e497707bc47bb00839f084976de8a931080ef111
Calling command: git log -g --grep='1530.1'
Calling command: git cherry-pick -X theirs e497707bc47bb00839f084976de8a931080ef111
------------------- RUN TEST -------------------
START_TEST
COMMAND: npm run programmatic-test --reporter=mocha-tap-reporter
Calling command: npm run programmatic-test --reporter=mocha-tap-reporter
STATE: "Tutorial.Level.TestRunning"
ROUTE: "Tutorial.Level.TestRunning": On level 1530, step 1530.1
---------------- TEST RESULTS -----------------
Test pass position: {"stepId":"1530.1","levelId":"1530","complete":false}
TEST_PASS
updateStepPosition: {"type":"TEST_PASS","payload":{"position":{"stepId":"1530.1","levelId":"1530","complete":true}},"source":"coderoad"})
EDITOR_STEP_COMPLETE
Calling command: git commit -am 'Save progress: 1530.1'
STATE: "Tutorial.Level.StepNext"
ROUTE: "Tutorial.Level.StepNext": Completed level 1530, step 1530.1
EDITOR_LEVEL_COMPLETE
STATE: "Tutorial.Level.LevelComplete"
ROUTE: "Tutorial.Level.LevelComplete": Completed level 1530, step 1530.1
Commit saved: [main f0ff613] Save progress: 1530.1
 2 files changed, 2 insertions(+)

EDITOR_SYNC_POSITION
EDITOR_LEVEL_ENTER
EDITOR_STEP_ENTER
STATE: "Tutorial.Level.Normal"
ROUTE: "Tutorial.Level.Normal": On level 1540, step 1540.1
Calling command: git log -n 1 --pretty=format:%s 85aab97c0f3a73d1b01c80c97a39580afaf2e49c
Calling command: git log -g --grep='1540.1'
Calling command: git cherry-pick -X theirs 85aab97c0f3a73d1b01c80c97a39580afaf2e49c
------------------- RUN TEST -------------------
START_TEST
COMMAND: npm run programmatic-test --reporter=mocha-tap-reporter
Calling command: npm run programmatic-test --reporter=mocha-tap-reporter
STATE: "Tutorial.Level.TestRunning"
ROUTE: "Tutorial.Level.TestRunning": On level 1540, step 1540.1
---------------- TEST RESULTS -----------------
Test pass position: {"stepId":"1540.1","levelId":"1540","complete":false}
TEST_PASS
updateStepPosition: {"type":"TEST_PASS","payload":{"position":{"stepId":"1540.1","levelId":"1540","complete":true}},"source":"coderoad"})
EDITOR_STEP_COMPLETE
Calling command: git commit -am 'Save progress: 1540.1'
STATE: "Tutorial.Level.StepNext"
ROUTE: "Tutorial.Level.StepNext": Completed level 1540, step 1540.1
EDITOR_LEVEL_COMPLETE
STATE: "Tutorial.Level.LevelComplete"
ROUTE: "Tutorial.Level.LevelComplete": Completed level 1540, step 1540.1
Commit saved: [main e5f22fd] Save progress: 1540.1
 2 files changed, 2 insertions(+)

EDITOR_SYNC_POSITION
EDITOR_LEVEL_ENTER
EDITOR_STEP_ENTER
STATE: "Tutorial.Level.Normal"
ROUTE: "Tutorial.Level.Normal": On level 1550, step 1550.1
Calling command: git log -n 1 --pretty=format:%s 2042a1384041e64f140e8239a31a386ac965186d
Calling command: git log -g --grep='1550.1'
Calling command: git cherry-pick -X theirs 2042a1384041e64f140e8239a31a386ac965186d
------------------- RUN TEST -------------------
START_TEST
COMMAND: npm run programmatic-test --reporter=mocha-tap-reporter
Calling command: npm run programmatic-test --reporter=mocha-tap-reporter
---------------- TEST RESULTS -----------------
Test pass position: {"stepId":"1550.1","levelId":"1550","complete":false}
TEST_PASS
STATE: "Tutorial.Level.TestRunning"
ROUTE: "Tutorial.Level.TestRunning": On level 1550, step 1550.1
updateStepPosition: {"type":"TEST_PASS","payload":{"position":{"stepId":"1550.1","levelId":"1550","complete":true}},"source":"coderoad"})
EDITOR_STEP_COMPLETE
Calling command: git commit -am 'Save progress: 1550.1'
STATE: "Tutorial.Level.StepNext"
ROUTE: "Tutorial.Level.StepNext": Completed level 1550, step 1550.1
EDITOR_LEVEL_COMPLETE
STATE: "Tutorial.Level.LevelComplete"
ROUTE: "Tutorial.Level.LevelComplete": Completed level 1550, step 1550.1
Commit saved: [main b98a720] Save progress: 1550.1
 2 files changed, 2 insertions(+)

EDITOR_SYNC_POSITION
EDITOR_LEVEL_ENTER
EDITOR_STEP_ENTER
STATE: "Tutorial.Level.Normal"
ROUTE: "Tutorial.Level.Normal": On level 1560, step 1560.1
Calling command: git log -n 1 --pretty=format:%s 21c228b482c27b245638be8bfaaad8c5b63d9a63
Calling command: git log -g --grep='1560.1'
Calling command: git cherry-pick -X theirs 21c228b482c27b245638be8bfaaad8c5b63d9a63
------------------- RUN TEST -------------------
START_TEST
COMMAND: npm run programmatic-test --reporter=mocha-tap-reporter
Calling command: npm run programmatic-test --reporter=mocha-tap-reporter
STATE: "Tutorial.Level.TestRunning"
ROUTE: "Tutorial.Level.TestRunning": On level 1560, step 1560.1
---------------- TEST RESULTS -----------------
Test pass position: {"stepId":"1560.1","levelId":"1560","complete":false}
TEST_PASS
updateStepPosition: {"type":"TEST_PASS","payload":{"position":{"stepId":"1560.1","levelId":"1560","complete":true}},"source":"coderoad"})
EDITOR_STEP_COMPLETE
Calling command: git commit -am 'Save progress: 1560.1'
STATE: "Tutorial.Level.StepNext"
ROUTE: "Tutorial.Level.StepNext": Completed level 1560, step 1560.1
EDITOR_LEVEL_COMPLETE
STATE: "Tutorial.Level.LevelComplete"
ROUTE: "Tutorial.Level.LevelComplete": Completed level 1560, step 1560.1
Commit saved: [main aa0b41a] Save progress: 1560.1
 2 files changed, 2 insertions(+)

EDITOR_SYNC_POSITION
EDITOR_LEVEL_ENTER
EDITOR_STEP_ENTER
STATE: "Tutorial.Level.Normal"
ROUTE: "Tutorial.Level.Normal": On level 1570, step 1570.1
Calling command: git log -n 1 --pretty=format:%s 33d983b0b632042e55d82b514b234fbc2b4e4c2b
Calling command: git log -g --grep='1570.1'
Calling command: git cherry-pick -X theirs 33d983b0b632042e55d82b514b234fbc2b4e4c2b
------------------- RUN TEST -------------------
START_TEST
COMMAND: npm run programmatic-test --reporter=mocha-tap-reporter
Calling command: npm run programmatic-test --reporter=mocha-tap-reporter
STATE: "Tutorial.Level.TestRunning"
ROUTE: "Tutorial.Level.TestRunning": On level 1570, step 1570.1
---------------- TEST RESULTS -----------------
Test pass position: {"stepId":"1570.1","levelId":"1570","complete":false}
TEST_PASS
updateStepPosition: {"type":"TEST_PASS","payload":{"position":{"stepId":"1570.1","levelId":"1570","complete":true}},"source":"coderoad"})
EDITOR_STEP_COMPLETE
Calling command: git commit -am 'Save progress: 1570.1'
STATE: "Tutorial.Level.StepNext"
ROUTE: "Tutorial.Level.StepNext": Completed level 1570, step 1570.1
EDITOR_LEVEL_COMPLETE
STATE: "Tutorial.Level.LevelComplete"
ROUTE: "Tutorial.Level.LevelComplete": Completed level 1570, step 1570.1
Commit saved: [main ca96afa] Save progress: 1570.1
 2 files changed, 2 insertions(+)

EDITOR_SYNC_POSITION
EDITOR_LEVEL_ENTER
EDITOR_STEP_ENTER
STATE: "Tutorial.Level.Normal"
ROUTE: "Tutorial.Level.Normal": On level 1580, step 1580.1
Calling command: git log -n 1 --pretty=format:%s a638a83758e348d9c9794d1963c637ec219306f3
Calling command: git log -g --grep='1580.1'
Calling command: git cherry-pick -X theirs a638a83758e348d9c9794d1963c637ec219306f3
------------------- RUN TEST -------------------
START_TEST
COMMAND: npm run programmatic-test --reporter=mocha-tap-reporter
Calling command: npm run programmatic-test --reporter=mocha-tap-reporter
STATE: "Tutorial.Level.TestRunning"
ROUTE: "Tutorial.Level.TestRunning": On level 1580, step 1580.1
---------------- TEST RESULTS -----------------
Test pass position: {"stepId":"1580.1","levelId":"1580","complete":false}
TEST_PASS
updateStepPosition: {"type":"TEST_PASS","payload":{"position":{"stepId":"1580.1","levelId":"1580","complete":true}},"source":"coderoad"})
EDITOR_STEP_COMPLETE
Calling command: git commit -am 'Save progress: 1580.1'
STATE: "Tutorial.Level.StepNext"
ROUTE: "Tutorial.Level.StepNext": Completed level 1580, step 1580.1
EDITOR_LEVEL_COMPLETE
STATE: "Tutorial.Level.LevelComplete"
ROUTE: "Tutorial.Level.LevelComplete": Completed level 1580, step 1580.1
Commit saved: [main 1b4b83a] Save progress: 1580.1
 2 files changed, 2 insertions(+)

EDITOR_SYNC_POSITION
EDITOR_LEVEL_ENTER
EDITOR_STEP_ENTER
STATE: "Tutorial.Level.Normal"
ROUTE: "Tutorial.Level.Normal": On level 1590, step 1590.1
Calling command: git log -n 1 --pretty=format:%s 504b22b8212d539520fed73bd00ee28925ac1f8e
Calling command: git log -g --grep='1590.1'
Calling command: git cherry-pick -X theirs 504b22b8212d539520fed73bd00ee28925ac1f8e
------------------- RUN TEST -------------------
START_TEST
COMMAND: npm run programmatic-test --reporter=mocha-tap-reporter
Calling command: npm run programmatic-test --reporter=mocha-tap-reporter
STATE: "Tutorial.Level.TestRunning"
ROUTE: "Tutorial.Level.TestRunning": On level 1590, step 1590.1
---------------- TEST RESULTS -----------------
Test pass position: {"stepId":"1590.1","levelId":"1590","complete":false}
TEST_PASS
updateStepPosition: {"type":"TEST_PASS","payload":{"position":{"stepId":"1590.1","levelId":"1590","complete":true}},"source":"coderoad"})
EDITOR_STEP_COMPLETE
Calling command: git commit -am 'Save progress: 1590.1'
STATE: "Tutorial.Level.StepNext"
ROUTE: "Tutorial.Level.StepNext": Completed level 1590, step 1590.1
EDITOR_LEVEL_COMPLETE
STATE: "Tutorial.Level.LevelComplete"
ROUTE: "Tutorial.Level.LevelComplete": Completed level 1590, step 1590.1
Commit saved: [main 823771f] Save progress: 1590.1
 2 files changed, 2 insertions(+)

EDITOR_SYNC_POSITION
EDITOR_LEVEL_ENTER
EDITOR_STEP_ENTER
STATE: "Tutorial.Level.Normal"
ROUTE: "Tutorial.Level.Normal": On level 1600, step 1600.1
Calling command: git log -n 1 --pretty=format:%s ece9f053a5f0f0f859b848d6d38b99d9c100841a
Calling command: git log -g --grep='1600.1'
Calling command: git cherry-pick -X theirs ece9f053a5f0f0f859b848d6d38b99d9c100841a
------------------- RUN TEST -------------------
START_TEST
COMMAND: npm run programmatic-test --reporter=mocha-tap-reporter
Calling command: npm run programmatic-test --reporter=mocha-tap-reporter
STATE: "Tutorial.Level.TestRunning"
ROUTE: "Tutorial.Level.TestRunning": On level 1600, step 1600.1
---------------- TEST RESULTS -----------------
Test pass position: {"stepId":"1600.1","levelId":"1600","complete":false}
TEST_PASS
updateStepPosition: {"type":"TEST_PASS","payload":{"position":{"stepId":"1600.1","levelId":"1600","complete":true}},"source":"coderoad"})
EDITOR_STEP_COMPLETE
Calling command: git commit -am 'Save progress: 1600.1'
STATE: "Tutorial.Level.StepNext"
ROUTE: "Tutorial.Level.StepNext": Completed level 1600, step 1600.1
EDITOR_LEVEL_COMPLETE
STATE: "Tutorial.Level.LevelComplete"
ROUTE: "Tutorial.Level.LevelComplete": Completed level 1600, step 1600.1
Commit saved: [main 4200c71] Save progress: 1600.1
 2 files changed, 2 insertions(+)

EDITOR_SYNC_POSITION
EDITOR_LEVEL_ENTER
EDITOR_STEP_ENTER
STATE: "Tutorial.Level.Normal"
ROUTE: "Tutorial.Level.Normal": On level 1610, step 1610.1
Calling command: git log -n 1 --pretty=format:%s 876baa475f70b3df2a4df9fbb87bec857b72ec4d
Calling command: git log -g --grep='1610.1'
Calling command: git cherry-pick -X theirs 876baa475f70b3df2a4df9fbb87bec857b72ec4d
------------------- RUN TEST -------------------
START_TEST
COMMAND: npm run programmatic-test --reporter=mocha-tap-reporter
Calling command: npm run programmatic-test --reporter=mocha-tap-reporter
---------------- TEST RESULTS -----------------
Test pass position: {"stepId":"1610.1","levelId":"1610","complete":false}
TEST_PASS
STATE: "Tutorial.Level.TestRunning"
ROUTE: "Tutorial.Level.TestRunning": On level 1610, step 1610.1
updateStepPosition: {"type":"TEST_PASS","payload":{"position":{"stepId":"1610.1","levelId":"1610","complete":true}},"source":"coderoad"})
EDITOR_STEP_COMPLETE
Calling command: git commit -am 'Save progress: 1610.1'
STATE: "Tutorial.Level.StepNext"
ROUTE: "Tutorial.Level.StepNext": Completed level 1610, step 1610.1
EDITOR_LEVEL_COMPLETE
STATE: "Tutorial.Level.LevelComplete"
ROUTE: "Tutorial.Level.LevelComplete": Completed level 1610, step 1610.1
Commit saved: [main 91139ae] Save progress: 1610.1
 1 file changed, 1 insertion(+)

EDITOR_SYNC_POSITION
EDITOR_TUTORIAL_COMPLETE
STATE: "Tutorial.Completed"
ROUTE: "Tutorial.Completed": Completed level 1610, step 1610.1
Called webhook endpoint https://api.freecodecamp.org/coderoad-challenge-completed with body "{\"tutorialId\":\"freeCodeCamp/learn-bash-scripting-by-building-five-programs:v1.0.0\"}"
EDITOR_REQUEST_WORKSPACE
STATE: "Tutorial.Completed"
ROUTE: "Tutorial.Completed": Completed level 1610, step 1610.1
