2025-01-29 06:31:20.540 [warning] /home/gitpod/.ssh/config: ENOENT: no such file or directory, open '/home/gitpod/.ssh/config'
2025-01-29 06:31:20.540 [info] Activation> Extension version: 0.102.0
2025-01-29 06:31:23.168 [info] Looking for git repository
2025-01-29 06:31:23.168 [info] Found 0 repositories during activation
2025-01-29 06:31:23.168 [info] Git repository found, initializing review manager and pr tree view.
2025-01-29 06:31:23.173 [info] Registering git provider
2025-01-29 06:31:23.173 [info] Review+0> Validate state in progress
2025-01-29 06:31:23.173 [info] Review+0> Validating state...
2025-01-29 06:31:23.369 [info] Found GitHub remote for folder /workspace/project
2025-01-29 06:31:23.371 [info] Trying to use globalState for assignableUsers.
2025-01-29 06:31:23.384 [info] Review+0> No matching pull request metadata found locally for current branch main
2025-01-29 06:31:23.394 [info] Review+0> No matching pull request metadata found on GitHub for current branch main
2025-01-29 06:31:23.570 [info] GlobalState does not exist for assignableUsers.
2025-01-29 06:31:34.684 [info] Repo state for file:///workspace/project changed.
2025-01-29 06:31:34.684 [info] Repo file:///workspace/project has already been setup.
2025-01-29 06:34:12.015 [info] Review+0> Validate state in progress
2025-01-29 06:34:12.015 [info] Review+0> Validating state...
2025-01-29 06:34:12.235 [info] Found GitHub remote for folder /workspace/project
2025-01-29 06:34:12.236 [info] Using in-memory cached assignable users.
2025-01-29 06:34:12.244 [info] Review+0> No matching pull request metadata found locally for current branch main
2025-01-29 06:34:12.250 [info] Review+0> No matching pull request metadata found on GitHub for current branch main
2025-01-29 06:34:43.440 [info] Review+0> Validate state in progress
2025-01-29 06:34:43.440 [info] Review+0> Validating state...
2025-01-29 06:34:43.659 [info] Found GitHub remote for folder /workspace/project
2025-01-29 06:34:43.659 [info] Using in-memory cached assignable users.
2025-01-29 06:34:43.668 [info] Review+0> No matching pull request metadata found locally for current branch main
2025-01-29 06:34:43.675 [info] Review+0> No matching pull request metadata found on GitHub for current branch main
2025-01-29 06:35:11.990 [info] Review+0> Validate state in progress
2025-01-29 06:35:11.990 [info] Review+0> Validating state...
2025-01-29 06:35:12.174 [info] Found GitHub remote for folder /workspace/project
2025-01-29 06:35:12.175 [info] Using in-memory cached assignable users.
2025-01-29 06:35:12.183 [info] Review+0> No matching pull request metadata found locally for current branch main
2025-01-29 06:35:12.189 [info] Review+0> No matching pull request metadata found on GitHub for current branch main
2025-01-29 06:35:17.013 [info] Review+0> Validate state in progress
2025-01-29 06:35:17.013 [info] Review+0> Validating state...
2025-01-29 06:35:17.196 [info] Found GitHub remote for folder /workspace/project
2025-01-29 06:35:17.197 [info] Using in-memory cached assignable users.
2025-01-29 06:35:17.206 [info] Review+0> No matching pull request metadata found locally for current branch main
2025-01-29 06:35:17.212 [info] Review+0> No matching pull request metadata found on GitHub for current branch main
2025-01-29 06:41:13.128 [info] Review+0> Validate state in progress
2025-01-29 06:41:13.128 [info] Review+0> Validating state...
2025-01-29 06:41:13.321 [info] Found GitHub remote for folder /workspace/project
2025-01-29 06:41:13.321 [info] Using in-memory cached assignable users.
2025-01-29 06:41:13.330 [info] Review+0> No matching pull request metadata found locally for current branch main
2025-01-29 06:41:13.336 [info] Review+0> No matching pull request metadata found on GitHub for current branch main
2025-01-29 06:41:25.312 [info] Review+0> Validate state in progress
2025-01-29 06:41:25.312 [info] Review+0> Validating state...
2025-01-29 06:41:25.500 [info] Found GitHub remote for folder /workspace/project
2025-01-29 06:41:25.501 [info] Using in-memory cached assignable users.
2025-01-29 06:41:25.509 [info] Review+0> No matching pull request metadata found locally for current branch main
2025-01-29 06:41:25.515 [info] Review+0> No matching pull request metadata found on GitHub for current branch main
2025-01-29 06:41:30.333 [info] Review+0> Validate state in progress
2025-01-29 06:41:30.333 [info] Review+0> Validating state...
2025-01-29 06:41:30.527 [info] Found GitHub remote for folder /workspace/project
2025-01-29 06:41:30.527 [info] Using in-memory cached assignable users.
2025-01-29 06:41:30.536 [info] Review+0> No matching pull request metadata found locally for current branch main
2025-01-29 06:41:30.543 [info] Review+0> No matching pull request metadata found on GitHub for current branch main
2025-01-29 06:43:17.078 [info] Review+0> Validate state in progress
2025-01-29 06:43:17.078 [info] Review+0> Validating state...
2025-01-29 06:43:17.266 [info] Found GitHub remote for folder /workspace/project
2025-01-29 06:43:17.266 [info] Using in-memory cached assignable users.
2025-01-29 06:43:17.275 [info] Review+0> No matching pull request metadata found locally for current branch main
2025-01-29 06:43:17.280 [info] Review+0> No matching pull request metadata found on GitHub for current branch main
2025-01-29 06:43:22.098 [info] Review+0> Validate state in progress
2025-01-29 06:43:22.098 [info] Review+0> Validating state...
2025-01-29 06:43:22.281 [info] Found GitHub remote for folder /workspace/project
2025-01-29 06:43:22.281 [info] Using in-memory cached assignable users.
2025-01-29 06:43:22.289 [info] Review+0> No matching pull request metadata found locally for current branch main
2025-01-29 06:43:22.296 [info] Review+0> No matching pull request metadata found on GitHub for current branch main
2025-01-29 06:43:37.509 [info] Review+0> Validate state in progress
2025-01-29 06:43:37.509 [info] Review+0> Validating state...
2025-01-29 06:43:37.714 [info] Found GitHub remote for folder /workspace/project
2025-01-29 06:43:37.714 [info] Using in-memory cached assignable users.
2025-01-29 06:43:37.722 [info] Review+0> No matching pull request metadata found locally for current branch main
2025-01-29 06:43:37.728 [info] Review+0> No matching pull request metadata found on GitHub for current branch main
2025-01-29 06:43:42.529 [info] Review+0> Validate state in progress
2025-01-29 06:43:42.529 [info] Review+0> Validating state...
2025-01-29 06:43:42.719 [info] Found GitHub remote for folder /workspace/project
2025-01-29 06:43:42.720 [info] Using in-memory cached assignable users.
2025-01-29 06:43:42.729 [info] Review+0> No matching pull request metadata found locally for current branch main
2025-01-29 06:43:42.735 [info] Review+0> No matching pull request metadata found on GitHub for current branch main
2025-01-29 06:44:10.373 [info] Review+0> Validate state in progress
2025-01-29 06:44:10.373 [info] Review+0> Validating state...
2025-01-29 06:44:10.560 [info] Found GitHub remote for folder /workspace/project
2025-01-29 06:44:10.561 [info] Using in-memory cached assignable users.
2025-01-29 06:44:10.569 [info] Review+0> No matching pull request metadata found locally for current branch main
2025-01-29 06:44:10.575 [info] Review+0> No matching pull request metadata found on GitHub for current branch main
2025-01-29 06:44:20.051 [info] Review+0> Validate state in progress
2025-01-29 06:44:20.051 [info] Review+0> Validating state...
2025-01-29 06:44:20.236 [info] Found GitHub remote for folder /workspace/project
2025-01-29 06:44:20.236 [info] Using in-memory cached assignable users.
2025-01-29 06:44:20.245 [info] Review+0> No matching pull request metadata found locally for current branch main
2025-01-29 06:44:20.251 [info] Review+0> No matching pull request metadata found on GitHub for current branch main
2025-01-29 06:49:44.523 [info] Review+0> Validate state in progress
2025-01-29 06:49:44.523 [info] Review+0> Validating state...
2025-01-29 06:49:44.707 [info] Found GitHub remote for folder /workspace/project
2025-01-29 06:49:44.707 [info] Using in-memory cached assignable users.
2025-01-29 06:49:44.716 [info] Review+0> No matching pull request metadata found locally for current branch main
2025-01-29 06:49:44.722 [info] Review+0> No matching pull request metadata found on GitHub for current branch main
2025-01-29 06:49:49.543 [info] Review+0> Validate state in progress
2025-01-29 06:49:49.543 [info] Review+0> Validating state...
2025-01-29 06:49:49.725 [info] Found GitHub remote for folder /workspace/project
2025-01-29 06:49:49.726 [info] Using in-memory cached assignable users.
2025-01-29 06:49:49.734 [info] Review+0> No matching pull request metadata found locally for current branch main
2025-01-29 06:49:49.740 [info] Review+0> No matching pull request metadata found on GitHub for current branch main
2025-01-29 06:50:08.530 [info] Review+0> Validate state in progress
2025-01-29 06:50:08.530 [info] Review+0> Validating state...
2025-01-29 06:50:08.715 [info] Found GitHub remote for folder /workspace/project
2025-01-29 06:50:08.715 [info] Using in-memory cached assignable users.
2025-01-29 06:50:08.723 [info] Review+0> No matching pull request metadata found locally for current branch main
2025-01-29 06:50:08.729 [info] Review+0> No matching pull request metadata found on GitHub for current branch main
2025-01-29 06:50:13.553 [info] Review+0> Validate state in progress
2025-01-29 06:50:13.553 [info] Review+0> Validating state...
2025-01-29 06:50:13.736 [info] Found GitHub remote for folder /workspace/project
2025-01-29 06:50:13.737 [info] Using in-memory cached assignable users.
2025-01-29 06:50:13.745 [info] Review+0> No matching pull request metadata found locally for current branch main
2025-01-29 06:50:13.750 [info] Review+0> No matching pull request metadata found on GitHub for current branch main
2025-01-29 06:50:41.732 [info] Review+0> Validate state in progress
2025-01-29 06:50:41.732 [info] Review+0> Validating state...
2025-01-29 06:50:41.913 [info] Found GitHub remote for folder /workspace/project
2025-01-29 06:50:41.913 [info] Using in-memory cached assignable users.
2025-01-29 06:50:41.921 [info] Review+0> No matching pull request metadata found locally for current branch main
2025-01-29 06:50:41.927 [info] Review+0> No matching pull request metadata found on GitHub for current branch main
2025-01-29 06:50:57.017 [info] Review+0> Validate state in progress
2025-01-29 06:50:57.017 [info] Review+0> Validating state...
2025-01-29 06:50:57.203 [info] Found GitHub remote for folder /workspace/project
2025-01-29 06:50:57.203 [info] Using in-memory cached assignable users.
2025-01-29 06:50:57.213 [info] Review+0> No matching pull request metadata found locally for current branch main
2025-01-29 06:50:57.220 [info] Review+0> No matching pull request metadata found on GitHub for current branch main
2025-01-29 06:51:23.569 [info] Review+0> Validate state in progress
2025-01-29 06:51:23.569 [info] Review+0> Validating state...
2025-01-29 06:51:23.750 [info] Found GitHub remote for folder /workspace/project
2025-01-29 06:51:23.750 [info] Using in-memory cached assignable users.
2025-01-29 06:51:23.758 [info] Review+0> No matching pull request metadata found locally for current branch main
2025-01-29 06:51:23.764 [info] Review+0> No matching pull request metadata found on GitHub for current branch main
2025-01-29 06:51:33.608 [info] Review+0> Validate state in progress
2025-01-29 06:51:33.608 [info] Review+0> Validating state...
2025-01-29 06:51:33.798 [info] Found GitHub remote for folder /workspace/project
2025-01-29 06:51:33.799 [info] Using in-memory cached assignable users.
2025-01-29 06:51:33.809 [info] Review+0> No matching pull request metadata found locally for current branch main
2025-01-29 06:51:33.818 [info] Review+0> No matching pull request metadata found on GitHub for current branch main
2025-01-29 06:51:38.630 [info] Review+0> Validate state in progress
2025-01-29 06:51:38.630 [info] Review+0> Validating state...
2025-01-29 06:51:38.814 [info] Found GitHub remote for folder /workspace/project
2025-01-29 06:51:38.814 [info] Using in-memory cached assignable users.
2025-01-29 06:51:38.822 [info] Review+0> No matching pull request metadata found locally for current branch main
2025-01-29 06:51:38.828 [info] Review+0> No matching pull request metadata found on GitHub for current branch main
2025-01-29 06:56:19.870 [info] Review+0> Validate state in progress
2025-01-29 06:56:19.870 [info] Review+0> Validating state...
2025-01-29 06:56:20.054 [info] Found GitHub remote for folder /workspace/project
2025-01-29 06:56:20.054 [info] Using in-memory cached assignable users.
2025-01-29 06:56:20.063 [info] Review+0> No matching pull request metadata found locally for current branch main
2025-01-29 06:56:20.068 [info] Review+0> No matching pull request metadata found on GitHub for current branch main
2025-01-29 06:56:24.891 [info] Review+0> Validate state in progress
2025-01-29 06:56:24.891 [info] Review+0> Validating state...
2025-01-29 06:56:25.072 [info] Found GitHub remote for folder /workspace/project
2025-01-29 06:56:25.073 [info] Using in-memory cached assignable users.
2025-01-29 06:56:25.081 [info] Review+0> No matching pull request metadata found locally for current branch main
2025-01-29 06:56:25.087 [info] Review+0> No matching pull request metadata found on GitHub for current branch main
2025-01-29 06:56:29.912 [info] Review+0> Validate state in progress
2025-01-29 06:56:29.912 [info] Review+0> Validating state...
2025-01-29 06:56:30.096 [info] Found GitHub remote for folder /workspace/project
2025-01-29 06:56:30.096 [info] Using in-memory cached assignable users.
2025-01-29 06:56:30.104 [info] Review+0> No matching pull request metadata found locally for current branch main
2025-01-29 06:56:30.110 [info] Review+0> No matching pull request metadata found on GitHub for current branch main
2025-01-29 06:57:34.992 [info] Review+0> Validate state in progress
2025-01-29 06:57:34.992 [info] Review+0> Validating state...
2025-01-29 06:57:35.176 [info] Found GitHub remote for folder /workspace/project
2025-01-29 06:57:35.176 [info] Using in-memory cached assignable users.
2025-01-29 06:57:35.186 [info] Review+0> No matching pull request metadata found locally for current branch main
2025-01-29 06:57:35.192 [info] Review+0> No matching pull request metadata found on GitHub for current branch main
2025-01-29 06:58:58.406 [info] Review+0> Validate state in progress
2025-01-29 06:58:58.406 [info] Review+0> Validating state...
2025-01-29 06:58:58.599 [info] Found GitHub remote for folder /workspace/project
2025-01-29 06:58:58.599 [info] Using in-memory cached assignable users.
2025-01-29 06:58:58.608 [info] Review+0> No matching pull request metadata found locally for current branch main
2025-01-29 06:58:58.614 [info] Review+0> No matching pull request metadata found on GitHub for current branch main
2025-01-29 06:59:06.111 [info] Review+0> Validate state in progress
2025-01-29 06:59:06.111 [info] Review+0> Validating state...
2025-01-29 06:59:06.293 [info] Found GitHub remote for folder /workspace/project
2025-01-29 06:59:06.294 [info] Using in-memory cached assignable users.
2025-01-29 06:59:06.303 [info] Review+0> No matching pull request metadata found locally for current branch main
2025-01-29 06:59:06.310 [info] Review+0> No matching pull request metadata found on GitHub for current branch main
2025-01-29 07:03:36.161 [info] Review+0> Validate state in progress
2025-01-29 07:03:36.161 [info] Review+0> Validating state...
2025-01-29 07:03:36.343 [info] Found GitHub remote for folder /workspace/project
2025-01-29 07:03:36.343 [info] Using in-memory cached assignable users.
2025-01-29 07:03:36.355 [info] Review+0> No matching pull request metadata found locally for current branch main
2025-01-29 07:03:36.364 [info] Review+0> No matching pull request metadata found on GitHub for current branch main
2025-01-29 07:08:08.035 [info] Review+0> Validate state in progress
2025-01-29 07:08:08.035 [info] Review+0> Validating state...
2025-01-29 07:08:08.215 [info] Found GitHub remote for folder /workspace/project
2025-01-29 07:08:08.215 [info] Using in-memory cached assignable users.
2025-01-29 07:08:08.223 [info] Review+0> No matching pull request metadata found locally for current branch main
2025-01-29 07:08:08.229 [info] Review+0> No matching pull request metadata found on GitHub for current branch main
2025-01-29 07:09:40.539 [info] Review+0> Validate state in progress
2025-01-29 07:09:40.539 [info] Review+0> Validating state...
2025-01-29 07:09:40.719 [info] Found GitHub remote for folder /workspace/project
2025-01-29 07:09:40.720 [info] Using in-memory cached assignable users.
2025-01-29 07:09:40.727 [info] Review+0> No matching pull request metadata found locally for current branch main
2025-01-29 07:09:40.733 [info] Review+0> No matching pull request metadata found on GitHub for current branch main
2025-01-29 07:10:07.410 [info] Review+0> Validate state in progress
2025-01-29 07:10:07.410 [info] Review+0> Validating state...
2025-01-29 07:10:07.591 [info] Found GitHub remote for folder /workspace/project
2025-01-29 07:10:07.592 [info] Using in-memory cached assignable users.
2025-01-29 07:10:07.599 [info] Review+0> No matching pull request metadata found locally for current branch main
2025-01-29 07:10:07.605 [info] Review+0> No matching pull request metadata found on GitHub for current branch main
2025-01-29 07:10:26.934 [info] Review+0> Validate state in progress
2025-01-29 07:10:26.934 [info] Review+0> Validating state...
2025-01-29 07:10:27.115 [info] Found GitHub remote for folder /workspace/project
2025-01-29 07:10:27.115 [info] Using in-memory cached assignable users.
2025-01-29 07:10:27.123 [info] Review+0> No matching pull request metadata found locally for current branch main
2025-01-29 07:10:27.129 [info] Review+0> No matching pull request metadata found on GitHub for current branch main
2025-01-29 07:10:31.960 [info] Review+0> Validate state in progress
2025-01-29 07:10:31.960 [info] Review+0> Validating state...
2025-01-29 07:10:32.138 [info] Found GitHub remote for folder /workspace/project
2025-01-29 07:10:32.139 [info] Using in-memory cached assignable users.
2025-01-29 07:10:32.147 [info] Review+0> No matching pull request metadata found locally for current branch main
2025-01-29 07:10:32.153 [info] Review+0> No matching pull request metadata found on GitHub for current branch main
2025-01-29 07:12:10.384 [info] Review+0> Validate state in progress
2025-01-29 07:12:10.384 [info] Review+0> Validating state...
2025-01-29 07:12:10.588 [info] Found GitHub remote for folder /workspace/project
2025-01-29 07:12:10.588 [info] Using in-memory cached assignable users.
2025-01-29 07:12:10.596 [info] Review+0> No matching pull request metadata found locally for current branch main
2025-01-29 07:12:10.602 [info] Review+0> No matching pull request metadata found on GitHub for current branch main
2025-01-29 07:12:15.403 [info] Review+0> Validate state in progress
2025-01-29 07:12:15.403 [info] Review+0> Validating state...
2025-01-29 07:12:15.585 [info] Found GitHub remote for folder /workspace/project
2025-01-29 07:12:15.585 [info] Using in-memory cached assignable users.
2025-01-29 07:12:15.593 [info] Review+0> No matching pull request metadata found locally for current branch main
2025-01-29 07:12:15.599 [info] Review+0> No matching pull request metadata found on GitHub for current branch main
2025-01-29 07:15:58.726 [info] Review+0> Validate state in progress
2025-01-29 07:15:58.726 [info] Review+0> Validating state...
2025-01-29 07:15:58.912 [info] Found GitHub remote for folder /workspace/project
2025-01-29 07:15:58.913 [info] Using in-memory cached assignable users.
2025-01-29 07:15:58.921 [info] Review+0> No matching pull request metadata found locally for current branch main
2025-01-29 07:15:58.926 [info] Review+0> No matching pull request metadata found on GitHub for current branch main
2025-01-29 07:16:03.745 [info] Review+0> Validate state in progress
2025-01-29 07:16:03.746 [info] Review+0> Validating state...
2025-01-29 07:16:03.932 [info] Found GitHub remote for folder /workspace/project
2025-01-29 07:16:03.933 [info] Using in-memory cached assignable users.
2025-01-29 07:16:03.941 [info] Review+0> No matching pull request metadata found locally for current branch main
2025-01-29 07:16:03.946 [info] Review+0> No matching pull request metadata found on GitHub for current branch main
2025-01-29 07:16:20.311 [info] Review+0> Validate state in progress
2025-01-29 07:16:20.311 [info] Review+0> Validating state...
2025-01-29 07:16:20.499 [info] Found GitHub remote for folder /workspace/project
2025-01-29 07:16:20.499 [info] Using in-memory cached assignable users.
2025-01-29 07:16:20.507 [info] Review+0> No matching pull request metadata found locally for current branch main
2025-01-29 07:16:20.514 [info] Review+0> No matching pull request metadata found on GitHub for current branch main
2025-01-29 07:16:40.356 [info] Review+0> Validate state in progress
2025-01-29 07:16:40.356 [info] Review+0> Validating state...
2025-01-29 07:16:40.537 [info] Found GitHub remote for folder /workspace/project
2025-01-29 07:16:40.537 [info] Using in-memory cached assignable users.
2025-01-29 07:16:40.545 [info] Review+0> No matching pull request metadata found locally for current branch main
2025-01-29 07:16:40.551 [info] Review+0> No matching pull request metadata found on GitHub for current branch main
2025-01-29 07:17:36.353 [info] Review+0> Validate state in progress
2025-01-29 07:17:36.353 [info] Review+0> Validating state...
2025-01-29 07:17:36.535 [info] Found GitHub remote for folder /workspace/project
2025-01-29 07:17:36.535 [info] Using in-memory cached assignable users.
2025-01-29 07:17:36.543 [info] Review+0> No matching pull request metadata found locally for current branch main
2025-01-29 07:17:36.548 [info] Review+0> No matching pull request metadata found on GitHub for current branch main
2025-01-29 07:17:57.606 [info] Review+0> Validate state in progress
2025-01-29 07:17:57.606 [info] Review+0> Validating state...
2025-01-29 07:17:57.796 [info] Found GitHub remote for folder /workspace/project
2025-01-29 07:17:57.797 [info] Using in-memory cached assignable users.
2025-01-29 07:17:57.804 [info] Review+0> No matching pull request metadata found locally for current branch main
2025-01-29 07:17:57.810 [info] Review+0> No matching pull request metadata found on GitHub for current branch main
2025-01-29 07:18:31.943 [info] Review+0> Validate state in progress
2025-01-29 07:18:31.943 [info] Review+0> Validating state...
2025-01-29 07:18:32.130 [info] Found GitHub remote for folder /workspace/project
2025-01-29 07:18:32.131 [info] Using in-memory cached assignable users.
2025-01-29 07:18:32.139 [info] Review+0> No matching pull request metadata found locally for current branch main
2025-01-29 07:18:32.144 [info] Review+0> No matching pull request metadata found on GitHub for current branch main
2025-01-29 07:18:40.879 [info] Review+0> Validate state in progress
2025-01-29 07:18:40.879 [info] Review+0> Validating state...
2025-01-29 07:18:41.061 [info] Found GitHub remote for folder /workspace/project
2025-01-29 07:18:41.061 [info] Using in-memory cached assignable users.
2025-01-29 07:18:41.069 [info] Review+0> No matching pull request metadata found locally for current branch main
2025-01-29 07:18:41.076 [info] Review+0> No matching pull request metadata found on GitHub for current branch main
2025-01-29 07:18:48.978 [info] Review+0> Validate state in progress
2025-01-29 07:18:48.978 [info] Review+0> Validating state...
2025-01-29 07:18:49.161 [info] Found GitHub remote for folder /workspace/project
2025-01-29 07:18:49.161 [info] Using in-memory cached assignable users.
2025-01-29 07:18:49.170 [info] Review+0> No matching pull request metadata found locally for current branch main
2025-01-29 07:18:49.176 [info] Review+0> No matching pull request metadata found on GitHub for current branch main
2025-01-29 07:20:48.465 [info] Review+0> Validate state in progress
2025-01-29 07:20:48.465 [info] Review+0> Validating state...
2025-01-29 07:20:48.646 [info] Found GitHub remote for folder /workspace/project
2025-01-29 07:20:48.646 [info] Using in-memory cached assignable users.
2025-01-29 07:20:48.654 [info] Review+0> No matching pull request metadata found locally for current branch main
2025-01-29 07:20:48.660 [info] Review+0> No matching pull request metadata found on GitHub for current branch main
2025-01-29 07:20:53.484 [info] Review+0> Validate state in progress
2025-01-29 07:20:53.484 [info] Review+0> Validating state...
2025-01-29 07:20:53.664 [info] Found GitHub remote for folder /workspace/project
2025-01-29 07:20:53.664 [info] Using in-memory cached assignable users.
2025-01-29 07:20:53.672 [info] Review+0> No matching pull request metadata found locally for current branch main
2025-01-29 07:20:53.678 [info] Review+0> No matching pull request metadata found on GitHub for current branch main
2025-01-29 07:22:00.381 [info] Review+0> Validate state in progress
2025-01-29 07:22:00.381 [info] Review+0> Validating state...
2025-01-29 07:22:00.564 [info] Found GitHub remote for folder /workspace/project
2025-01-29 07:22:00.564 [info] Using in-memory cached assignable users.
2025-01-29 07:22:00.573 [info] Review+0> No matching pull request metadata found locally for current branch main
2025-01-29 07:22:00.578 [info] Review+0> No matching pull request metadata found on GitHub for current branch main
2025-01-29 07:22:05.400 [info] Review+0> Validate state in progress
2025-01-29 07:22:05.400 [info] Review+0> Validating state...
2025-01-29 07:22:05.581 [info] Found GitHub remote for folder /workspace/project
2025-01-29 07:22:05.581 [info] Using in-memory cached assignable users.
2025-01-29 07:22:05.589 [info] Review+0> No matching pull request metadata found locally for current branch main
2025-01-29 07:22:05.595 [info] Review+0> No matching pull request metadata found on GitHub for current branch main
2025-01-29 07:23:15.897 [info] Review+0> Validate state in progress
2025-01-29 07:23:15.897 [info] Review+0> Validating state...
2025-01-29 07:23:16.079 [info] Found GitHub remote for folder /workspace/project
2025-01-29 07:23:16.079 [info] Using in-memory cached assignable users.
2025-01-29 07:23:16.088 [info] Review+0> No matching pull request metadata found locally for current branch main
2025-01-29 07:23:16.094 [info] Review+0> No matching pull request metadata found on GitHub for current branch main
2025-01-29 07:23:20.916 [info] Review+0> Validate state in progress
2025-01-29 07:23:20.916 [info] Review+0> Validating state...
2025-01-29 07:23:21.099 [info] Found GitHub remote for folder /workspace/project
2025-01-29 07:23:21.099 [info] Using in-memory cached assignable users.
2025-01-29 07:23:21.107 [info] Review+0> No matching pull request metadata found locally for current branch main
2025-01-29 07:23:21.113 [info] Review+0> No matching pull request metadata found on GitHub for current branch main
2025-01-29 07:24:14.465 [info] Review+0> Validate state in progress
2025-01-29 07:24:14.466 [info] Review+0> Validating state...
2025-01-29 07:24:14.647 [info] Found GitHub remote for folder /workspace/project
2025-01-29 07:24:14.647 [info] Using in-memory cached assignable users.
2025-01-29 07:24:14.655 [info] Review+0> No matching pull request metadata found locally for current branch main
2025-01-29 07:24:14.661 [info] Review+0> No matching pull request metadata found on GitHub for current branch main
2025-01-29 07:24:19.484 [info] Review+0> Validate state in progress
2025-01-29 07:24:19.484 [info] Review+0> Validating state...
2025-01-29 07:24:19.668 [info] Found GitHub remote for folder /workspace/project
2025-01-29 07:24:19.668 [info] Using in-memory cached assignable users.
2025-01-29 07:24:19.676 [info] Review+0> No matching pull request metadata found locally for current branch main
2025-01-29 07:24:19.681 [info] Review+0> No matching pull request metadata found on GitHub for current branch main
2025-01-29 07:25:23.806 [info] Review+0> Validate state in progress
2025-01-29 07:25:23.807 [info] Review+0> Validating state...
2025-01-29 07:25:23.991 [info] Found GitHub remote for folder /workspace/project
2025-01-29 07:25:23.992 [info] Using in-memory cached assignable users.
2025-01-29 07:25:24.000 [info] Review+0> No matching pull request metadata found locally for current branch main
2025-01-29 07:25:24.007 [info] Review+0> No matching pull request metadata found on GitHub for current branch main
2025-01-29 07:29:14.488 [info] Review+0> Validate state in progress
2025-01-29 07:29:14.488 [info] Review+0> Validating state...
2025-01-29 07:29:14.673 [info] Found GitHub remote for folder /workspace/project
2025-01-29 07:29:14.673 [info] Using in-memory cached assignable users.
2025-01-29 07:29:14.681 [info] Review+0> No matching pull request metadata found locally for current branch main
2025-01-29 07:29:14.686 [info] Review+0> No matching pull request metadata found on GitHub for current branch main
2025-01-29 07:29:19.510 [info] Review+0> Validate state in progress
2025-01-29 07:29:19.510 [info] Review+0> Validating state...
2025-01-29 07:29:19.693 [info] Found GitHub remote for folder /workspace/project
2025-01-29 07:29:19.694 [info] Using in-memory cached assignable users.
2025-01-29 07:29:19.703 [info] Review+0> No matching pull request metadata found locally for current branch main
2025-01-29 07:29:19.710 [info] Review+0> No matching pull request metadata found on GitHub for current branch main
2025-01-29 07:29:44.761 [info] Review+0> Validate state in progress
2025-01-29 07:29:44.762 [info] Review+0> Validating state...
2025-01-29 07:29:44.944 [info] Found GitHub remote for folder /workspace/project
2025-01-29 07:29:44.944 [info] Using in-memory cached assignable users.
2025-01-29 07:29:44.952 [info] Review+0> No matching pull request metadata found locally for current branch main
2025-01-29 07:29:44.958 [info] Review+0> No matching pull request metadata found on GitHub for current branch main
2025-01-29 07:29:49.781 [info] Review+0> Validate state in progress
2025-01-29 07:29:49.781 [info] Review+0> Validating state...
2025-01-29 07:29:49.966 [info] Found GitHub remote for folder /workspace/project
2025-01-29 07:29:49.966 [info] Using in-memory cached assignable users.
2025-01-29 07:29:49.975 [info] Review+0> No matching pull request metadata found locally for current branch main
2025-01-29 07:29:49.981 [info] Review+0> No matching pull request metadata found on GitHub for current branch main
2025-01-29 07:29:54.801 [info] Review+0> Validate state in progress
2025-01-29 07:29:54.801 [info] Review+0> Validating state...
2025-01-29 07:29:54.984 [info] Found GitHub remote for folder /workspace/project
2025-01-29 07:29:54.984 [info] Using in-memory cached assignable users.
2025-01-29 07:29:54.992 [info] Review+0> No matching pull request metadata found locally for current branch main
2025-01-29 07:29:54.998 [info] Review+0> No matching pull request metadata found on GitHub for current branch main
2025-01-29 07:30:48.790 [info] Review+0> Validate state in progress
2025-01-29 07:30:48.790 [info] Review+0> Validating state...
2025-01-29 07:30:48.970 [info] Found GitHub remote for folder /workspace/project
2025-01-29 07:30:48.970 [info] Using in-memory cached assignable users.
2025-01-29 07:30:48.981 [info] Review+0> No matching pull request metadata found locally for current branch main
2025-01-29 07:30:48.988 [info] Review+0> No matching pull request metadata found on GitHub for current branch main
2025-01-29 07:30:53.814 [info] Review+0> Validate state in progress
2025-01-29 07:30:53.814 [info] Review+0> Validating state...
2025-01-29 07:30:53.997 [info] Found GitHub remote for folder /workspace/project
2025-01-29 07:30:53.997 [info] Using in-memory cached assignable users.
2025-01-29 07:30:54.007 [info] Review+0> No matching pull request metadata found locally for current branch main
2025-01-29 07:30:54.015 [info] Review+0> No matching pull request metadata found on GitHub for current branch main
2025-01-29 07:31:18.780 [info] Review+0> Validate state in progress
2025-01-29 07:31:18.780 [info] Review+0> Validating state...
2025-01-29 07:31:19.092 [info] Found GitHub remote for folder /workspace/project
2025-01-29 07:31:19.092 [info] Using in-memory cached assignable users.
2025-01-29 07:31:19.101 [info] Review+0> No matching pull request metadata found locally for current branch main
2025-01-29 07:31:19.107 [info] Review+0> No matching pull request metadata found on GitHub for current branch main
2025-01-29 07:31:23.802 [info] Review+0> Validate state in progress
2025-01-29 07:31:23.802 [info] Review+0> Validating state...
2025-01-29 07:31:23.984 [info] Found GitHub remote for folder /workspace/project
2025-01-29 07:31:23.985 [info] Using in-memory cached assignable users.
2025-01-29 07:31:23.993 [info] Review+0> No matching pull request metadata found locally for current branch main
2025-01-29 07:31:23.999 [info] Review+0> No matching pull request metadata found on GitHub for current branch main
2025-01-29 07:31:56.176 [info] Review+0> Validate state in progress
2025-01-29 07:31:56.176 [info] Review+0> Validating state...
2025-01-29 07:31:56.367 [info] Found GitHub remote for folder /workspace/project
2025-01-29 07:31:56.368 [info] Using in-memory cached assignable users.
2025-01-29 07:31:56.376 [info] Review+0> No matching pull request metadata found locally for current branch main
2025-01-29 07:31:56.382 [info] Review+0> No matching pull request metadata found on GitHub for current branch main
2025-01-29 07:32:01.204 [info] Review+0> Validate state in progress
2025-01-29 07:32:01.204 [info] Review+0> Validating state...
2025-01-29 07:32:01.386 [info] Found GitHub remote for folder /workspace/project
2025-01-29 07:32:01.386 [info] Using in-memory cached assignable users.
2025-01-29 07:32:01.396 [info] Review+0> No matching pull request metadata found locally for current branch main
2025-01-29 07:32:01.403 [info] Review+0> No matching pull request metadata found on GitHub for current branch main
2025-01-29 07:32:06.273 [info] Review+0> Validate state in progress
2025-01-29 07:32:06.273 [info] Review+0> Validating state...
2025-01-29 07:32:06.454 [info] Found GitHub remote for folder /workspace/project
2025-01-29 07:32:06.454 [info] Using in-memory cached assignable users.
2025-01-29 07:32:06.463 [info] Review+0> No matching pull request metadata found locally for current branch main
2025-01-29 07:32:06.471 [info] Review+0> No matching pull request metadata found on GitHub for current branch main
2025-01-29 07:32:11.296 [info] Review+0> Validate state in progress
2025-01-29 07:32:11.296 [info] Review+0> Validating state...
2025-01-29 07:32:11.479 [info] Found GitHub remote for folder /workspace/project
2025-01-29 07:32:11.479 [info] Using in-memory cached assignable users.
2025-01-29 07:32:11.488 [info] Review+0> No matching pull request metadata found locally for current branch main
2025-01-29 07:32:11.494 [info] Review+0> No matching pull request metadata found on GitHub for current branch main
2025-01-29 07:32:34.499 [info] Review+0> Validate state in progress
2025-01-29 07:32:34.499 [info] Review+0> Validating state...
2025-01-29 07:32:34.683 [info] Found GitHub remote for folder /workspace/project
2025-01-29 07:32:34.683 [info] Using in-memory cached assignable users.
2025-01-29 07:32:34.691 [info] Review+0> No matching pull request metadata found locally for current branch main
2025-01-29 07:32:34.697 [info] Review+0> No matching pull request metadata found on GitHub for current branch main
2025-01-29 07:32:58.405 [info] Review+0> Validate state in progress
2025-01-29 07:32:58.405 [info] Review+0> Validating state...
2025-01-29 07:32:58.588 [info] Found GitHub remote for folder /workspace/project
2025-01-29 07:32:58.588 [info] Using in-memory cached assignable users.
2025-01-29 07:32:58.598 [info] Review+0> No matching pull request metadata found locally for current branch main
2025-01-29 07:32:58.605 [info] Review+0> No matching pull request metadata found on GitHub for current branch main
2025-01-29 07:33:37.122 [info] Review+0> Validate state in progress
2025-01-29 07:33:37.122 [info] Review+0> Validating state...
2025-01-29 07:33:37.303 [info] Found GitHub remote for folder /workspace/project
2025-01-29 07:33:37.303 [info] Using in-memory cached assignable users.
2025-01-29 07:33:37.311 [info] Review+0> No matching pull request metadata found locally for current branch main
2025-01-29 07:33:37.317 [info] Review+0> No matching pull request metadata found on GitHub for current branch main
2025-01-29 07:33:42.145 [info] Review+0> Validate state in progress
2025-01-29 07:33:42.145 [info] Review+0> Validating state...
2025-01-29 07:33:42.329 [info] Found GitHub remote for folder /workspace/project
2025-01-29 07:33:42.329 [info] Using in-memory cached assignable users.
2025-01-29 07:33:42.338 [info] Review+0> No matching pull request metadata found locally for current branch main
2025-01-29 07:33:42.344 [info] Review+0> No matching pull request metadata found on GitHub for current branch main
2025-01-29 07:33:47.165 [info] Review+0> Validate state in progress
2025-01-29 07:33:47.165 [info] Review+0> Validating state...
2025-01-29 07:33:47.348 [info] Found GitHub remote for folder /workspace/project
2025-01-29 07:33:47.348 [info] Using in-memory cached assignable users.
2025-01-29 07:33:47.356 [info] Review+0> No matching pull request metadata found locally for current branch main
2025-01-29 07:33:47.363 [info] Review+0> No matching pull request metadata found on GitHub for current branch main
2025-01-29 07:34:23.166 [info] Review+0> Validate state in progress
2025-01-29 07:34:23.166 [info] Review+0> Validating state...
2025-01-29 07:34:23.349 [info] Found GitHub remote for folder /workspace/project
2025-01-29 07:34:23.349 [info] Using in-memory cached assignable users.
2025-01-29 07:34:23.358 [info] Review+0> No matching pull request metadata found locally for current branch main
2025-01-29 07:34:23.365 [info] Review+0> No matching pull request metadata found on GitHub for current branch main
2025-01-29 07:34:28.186 [info] Review+0> Validate state in progress
2025-01-29 07:34:28.186 [info] Review+0> Validating state...
2025-01-29 07:34:28.386 [info] Found GitHub remote for folder /workspace/project
2025-01-29 07:34:28.386 [info] Using in-memory cached assignable users.
2025-01-29 07:34:28.396 [info] Review+0> No matching pull request metadata found locally for current branch main
2025-01-29 07:34:28.403 [info] Review+0> No matching pull request metadata found on GitHub for current branch main
2025-01-29 07:35:09.596 [info] Review+0> Validate state in progress
2025-01-29 07:35:09.596 [info] Review+0> Validating state...
2025-01-29 07:35:09.778 [info] Found GitHub remote for folder /workspace/project
2025-01-29 07:35:09.778 [info] Using in-memory cached assignable users.
2025-01-29 07:35:09.787 [info] Review+0> No matching pull request metadata found locally for current branch main
2025-01-29 07:35:09.793 [info] Review+0> No matching pull request metadata found on GitHub for current branch main
2025-01-29 07:35:14.615 [info] Review+0> Validate state in progress
2025-01-29 07:35:14.615 [info] Review+0> Validating state...
2025-01-29 07:35:14.797 [info] Found GitHub remote for folder /workspace/project
2025-01-29 07:35:14.797 [info] Using in-memory cached assignable users.
2025-01-29 07:35:14.806 [info] Review+0> No matching pull request metadata found locally for current branch main
2025-01-29 07:35:14.812 [info] Review+0> No matching pull request metadata found on GitHub for current branch main
2025-01-29 07:35:30.177 [info] Review+0> Validate state in progress
2025-01-29 07:35:30.177 [info] Review+0> Validating state...
2025-01-29 07:35:30.362 [info] Found GitHub remote for folder /workspace/project
2025-01-29 07:35:30.362 [info] Using in-memory cached assignable users.
2025-01-29 07:35:30.371 [info] Review+0> No matching pull request metadata found locally for current branch main
2025-01-29 07:35:30.376 [info] Review+0> No matching pull request metadata found on GitHub for current branch main
2025-01-29 07:35:35.198 [info] Review+0> Validate state in progress
2025-01-29 07:35:35.198 [info] Review+0> Validating state...
2025-01-29 07:35:35.382 [info] Found GitHub remote for folder /workspace/project
2025-01-29 07:35:35.383 [info] Using in-memory cached assignable users.
2025-01-29 07:35:35.392 [info] Review+0> No matching pull request metadata found locally for current branch main
2025-01-29 07:35:35.399 [info] Review+0> No matching pull request metadata found on GitHub for current branch main
2025-01-29 07:36:44.465 [info] Review+0> Validate state in progress
2025-01-29 07:36:44.465 [info] Review+0> Validating state...
2025-01-29 07:36:44.649 [info] Found GitHub remote for folder /workspace/project
2025-01-29 07:36:44.649 [info] Using in-memory cached assignable users.
2025-01-29 07:36:44.659 [info] Review+0> No matching pull request metadata found locally for current branch main
2025-01-29 07:36:44.666 [info] Review+0> No matching pull request metadata found on GitHub for current branch main
2025-01-29 07:36:49.489 [info] Review+0> Validate state in progress
2025-01-29 07:36:49.489 [info] Review+0> Validating state...
2025-01-29 07:36:49.682 [info] Found GitHub remote for folder /workspace/project
2025-01-29 07:36:49.682 [info] Using in-memory cached assignable users.
2025-01-29 07:36:49.691 [info] Review+0> No matching pull request metadata found locally for current branch main
2025-01-29 07:36:49.698 [info] Review+0> No matching pull request metadata found on GitHub for current branch main
2025-01-29 07:37:00.111 [info] Review+0> Validate state in progress
2025-01-29 07:37:00.111 [info] Review+0> Validating state...
2025-01-29 07:37:00.312 [info] Found GitHub remote for folder /workspace/project
2025-01-29 07:37:00.313 [info] Using in-memory cached assignable users.
2025-01-29 07:37:00.322 [info] Review+0> No matching pull request metadata found locally for current branch main
2025-01-29 07:37:00.329 [info] Review+0> No matching pull request metadata found on GitHub for current branch main
2025-01-29 07:37:05.135 [info] Review+0> Validate state in progress
2025-01-29 07:37:05.135 [info] Review+0> Validating state...
2025-01-29 07:37:05.322 [info] Found GitHub remote for folder /workspace/project
2025-01-29 07:37:05.323 [info] Using in-memory cached assignable users.
2025-01-29 07:37:05.331 [info] Review+0> No matching pull request metadata found locally for current branch main
2025-01-29 07:37:05.338 [info] Review+0> No matching pull request metadata found on GitHub for current branch main
2025-01-29 07:38:10.054 [info] Review+0> Validate state in progress
2025-01-29 07:38:10.054 [info] Review+0> Validating state...
2025-01-29 07:38:10.238 [info] Found GitHub remote for folder /workspace/project
2025-01-29 07:38:10.238 [info] Using in-memory cached assignable users.
2025-01-29 07:38:10.246 [info] Review+0> No matching pull request metadata found locally for current branch main
2025-01-29 07:38:10.252 [info] Review+0> No matching pull request metadata found on GitHub for current branch main
2025-01-29 07:38:15.073 [info] Review+0> Validate state in progress
2025-01-29 07:38:15.073 [info] Review+0> Validating state...
2025-01-29 07:38:15.257 [info] Found GitHub remote for folder /workspace/project
2025-01-29 07:38:15.257 [info] Using in-memory cached assignable users.
2025-01-29 07:38:15.266 [info] Review+0> No matching pull request metadata found locally for current branch main
2025-01-29 07:38:15.273 [info] Review+0> No matching pull request metadata found on GitHub for current branch main
2025-01-29 07:38:23.699 [info] Review+0> Validate state in progress
2025-01-29 07:38:23.699 [info] Review+0> Validating state...
2025-01-29 07:38:23.880 [info] Found GitHub remote for folder /workspace/project
2025-01-29 07:38:23.881 [info] Using in-memory cached assignable users.
2025-01-29 07:38:23.889 [info] Review+0> No matching pull request metadata found locally for current branch main
2025-01-29 07:38:23.894 [info] Review+0> No matching pull request metadata found on GitHub for current branch main
2025-01-29 07:38:28.721 [info] Review+0> Validate state in progress
2025-01-29 07:38:28.721 [info] Review+0> Validating state...
2025-01-29 07:38:28.907 [info] Found GitHub remote for folder /workspace/project
2025-01-29 07:38:28.908 [info] Using in-memory cached assignable users.
2025-01-29 07:38:28.917 [info] Review+0> No matching pull request metadata found locally for current branch main
2025-01-29 07:38:28.924 [info] Review+0> No matching pull request metadata found on GitHub for current branch main
2025-01-29 07:38:51.522 [info] Review+0> Validate state in progress
2025-01-29 07:38:51.523 [info] Review+0> Validating state...
2025-01-29 07:38:51.705 [info] Found GitHub remote for folder /workspace/project
2025-01-29 07:38:51.705 [info] Using in-memory cached assignable users.
2025-01-29 07:38:51.713 [info] Review+0> No matching pull request metadata found locally for current branch main
2025-01-29 07:38:51.718 [info] Review+0> No matching pull request metadata found on GitHub for current branch main
2025-01-29 07:38:56.541 [info] Review+0> Validate state in progress
2025-01-29 07:38:56.541 [info] Review+0> Validating state...
2025-01-29 07:38:56.727 [info] Found GitHub remote for folder /workspace/project
2025-01-29 07:38:56.727 [info] Using in-memory cached assignable users.
2025-01-29 07:38:56.734 [info] Review+0> No matching pull request metadata found locally for current branch main
2025-01-29 07:38:56.740 [info] Review+0> No matching pull request metadata found on GitHub for current branch main
2025-01-29 07:40:56.944 [info] Review+0> Validate state in progress
2025-01-29 07:40:56.944 [info] Review+0> Validating state...
2025-01-29 07:40:57.138 [info] Found GitHub remote for folder /workspace/project
2025-01-29 07:40:57.138 [info] Using in-memory cached assignable users.
2025-01-29 07:40:57.146 [info] Review+0> No matching pull request metadata found locally for current branch main
2025-01-29 07:40:57.152 [info] Review+0> No matching pull request metadata found on GitHub for current branch main
2025-01-29 07:41:02.394 [info] Review+0> Validate state in progress
2025-01-29 07:41:02.394 [info] Review+0> Validating state...
2025-01-29 07:41:02.594 [info] Found GitHub remote for folder /workspace/project
2025-01-29 07:41:02.594 [info] Using in-memory cached assignable users.
2025-01-29 07:41:02.603 [info] Review+0> No matching pull request metadata found locally for current branch main
2025-01-29 07:41:02.608 [info] Review+0> No matching pull request metadata found on GitHub for current branch main
2025-01-29 07:41:20.773 [info] Review+0> Validate state in progress
2025-01-29 07:41:20.773 [info] Review+0> Validating state...
2025-01-29 07:41:20.954 [info] Found GitHub remote for folder /workspace/project
2025-01-29 07:41:20.955 [info] Using in-memory cached assignable users.
2025-01-29 07:41:20.962 [info] Review+0> No matching pull request metadata found locally for current branch main
2025-01-29 07:41:20.968 [info] Review+0> No matching pull request metadata found on GitHub for current branch main
2025-01-29 07:41:25.791 [info] Review+0> Validate state in progress
2025-01-29 07:41:25.791 [info] Review+0> Validating state...
2025-01-29 07:41:25.981 [info] Found GitHub remote for folder /workspace/project
2025-01-29 07:41:25.982 [info] Using in-memory cached assignable users.
2025-01-29 07:41:25.989 [info] Review+0> No matching pull request metadata found locally for current branch main
2025-01-29 07:41:25.995 [info] Review+0> No matching pull request metadata found on GitHub for current branch main
2025-01-29 07:42:22.527 [info] Review+0> Validate state in progress
2025-01-29 07:42:22.527 [info] Review+0> Validating state...
2025-01-29 07:42:22.711 [info] Found GitHub remote for folder /workspace/project
2025-01-29 07:42:22.711 [info] Using in-memory cached assignable users.
2025-01-29 07:42:22.719 [info] Review+0> No matching pull request metadata found locally for current branch main
2025-01-29 07:42:22.724 [info] Review+0> No matching pull request metadata found on GitHub for current branch main
2025-01-29 07:42:27.548 [info] Review+0> Validate state in progress
2025-01-29 07:42:27.548 [info] Review+0> Validating state...
2025-01-29 07:42:27.730 [info] Found GitHub remote for folder /workspace/project
2025-01-29 07:42:27.730 [info] Using in-memory cached assignable users.
2025-01-29 07:42:27.739 [info] Review+0> No matching pull request metadata found locally for current branch main
2025-01-29 07:42:27.745 [info] Review+0> No matching pull request metadata found on GitHub for current branch main
2025-01-29 07:43:30.261 [info] Review+0> Validate state in progress
2025-01-29 07:43:30.261 [info] Review+0> Validating state...
2025-01-29 07:43:30.446 [info] Found GitHub remote for folder /workspace/project
2025-01-29 07:43:30.446 [info] Using in-memory cached assignable users.
2025-01-29 07:43:30.456 [info] Review+0> No matching pull request metadata found locally for current branch main
2025-01-29 07:43:30.463 [info] Review+0> No matching pull request metadata found on GitHub for current branch main
2025-01-29 07:43:35.282 [info] Review+0> Validate state in progress
2025-01-29 07:43:35.282 [info] Review+0> Validating state...
2025-01-29 07:43:35.462 [info] Found GitHub remote for folder /workspace/project
2025-01-29 07:43:35.463 [info] Using in-memory cached assignable users.
2025-01-29 07:43:35.472 [info] Review+0> No matching pull request metadata found locally for current branch main
2025-01-29 07:43:35.478 [info] Review+0> No matching pull request metadata found on GitHub for current branch main
2025-01-29 07:44:07.547 [info] Review+0> Validate state in progress
2025-01-29 07:44:07.547 [info] Review+0> Validating state...
2025-01-29 07:44:07.729 [info] Found GitHub remote for folder /workspace/project
2025-01-29 07:44:07.729 [info] Using in-memory cached assignable users.
2025-01-29 07:44:07.739 [info] Review+0> No matching pull request metadata found locally for current branch main
2025-01-29 07:44:07.746 [info] Review+0> No matching pull request metadata found on GitHub for current branch main
2025-01-29 07:44:24.438 [info] Review+0> Validate state in progress
2025-01-29 07:44:24.438 [info] Review+0> Validating state...
2025-01-29 07:44:24.624 [info] Found GitHub remote for folder /workspace/project
2025-01-29 07:44:24.624 [info] Using in-memory cached assignable users.
2025-01-29 07:44:24.633 [info] Review+0> No matching pull request metadata found locally for current branch main
2025-01-29 07:44:24.639 [info] Review+0> No matching pull request metadata found on GitHub for current branch main
2025-01-29 07:45:53.248 [info] Review+0> Validate state in progress
2025-01-29 07:45:53.248 [info] Review+0> Validating state...
2025-01-29 07:45:53.430 [info] Found GitHub remote for folder /workspace/project
2025-01-29 07:45:53.430 [info] Using in-memory cached assignable users.
2025-01-29 07:45:53.438 [info] Review+0> No matching pull request metadata found locally for current branch main
2025-01-29 07:45:53.443 [info] Review+0> No matching pull request metadata found on GitHub for current branch main
2025-01-29 07:46:27.946 [info] Review+0> Validate state in progress
2025-01-29 07:46:27.946 [info] Review+0> Validating state...
2025-01-29 07:46:28.145 [info] Found GitHub remote for folder /workspace/project
2025-01-29 07:46:28.145 [info] Using in-memory cached assignable users.
2025-01-29 07:46:28.153 [info] Review+0> No matching pull request metadata found locally for current branch main
2025-01-29 07:46:28.158 [info] Review+0> No matching pull request metadata found on GitHub for current branch main
2025-01-29 07:46:32.967 [info] Review+0> Validate state in progress
2025-01-29 07:46:32.967 [info] Review+0> Validating state...
2025-01-29 07:46:33.151 [info] Found GitHub remote for folder /workspace/project
2025-01-29 07:46:33.151 [info] Using in-memory cached assignable users.
2025-01-29 07:46:33.159 [info] Review+0> No matching pull request metadata found locally for current branch main
2025-01-29 07:46:33.165 [info] Review+0> No matching pull request metadata found on GitHub for current branch main
2025-01-29 07:50:14.563 [info] Review+0> Validate state in progress
2025-01-29 07:50:14.563 [info] Review+0> Validating state...
2025-01-29 07:50:14.760 [info] Found GitHub remote for folder /workspace/project
2025-01-29 07:50:14.760 [info] Using in-memory cached assignable users.
2025-01-29 07:50:14.770 [info] Review+0> No matching pull request metadata found locally for current branch main
2025-01-29 07:50:14.777 [info] Review+0> No matching pull request metadata found on GitHub for current branch main
2025-01-29 07:53:23.432 [info] Review+0> Validate state in progress
2025-01-29 07:53:23.432 [info] Review+0> Validating state...
2025-01-29 07:53:23.613 [info] Found GitHub remote for folder /workspace/project
2025-01-29 07:53:23.613 [info] Using in-memory cached assignable users.
2025-01-29 07:53:23.621 [info] Review+0> No matching pull request metadata found locally for current branch main
2025-01-29 07:53:23.627 [info] Review+0> No matching pull request metadata found on GitHub for current branch main
2025-01-29 07:54:51.144 [info] Review+0> Validate state in progress
2025-01-29 07:54:51.144 [info] Review+0> Validating state...
2025-01-29 07:54:51.324 [info] Found GitHub remote for folder /workspace/project
2025-01-29 07:54:51.324 [info] Using in-memory cached assignable users.
2025-01-29 07:54:51.333 [info] Review+0> No matching pull request metadata found locally for current branch main
2025-01-29 07:54:51.338 [info] Review+0> No matching pull request metadata found on GitHub for current branch main
2025-01-29 07:58:41.250 [info] Review+0> Validate state in progress
2025-01-29 07:58:41.250 [info] Review+0> Validating state...
2025-01-29 07:58:41.433 [info] Found GitHub remote for folder /workspace/project
2025-01-29 07:58:41.433 [info] Using in-memory cached assignable users.
2025-01-29 07:58:41.442 [info] Review+0> No matching pull request metadata found locally for current branch main
2025-01-29 07:58:41.448 [info] Review+0> No matching pull request metadata found on GitHub for current branch main
2025-01-29 07:58:46.268 [info] Review+0> Validate state in progress
2025-01-29 07:58:46.268 [info] Review+0> Validating state...
2025-01-29 07:58:46.452 [info] Found GitHub remote for folder /workspace/project
2025-01-29 07:58:46.452 [info] Using in-memory cached assignable users.
2025-01-29 07:58:46.459 [info] Review+0> No matching pull request metadata found locally for current branch main
2025-01-29 07:58:46.465 [info] Review+0> No matching pull request metadata found on GitHub for current branch main
2025-01-29 08:02:29.140 [info] Review+0> Validate state in progress
2025-01-29 08:02:29.140 [info] Review+0> Validating state...
2025-01-29 08:02:29.322 [info] Found GitHub remote for folder /workspace/project
2025-01-29 08:02:29.322 [info] Using in-memory cached assignable users.
2025-01-29 08:02:29.330 [info] Review+0> No matching pull request metadata found locally for current branch main
2025-01-29 08:02:29.336 [info] Review+0> No matching pull request metadata found on GitHub for current branch main
2025-01-29 08:02:34.159 [info] Review+0> Validate state in progress
2025-01-29 08:02:34.159 [info] Review+0> Validating state...
2025-01-29 08:02:34.361 [info] Found GitHub remote for folder /workspace/project
2025-01-29 08:02:34.361 [info] Using in-memory cached assignable users.
2025-01-29 08:02:34.369 [info] Review+0> No matching pull request metadata found locally for current branch main
2025-01-29 08:02:34.375 [info] Review+0> No matching pull request metadata found on GitHub for current branch main
2025-01-29 08:02:39.178 [info] Review+0> Validate state in progress
2025-01-29 08:02:39.178 [info] Review+0> Validating state...
2025-01-29 08:02:39.368 [info] Found GitHub remote for folder /workspace/project
2025-01-29 08:02:39.369 [info] Using in-memory cached assignable users.
2025-01-29 08:02:39.377 [info] Review+0> No matching pull request metadata found locally for current branch main
2025-01-29 08:02:39.382 [info] Review+0> No matching pull request metadata found on GitHub for current branch main
2025-01-29 08:02:54.234 [info] Review+0> Validate state in progress
2025-01-29 08:02:54.234 [info] Review+0> Validating state...
2025-01-29 08:02:54.419 [info] Found GitHub remote for folder /workspace/project
2025-01-29 08:02:54.419 [info] Using in-memory cached assignable users.
2025-01-29 08:02:54.427 [info] Review+0> No matching pull request metadata found locally for current branch main
2025-01-29 08:02:54.434 [info] Review+0> No matching pull request metadata found on GitHub for current branch main
2025-01-29 08:04:25.000 [info] Review+0> Validate state in progress
2025-01-29 08:04:25.000 [info] Review+0> Validating state...
2025-01-29 08:04:25.182 [info] Found GitHub remote for folder /workspace/project
2025-01-29 08:04:25.182 [info] Using in-memory cached assignable users.
2025-01-29 08:04:25.191 [info] Review+0> No matching pull request metadata found locally for current branch main
2025-01-29 08:04:25.197 [info] Review+0> No matching pull request metadata found on GitHub for current branch main
2025-01-29 08:05:27.740 [info] Review+0> Validate state in progress
2025-01-29 08:05:27.740 [info] Review+0> Validating state...
2025-01-29 08:05:27.923 [info] Found GitHub remote for folder /workspace/project
2025-01-29 08:05:27.923 [info] Using in-memory cached assignable users.
2025-01-29 08:05:27.932 [info] Review+0> No matching pull request metadata found locally for current branch main
2025-01-29 08:05:27.938 [info] Review+0> No matching pull request metadata found on GitHub for current branch main
2025-01-29 08:05:32.759 [info] Review+0> Validate state in progress
2025-01-29 08:05:32.759 [info] Review+0> Validating state...
2025-01-29 08:05:32.939 [info] Found GitHub remote for folder /workspace/project
2025-01-29 08:05:32.939 [info] Using in-memory cached assignable users.
2025-01-29 08:05:32.946 [info] Review+0> No matching pull request metadata found locally for current branch main
2025-01-29 08:05:32.952 [info] Review+0> No matching pull request metadata found on GitHub for current branch main
2025-01-29 08:06:07.538 [info] Review+0> Validate state in progress
2025-01-29 08:06:07.538 [info] Review+0> Validating state...
2025-01-29 08:06:07.718 [info] Found GitHub remote for folder /workspace/project
2025-01-29 08:06:07.718 [info] Using in-memory cached assignable users.
2025-01-29 08:06:07.726 [info] Review+0> No matching pull request metadata found locally for current branch main
2025-01-29 08:06:07.732 [info] Review+0> No matching pull request metadata found on GitHub for current branch main
2025-01-29 08:06:33.423 [info] Review+0> Validate state in progress
2025-01-29 08:06:33.423 [info] Review+0> Validating state...
2025-01-29 08:06:33.603 [info] Found GitHub remote for folder /workspace/project
2025-01-29 08:06:33.603 [info] Using in-memory cached assignable users.
2025-01-29 08:06:33.612 [info] Review+0> No matching pull request metadata found locally for current branch main
2025-01-29 08:06:33.618 [info] Review+0> No matching pull request metadata found on GitHub for current branch main
2025-01-29 08:06:59.777 [info] Review+0> Validate state in progress
2025-01-29 08:06:59.777 [info] Review+0> Validating state...
2025-01-29 08:06:59.960 [info] Found GitHub remote for folder /workspace/project
2025-01-29 08:06:59.960 [info] Using in-memory cached assignable users.
2025-01-29 08:06:59.969 [info] Review+0> No matching pull request metadata found locally for current branch main
2025-01-29 08:06:59.975 [info] Review+0> No matching pull request metadata found on GitHub for current branch main
2025-01-29 08:07:40.074 [info] Review+0> Validate state in progress
2025-01-29 08:07:40.074 [info] Review+0> Validating state...
2025-01-29 08:07:40.256 [info] Found GitHub remote for folder /workspace/project
2025-01-29 08:07:40.256 [info] Using in-memory cached assignable users.
2025-01-29 08:07:40.265 [info] Review+0> No matching pull request metadata found locally for current branch main
2025-01-29 08:07:40.271 [info] Review+0> No matching pull request metadata found on GitHub for current branch main
2025-01-29 08:07:45.097 [info] Review+0> Validate state in progress
2025-01-29 08:07:45.097 [info] Review+0> Validating state...
2025-01-29 08:07:45.278 [info] Found GitHub remote for folder /workspace/project
2025-01-29 08:07:45.278 [info] Using in-memory cached assignable users.
2025-01-29 08:07:45.286 [info] Review+0> No matching pull request metadata found locally for current branch main
2025-01-29 08:07:45.292 [info] Review+0> No matching pull request metadata found on GitHub for current branch main
2025-01-29 08:08:01.199 [info] Review+0> Validate state in progress
2025-01-29 08:08:01.199 [info] Review+0> Validating state...
2025-01-29 08:08:01.380 [info] Found GitHub remote for folder /workspace/project
2025-01-29 08:08:01.381 [info] Using in-memory cached assignable users.
2025-01-29 08:08:01.389 [info] Review+0> No matching pull request metadata found locally for current branch main
2025-01-29 08:08:01.395 [info] Review+0> No matching pull request metadata found on GitHub for current branch main
2025-01-29 08:08:06.219 [info] Review+0> Validate state in progress
2025-01-29 08:08:06.219 [info] Review+0> Validating state...
2025-01-29 08:08:06.400 [info] Found GitHub remote for folder /workspace/project
2025-01-29 08:08:06.400 [info] Using in-memory cached assignable users.
2025-01-29 08:08:06.409 [info] Review+0> No matching pull request metadata found locally for current branch main
2025-01-29 08:08:06.414 [info] Review+0> No matching pull request metadata found on GitHub for current branch main
2025-01-29 08:08:28.427 [info] Review+0> Validate state in progress
2025-01-29 08:08:28.427 [info] Review+0> Validating state...
2025-01-29 08:08:28.609 [info] Found GitHub remote for folder /workspace/project
2025-01-29 08:08:28.609 [info] Using in-memory cached assignable users.
2025-01-29 08:08:28.617 [info] Review+0> No matching pull request metadata found locally for current branch main
2025-01-29 08:08:28.623 [info] Review+0> No matching pull request metadata found on GitHub for current branch main
2025-01-29 08:08:33.449 [info] Review+0> Validate state in progress
2025-01-29 08:08:33.449 [info] Review+0> Validating state...
2025-01-29 08:08:33.629 [info] Found GitHub remote for folder /workspace/project
2025-01-29 08:08:33.630 [info] Using in-memory cached assignable users.
2025-01-29 08:08:33.638 [info] Review+0> No matching pull request metadata found locally for current branch main
2025-01-29 08:08:33.643 [info] Review+0> No matching pull request metadata found on GitHub for current branch main
2025-01-29 08:10:20.996 [info] Review+0> Validate state in progress
2025-01-29 08:10:20.996 [info] Review+0> Validating state...
2025-01-29 08:10:21.214 [info] Found GitHub remote for folder /workspace/project
2025-01-29 08:10:21.214 [info] Using in-memory cached assignable users.
2025-01-29 08:10:21.224 [info] Review+0> No matching pull request metadata found locally for current branch main
2025-01-29 08:10:21.230 [info] Review+0> No matching pull request metadata found on GitHub for current branch main
2025-01-29 08:10:26.017 [info] Review+0> Validate state in progress
2025-01-29 08:10:26.017 [info] Review+0> Validating state...
2025-01-29 08:10:26.204 [info] Found GitHub remote for folder /workspace/project
2025-01-29 08:10:26.205 [info] Using in-memory cached assignable users.
2025-01-29 08:10:26.213 [info] Review+0> No matching pull request metadata found locally for current branch main
2025-01-29 08:10:26.219 [info] Review+0> No matching pull request metadata found on GitHub for current branch main
2025-01-29 08:13:56.539 [info] Review+0> Validate state in progress
2025-01-29 08:13:56.539 [info] Review+0> Validating state...
2025-01-29 08:13:56.759 [info] Found GitHub remote for folder /workspace/project
2025-01-29 08:13:56.759 [info] Using in-memory cached assignable users.
2025-01-29 08:13:56.767 [info] Review+0> No matching pull request metadata found locally for current branch main
2025-01-29 08:13:56.774 [info] Review+0> No matching pull request metadata found on GitHub for current branch main
2025-01-29 08:14:01.559 [info] Review+0> Validate state in progress
2025-01-29 08:14:01.559 [info] Review+0> Validating state...
2025-01-29 08:14:01.791 [info] Found GitHub remote for folder /workspace/project
2025-01-29 08:14:01.791 [info] Using in-memory cached assignable users.
2025-01-29 08:14:01.800 [info] Review+0> No matching pull request metadata found locally for current branch main
2025-01-29 08:14:01.807 [info] Review+0> No matching pull request metadata found on GitHub for current branch main
2025-01-29 08:15:48.012 [info] Review+0> Validate state in progress
2025-01-29 08:15:48.012 [info] Review+0> Validating state...
2025-01-29 08:15:48.281 [info] Found GitHub remote for folder /workspace/project
2025-01-29 08:15:48.281 [info] Using in-memory cached assignable users.
2025-01-29 08:15:48.290 [info] Review+0> No matching pull request metadata found locally for current branch main
2025-01-29 08:15:48.297 [info] Review+0> No matching pull request metadata found on GitHub for current branch main
2025-01-29 08:16:18.123 [info] Review+0> Validate state in progress
2025-01-29 08:16:18.123 [info] Review+0> Validating state...
2025-01-29 08:16:18.389 [info] Found GitHub remote for folder /workspace/project
2025-01-29 08:16:18.389 [info] Using in-memory cached assignable users.
2025-01-29 08:16:18.397 [info] Review+0> No matching pull request metadata found locally for current branch main
2025-01-29 08:16:18.403 [info] Review+0> No matching pull request metadata found on GitHub for current branch main
2025-01-29 08:16:29.549 [info] Review+0> Validate state in progress
2025-01-29 08:16:29.549 [info] Review+0> Validating state...
2025-01-29 08:16:29.782 [info] Found GitHub remote for folder /workspace/project
2025-01-29 08:16:29.783 [info] Using in-memory cached assignable users.
2025-01-29 08:16:29.791 [info] Review+0> No matching pull request metadata found locally for current branch main
2025-01-29 08:16:29.797 [info] Review+0> No matching pull request metadata found on GitHub for current branch main
2025-01-29 08:16:34.570 [info] Review+0> Validate state in progress
2025-01-29 08:16:34.570 [info] Review+0> Validating state...
2025-01-29 08:16:34.761 [info] Found GitHub remote for folder /workspace/project
2025-01-29 08:16:34.761 [info] Using in-memory cached assignable users.
2025-01-29 08:16:34.770 [info] Review+0> No matching pull request metadata found locally for current branch main
2025-01-29 08:16:34.776 [info] Review+0> No matching pull request metadata found on GitHub for current branch main
2025-01-29 08:18:06.155 [info] Review+0> Validate state in progress
2025-01-29 08:18:06.155 [info] Review+0> Validating state...
2025-01-29 08:18:06.350 [info] Found GitHub remote for folder /workspace/project
2025-01-29 08:18:06.351 [info] Using in-memory cached assignable users.
2025-01-29 08:18:06.360 [info] Review+0> No matching pull request metadata found locally for current branch main
2025-01-29 08:18:06.366 [info] Review+0> No matching pull request metadata found on GitHub for current branch main
2025-01-29 08:19:04.389 [info] Review+0> Validate state in progress
2025-01-29 08:19:04.389 [info] Review+0> Validating state...
2025-01-29 08:19:04.581 [info] Found GitHub remote for folder /workspace/project
2025-01-29 08:19:04.581 [info] Using in-memory cached assignable users.
2025-01-29 08:19:04.590 [info] Review+0> No matching pull request metadata found locally for current branch main
2025-01-29 08:19:04.596 [info] Review+0> No matching pull request metadata found on GitHub for current branch main
2025-01-29 08:19:09.408 [info] Review+0> Validate state in progress
2025-01-29 08:19:09.408 [info] Review+0> Validating state...
2025-01-29 08:19:09.592 [info] Found GitHub remote for folder /workspace/project
2025-01-29 08:19:09.593 [info] Using in-memory cached assignable users.
2025-01-29 08:19:09.602 [info] Review+0> No matching pull request metadata found locally for current branch main
2025-01-29 08:19:09.608 [info] Review+0> No matching pull request metadata found on GitHub for current branch main
2025-01-29 08:19:14.429 [info] Review+0> Validate state in progress
2025-01-29 08:19:14.429 [info] Review+0> Validating state...
2025-01-29 08:19:14.654 [info] Found GitHub remote for folder /workspace/project
2025-01-29 08:19:14.654 [info] Using in-memory cached assignable users.
2025-01-29 08:19:14.663 [info] Review+0> No matching pull request metadata found locally for current branch main
2025-01-29 08:19:14.669 [info] Review+0> No matching pull request metadata found on GitHub for current branch main
2025-01-29 08:19:33.027 [info] Review+0> Validate state in progress
2025-01-29 08:19:33.028 [info] Review+0> Validating state...
2025-01-29 08:19:33.251 [info] Found GitHub remote for folder /workspace/project
2025-01-29 08:19:33.251 [info] Using in-memory cached assignable users.
2025-01-29 08:19:33.261 [info] Review+0> No matching pull request metadata found locally for current branch main
2025-01-29 08:19:33.269 [info] Review+0> No matching pull request metadata found on GitHub for current branch main
2025-01-29 08:19:38.051 [info] Review+0> Validate state in progress
2025-01-29 08:19:38.051 [info] Review+0> Validating state...
2025-01-29 08:19:38.277 [info] Found GitHub remote for folder /workspace/project
2025-01-29 08:19:38.277 [info] Using in-memory cached assignable users.
2025-01-29 08:19:38.287 [info] Review+0> No matching pull request metadata found locally for current branch main
2025-01-29 08:19:38.296 [info] Review+0> No matching pull request metadata found on GitHub for current branch main
2025-01-29 08:22:02.203 [info] Review+0> Validate state in progress
2025-01-29 08:22:02.203 [info] Review+0> Validating state...
2025-01-29 08:22:02.454 [info] Found GitHub remote for folder /workspace/project
2025-01-29 08:22:02.454 [info] Using in-memory cached assignable users.
2025-01-29 08:22:02.463 [info] Review+0> No matching pull request metadata found locally for current branch main
2025-01-29 08:22:02.468 [info] Review+0> No matching pull request metadata found on GitHub for current branch main
2025-01-29 08:22:27.563 [info] Review+0> Validate state in progress
2025-01-29 08:22:27.563 [info] Review+0> Validating state...
2025-01-29 08:22:27.757 [info] Found GitHub remote for folder /workspace/project
2025-01-29 08:22:27.757 [info] Using in-memory cached assignable users.
2025-01-29 08:22:27.766 [info] Review+0> No matching pull request metadata found locally for current branch main
2025-01-29 08:22:27.772 [info] Review+0> No matching pull request metadata found on GitHub for current branch main
2025-01-29 08:27:32.769 [info] Review+0> Validate state in progress
2025-01-29 08:27:32.769 [info] Review+0> Validating state...
2025-01-29 08:27:33.016 [info] Found GitHub remote for folder /workspace/project
2025-01-29 08:27:33.016 [info] Using in-memory cached assignable users.
2025-01-29 08:27:33.026 [info] Review+0> No matching pull request metadata found locally for current branch main
2025-01-29 08:27:33.032 [info] Review+0> No matching pull request metadata found on GitHub for current branch main
2025-01-29 08:27:37.789 [info] Review+0> Validate state in progress
2025-01-29 08:27:37.789 [info] Review+0> Validating state...
2025-01-29 08:27:37.976 [info] Found GitHub remote for folder /workspace/project
2025-01-29 08:27:37.977 [info] Using in-memory cached assignable users.
2025-01-29 08:27:37.985 [info] Review+0> No matching pull request metadata found locally for current branch main
2025-01-29 08:27:37.990 [info] Review+0> No matching pull request metadata found on GitHub for current branch main
2025-01-29 08:27:45.452 [info] Review+0> Validate state in progress
2025-01-29 08:27:45.452 [info] Review+0> Validating state...
2025-01-29 08:27:45.648 [info] Found GitHub remote for folder /workspace/project
2025-01-29 08:27:45.648 [info] Using in-memory cached assignable users.
2025-01-29 08:27:45.656 [info] Review+0> No matching pull request metadata found locally for current branch main
2025-01-29 08:27:45.662 [info] Review+0> No matching pull request metadata found on GitHub for current branch main
2025-01-29 08:28:24.477 [info] Review+0> Validate state in progress
2025-01-29 08:28:24.477 [info] Review+0> Validating state...
2025-01-29 08:28:24.789 [info] Found GitHub remote for folder /workspace/project
2025-01-29 08:28:24.789 [info] Using in-memory cached assignable users.
2025-01-29 08:28:24.799 [info] Review+0> No matching pull request metadata found locally for current branch main
2025-01-29 08:28:24.805 [info] Review+0> No matching pull request metadata found on GitHub for current branch main
2025-01-29 08:28:38.018 [info] Review+0> Validate state in progress
2025-01-29 08:28:38.018 [info] Review+0> Validating state...
2025-01-29 08:28:38.245 [info] Found GitHub remote for folder /workspace/project
2025-01-29 08:28:38.245 [info] Using in-memory cached assignable users.
2025-01-29 08:28:38.254 [info] Review+0> No matching pull request metadata found locally for current branch main
2025-01-29 08:28:38.259 [info] Review+0> No matching pull request metadata found on GitHub for current branch main
2025-01-29 08:28:43.038 [info] Review+0> Validate state in progress
2025-01-29 08:28:43.038 [info] Review+0> Validating state...
2025-01-29 08:28:43.256 [info] Found GitHub remote for folder /workspace/project
2025-01-29 08:28:43.256 [info] Using in-memory cached assignable users.
2025-01-29 08:28:43.264 [info] Review+0> No matching pull request metadata found locally for current branch main
2025-01-29 08:28:43.270 [info] Review+0> No matching pull request metadata found on GitHub for current branch main
2025-01-29 08:28:56.156 [info] Review+0> Validate state in progress
2025-01-29 08:28:56.156 [info] Review+0> Validating state...
2025-01-29 08:28:56.735 [info] Found GitHub remote for folder /workspace/project
2025-01-29 08:28:56.735 [info] Using in-memory cached assignable users.
2025-01-29 08:28:56.744 [info] Review+0> No matching pull request metadata found locally for current branch main
2025-01-29 08:28:56.750 [info] Review+0> No matching pull request metadata found on GitHub for current branch main
2025-01-29 08:29:01.176 [info] Review+0> Validate state in progress
2025-01-29 08:29:01.176 [info] Review+0> Validating state...
2025-01-29 08:29:01.371 [info] Found GitHub remote for folder /workspace/project
2025-01-29 08:29:01.371 [info] Using in-memory cached assignable users.
2025-01-29 08:29:01.379 [info] Review+0> No matching pull request metadata found locally for current branch main
2025-01-29 08:29:01.386 [info] Review+0> No matching pull request metadata found on GitHub for current branch main
2025-01-29 08:29:12.095 [info] Review+0> Validate state in progress
2025-01-29 08:29:12.095 [info] Review+0> Validating state...
2025-01-29 08:29:12.294 [info] Found GitHub remote for folder /workspace/project
2025-01-29 08:29:12.294 [info] Using in-memory cached assignable users.
2025-01-29 08:29:12.303 [info] Review+0> No matching pull request metadata found locally for current branch main
2025-01-29 08:29:12.309 [info] Review+0> No matching pull request metadata found on GitHub for current branch main
2025-01-29 08:29:18.181 [info] Review+0> Validate state in progress
2025-01-29 08:29:18.181 [info] Review+0> Validating state...
2025-01-29 08:29:18.371 [info] Found GitHub remote for folder /workspace/project
2025-01-29 08:29:18.371 [info] Using in-memory cached assignable users.
2025-01-29 08:29:18.380 [info] Review+0> No matching pull request metadata found locally for current branch main
2025-01-29 08:29:18.387 [info] Review+0> No matching pull request metadata found on GitHub for current branch main
2025-01-29 08:42:40.511 [info] Review+0> Validate state in progress
2025-01-29 08:42:40.511 [info] Review+0> Validating state...
2025-01-29 08:42:40.834 [info] Found GitHub remote for folder /workspace/project
2025-01-29 08:42:40.834 [info] Using in-memory cached assignable users.
2025-01-29 08:42:40.845 [info] Review+0> No matching pull request metadata found locally for current branch main
2025-01-29 08:42:40.851 [info] Review+0> No matching pull request metadata found on GitHub for current branch main
2025-01-29 08:46:04.959 [info] Review+0> Validate state in progress
2025-01-29 08:46:04.959 [info] Review+0> Validating state...
2025-01-29 08:46:05.157 [info] Found GitHub remote for folder /workspace/project
2025-01-29 08:46:05.157 [info] Using in-memory cached assignable users.
2025-01-29 08:46:05.165 [info] Review+0> No matching pull request metadata found locally for current branch main
2025-01-29 08:46:05.171 [info] Review+0> No matching pull request metadata found on GitHub for current branch main
2025-01-29 08:46:09.984 [info] Review+0> Validate state in progress
2025-01-29 08:46:09.985 [info] Review+0> Validating state...
2025-01-29 08:46:10.177 [info] Found GitHub remote for folder /workspace/project
2025-01-29 08:46:10.177 [info] Using in-memory cached assignable users.
2025-01-29 08:46:10.186 [info] Review+0> No matching pull request metadata found locally for current branch main
2025-01-29 08:46:10.193 [info] Review+0> No matching pull request metadata found on GitHub for current branch main
