2025-01-28 23:07:14.588 [warning] /home/gitpod/.ssh/config: ENOENT: no such file or directory, open '/home/gitpod/.ssh/config'
2025-01-28 23:07:14.588 [info] Activation> Extension version: 0.102.0
2025-01-28 23:07:17.094 [info] Looking for git repository
2025-01-28 23:07:17.094 [info] Found 0 repositories during activation
2025-01-28 23:07:17.094 [info] Git repository found, initializing review manager and pr tree view.
2025-01-28 23:07:17.098 [info] Registering git provider
2025-01-28 23:07:17.098 [info] Review+0> Validate state in progress
2025-01-28 23:07:17.098 [info] Review+0> Validating state...
2025-01-28 23:07:17.293 [info] Found GitHub remote for folder /workspace/project
2025-01-28 23:07:17.295 [info] Trying to use globalState for assignableUsers.
2025-01-28 23:07:17.303 [info] Review+0> No matching pull request metadata found locally for current branch main
2025-01-28 23:07:17.303 [info] Review+0> No matching pull request metadata found on GitHub for current branch main
2025-01-28 23:07:17.490 [info] GlobalState does not exist for assignableUsers.
2025-01-28 23:07:35.103 [info] Review+0> Validate state in progress
2025-01-28 23:07:35.103 [info] Review+0> Validating state...
2025-01-28 23:07:35.103 [info] Repo state for file:///workspace/project changed.
2025-01-28 23:07:35.103 [info] Repo file:///workspace/project has already been setup.
2025-01-28 23:07:35.297 [info] Found GitHub remote for folder /workspace/project
2025-01-28 23:07:35.298 [info] Using in-memory cached assignable users.
2025-01-28 23:07:35.306 [info] Review+0> No matching pull request metadata found locally for current branch main
2025-01-28 23:07:35.306 [info] Review+0> No matching pull request metadata found on GitHub for current branch main
2025-01-28 23:07:40.136 [info] Review+0> Validate state in progress
2025-01-28 23:07:40.136 [info] Review+0> Validating state...
2025-01-28 23:07:40.356 [info] Found GitHub remote for folder /workspace/project
2025-01-28 23:07:40.356 [info] Using in-memory cached assignable users.
2025-01-28 23:07:40.363 [info] Review+0> No matching pull request metadata found locally for current branch main
2025-01-28 23:07:40.363 [info] Review+0> No matching pull request metadata found on GitHub for current branch main
2025-01-28 23:08:20.469 [info] Review+0> Validate state in progress
2025-01-28 23:08:20.469 [info] Review+0> Validating state...
2025-01-28 23:08:20.719 [info] Found GitHub remote for folder /workspace/project
2025-01-28 23:08:20.719 [info] Using in-memory cached assignable users.
2025-01-28 23:08:20.726 [info] Review+0> No matching pull request metadata found locally for current branch main
2025-01-28 23:08:20.726 [info] Review+0> No matching pull request metadata found on GitHub for current branch main
2025-01-28 23:08:25.506 [info] Review+0> Validate state in progress
2025-01-28 23:08:25.506 [info] Review+0> Validating state...
2025-01-28 23:08:25.783 [info] Found GitHub remote for folder /workspace/project
2025-01-28 23:08:25.783 [info] Using in-memory cached assignable users.
2025-01-28 23:08:25.790 [info] Review+0> No matching pull request metadata found locally for current branch main
2025-01-28 23:08:25.790 [info] Review+0> No matching pull request metadata found on GitHub for current branch main
2025-01-28 23:09:16.138 [info] Review+0> Validate state in progress
2025-01-28 23:09:16.138 [info] Review+0> Validating state...
2025-01-28 23:09:16.330 [info] Found GitHub remote for folder /workspace/project
2025-01-28 23:09:16.331 [info] Using in-memory cached assignable users.
2025-01-28 23:09:16.338 [info] Review+0> No matching pull request metadata found locally for current branch main
2025-01-28 23:09:16.338 [info] Review+0> No matching pull request metadata found on GitHub for current branch main
2025-01-28 23:09:21.170 [info] Review+0> Validate state in progress
2025-01-28 23:09:21.170 [info] Review+0> Validating state...
2025-01-28 23:09:21.364 [info] Found GitHub remote for folder /workspace/project
2025-01-28 23:09:21.364 [info] Using in-memory cached assignable users.
2025-01-28 23:09:21.371 [info] Review+0> No matching pull request metadata found locally for current branch main
2025-01-28 23:09:21.371 [info] Review+0> No matching pull request metadata found on GitHub for current branch main
2025-01-28 23:10:24.755 [info] Review+0> Validate state in progress
2025-01-28 23:10:24.755 [info] Review+0> Validating state...
2025-01-28 23:10:24.965 [info] Found GitHub remote for folder /workspace/project
2025-01-28 23:10:24.965 [info] Using in-memory cached assignable users.
2025-01-28 23:10:24.972 [info] Review+0> No matching pull request metadata found locally for current branch main
2025-01-28 23:10:24.972 [info] Review+0> No matching pull request metadata found on GitHub for current branch main
2025-01-28 23:11:26.758 [info] Review+0> Validate state in progress
2025-01-28 23:11:26.758 [info] Review+0> Validating state...
2025-01-28 23:11:26.949 [info] Found GitHub remote for folder /workspace/project
2025-01-28 23:11:26.950 [info] Using in-memory cached assignable users.
2025-01-28 23:11:26.956 [info] Review+0> No matching pull request metadata found locally for current branch main
2025-01-28 23:11:26.956 [info] Review+0> No matching pull request metadata found on GitHub for current branch main
2025-01-28 23:11:37.161 [info] Review+0> Validate state in progress
2025-01-28 23:11:37.161 [info] Review+0> Validating state...
2025-01-28 23:11:37.359 [info] Found GitHub remote for folder /workspace/project
2025-01-28 23:11:37.359 [info] Using in-memory cached assignable users.
2025-01-28 23:11:37.366 [info] Review+0> No matching pull request metadata found locally for current branch main
2025-01-28 23:11:37.366 [info] Review+0> No matching pull request metadata found on GitHub for current branch main
2025-01-28 23:14:52.960 [info] Review+0> Validate state in progress
2025-01-28 23:14:52.960 [info] Review+0> Validating state...
2025-01-28 23:14:53.157 [info] Found GitHub remote for folder /workspace/project
2025-01-28 23:14:53.157 [info] Using in-memory cached assignable users.
2025-01-28 23:14:53.163 [info] Review+0> No matching pull request metadata found locally for current branch main
2025-01-28 23:14:53.163 [info] Review+0> No matching pull request metadata found on GitHub for current branch main
2025-01-28 23:14:57.991 [info] Review+0> Validate state in progress
2025-01-28 23:14:57.991 [info] Review+0> Validating state...
2025-01-28 23:14:58.181 [info] Found GitHub remote for folder /workspace/project
2025-01-28 23:14:58.182 [info] Using in-memory cached assignable users.
2025-01-28 23:14:58.189 [info] Review+0> No matching pull request metadata found locally for current branch main
2025-01-28 23:14:58.189 [info] Review+0> No matching pull request metadata found on GitHub for current branch main
2025-01-28 23:15:23.461 [info] Review+0> Validate state in progress
2025-01-28 23:15:23.461 [info] Review+0> Validating state...
2025-01-28 23:15:23.653 [info] Found GitHub remote for folder /workspace/project
2025-01-28 23:15:23.654 [info] Using in-memory cached assignable users.
2025-01-28 23:15:23.660 [info] Review+0> No matching pull request metadata found locally for current branch main
2025-01-28 23:15:23.660 [info] Review+0> No matching pull request metadata found on GitHub for current branch main
2025-01-28 23:15:29.572 [info] Review+0> Validate state in progress
2025-01-28 23:15:29.572 [info] Review+0> Validating state...
2025-01-28 23:15:29.830 [info] Found GitHub remote for folder /workspace/project
2025-01-28 23:15:29.831 [info] Using in-memory cached assignable users.
2025-01-28 23:15:29.837 [info] Review+0> No matching pull request metadata found locally for current branch main
2025-01-28 23:15:29.837 [info] Review+0> No matching pull request metadata found on GitHub for current branch main
2025-01-28 23:19:12.033 [info] Review+0> Validate state in progress
2025-01-28 23:19:12.033 [info] Review+0> Validating state...
2025-01-28 23:19:12.249 [info] Found GitHub remote for folder /workspace/project
2025-01-28 23:19:12.249 [info] Using in-memory cached assignable users.
2025-01-28 23:19:12.256 [info] Review+0> No matching pull request metadata found locally for current branch main
2025-01-28 23:19:12.256 [info] Review+0> No matching pull request metadata found on GitHub for current branch main
2025-01-28 23:19:30.666 [info] Review+0> Validate state in progress
2025-01-28 23:19:30.666 [info] Review+0> Validating state...
2025-01-28 23:19:30.859 [info] Found GitHub remote for folder /workspace/project
2025-01-28 23:19:30.859 [info] Using in-memory cached assignable users.
2025-01-28 23:19:30.865 [info] Review+0> No matching pull request metadata found locally for current branch main
2025-01-28 23:19:30.865 [info] Review+0> No matching pull request metadata found on GitHub for current branch main
2025-01-28 23:20:21.648 [info] Review+0> Validate state in progress
2025-01-28 23:20:21.648 [info] Review+0> Validating state...
2025-01-28 23:20:21.842 [info] Found GitHub remote for folder /workspace/project
2025-01-28 23:20:21.843 [info] Using in-memory cached assignable users.
2025-01-28 23:20:21.849 [info] Review+0> No matching pull request metadata found locally for current branch main
2025-01-28 23:20:21.849 [info] Review+0> No matching pull request metadata found on GitHub for current branch main
2025-01-28 23:20:28.862 [info] Review+0> Validate state in progress
2025-01-28 23:20:28.862 [info] Review+0> Validating state...
2025-01-28 23:20:29.051 [info] Found GitHub remote for folder /workspace/project
2025-01-28 23:20:29.051 [info] Using in-memory cached assignable users.
2025-01-28 23:20:29.057 [info] Review+0> No matching pull request metadata found locally for current branch main
2025-01-28 23:20:29.058 [info] Review+0> No matching pull request metadata found on GitHub for current branch main
2025-01-28 23:22:25.056 [info] Review+0> Validate state in progress
2025-01-28 23:22:25.056 [info] Review+0> Validating state...
2025-01-28 23:22:25.255 [info] Found GitHub remote for folder /workspace/project
2025-01-28 23:22:25.255 [info] Using in-memory cached assignable users.
2025-01-28 23:22:25.261 [info] Review+0> No matching pull request metadata found locally for current branch main
2025-01-28 23:22:25.261 [info] Review+0> No matching pull request metadata found on GitHub for current branch main
2025-01-28 23:23:45.870 [info] Review+0> Validate state in progress
2025-01-28 23:23:45.870 [info] Review+0> Validating state...
2025-01-28 23:23:46.059 [info] Found GitHub remote for folder /workspace/project
2025-01-28 23:23:46.059 [info] Using in-memory cached assignable users.
2025-01-28 23:23:46.065 [info] Review+0> No matching pull request metadata found locally for current branch main
2025-01-28 23:23:46.066 [info] Review+0> No matching pull request metadata found on GitHub for current branch main
2025-01-28 23:24:46.658 [info] Review+0> Validate state in progress
2025-01-28 23:24:46.658 [info] Review+0> Validating state...
2025-01-28 23:24:46.847 [info] Found GitHub remote for folder /workspace/project
2025-01-28 23:24:46.847 [info] Using in-memory cached assignable users.
2025-01-28 23:24:46.853 [info] Review+0> No matching pull request metadata found locally for current branch main
2025-01-28 23:24:46.853 [info] Review+0> No matching pull request metadata found on GitHub for current branch main
2025-01-28 23:24:51.688 [info] Review+0> Validate state in progress
2025-01-28 23:24:51.688 [info] Review+0> Validating state...
2025-01-28 23:24:51.885 [info] Found GitHub remote for folder /workspace/project
2025-01-28 23:24:51.886 [info] Using in-memory cached assignable users.
2025-01-28 23:24:51.892 [info] Review+0> No matching pull request metadata found locally for current branch main
2025-01-28 23:24:51.892 [info] Review+0> No matching pull request metadata found on GitHub for current branch main
2025-01-28 23:25:01.746 [info] Review+0> Validate state in progress
2025-01-28 23:25:01.746 [info] Review+0> Validating state...
2025-01-28 23:25:01.936 [info] Found GitHub remote for folder /workspace/project
2025-01-28 23:25:01.937 [info] Using in-memory cached assignable users.
2025-01-28 23:25:01.942 [info] Review+0> No matching pull request metadata found locally for current branch main
2025-01-28 23:25:01.943 [info] Review+0> No matching pull request metadata found on GitHub for current branch main
2025-01-28 23:25:14.453 [info] Review+0> Validate state in progress
2025-01-28 23:25:14.453 [info] Review+0> Validating state...
2025-01-28 23:25:14.736 [info] Found GitHub remote for folder /workspace/project
2025-01-28 23:25:14.736 [info] Using in-memory cached assignable users.
2025-01-28 23:25:14.743 [info] Review+0> No matching pull request metadata found locally for current branch main
2025-01-28 23:25:14.743 [info] Review+0> No matching pull request metadata found on GitHub for current branch main
2025-01-28 23:27:22.205 [info] Review+0> Validate state in progress
2025-01-28 23:27:22.205 [info] Review+0> Validating state...
2025-01-28 23:27:22.395 [info] Found GitHub remote for folder /workspace/project
2025-01-28 23:27:22.395 [info] Using in-memory cached assignable users.
2025-01-28 23:27:22.401 [info] Review+0> No matching pull request metadata found locally for current branch main
2025-01-28 23:27:22.401 [info] Review+0> No matching pull request metadata found on GitHub for current branch main
2025-01-28 23:27:27.243 [info] Review+0> Validate state in progress
2025-01-28 23:27:27.243 [info] Review+0> Validating state...
2025-01-28 23:27:27.434 [info] Found GitHub remote for folder /workspace/project
2025-01-28 23:27:27.434 [info] Using in-memory cached assignable users.
2025-01-28 23:27:27.441 [info] Review+0> No matching pull request metadata found locally for current branch main
2025-01-28 23:27:27.441 [info] Review+0> No matching pull request metadata found on GitHub for current branch main
2025-01-28 23:29:27.226 [info] Review+0> Validate state in progress
2025-01-28 23:29:27.226 [info] Review+0> Validating state...
2025-01-28 23:29:27.554 [info] Found GitHub remote for folder /workspace/project
2025-01-28 23:29:27.555 [info] Using in-memory cached assignable users.
2025-01-28 23:29:27.560 [info] Review+0> No matching pull request metadata found locally for current branch main
2025-01-28 23:29:27.560 [info] Review+0> No matching pull request metadata found on GitHub for current branch main
2025-01-28 23:29:37.283 [info] Review+0> Validate state in progress
2025-01-28 23:29:37.283 [info] Review+0> Validating state...
2025-01-28 23:29:37.469 [info] Found GitHub remote for folder /workspace/project
2025-01-28 23:29:37.469 [info] Using in-memory cached assignable users.
2025-01-28 23:29:37.476 [info] Review+0> No matching pull request metadata found locally for current branch main
2025-01-28 23:29:37.476 [info] Review+0> No matching pull request metadata found on GitHub for current branch main
2025-01-28 23:29:45.062 [info] Review+0> Validate state in progress
2025-01-28 23:29:45.062 [info] Review+0> Validating state...
2025-01-28 23:29:45.264 [info] Found GitHub remote for folder /workspace/project
2025-01-28 23:29:45.265 [info] Using in-memory cached assignable users.
2025-01-28 23:29:45.271 [info] Review+0> No matching pull request metadata found locally for current branch main
2025-01-28 23:29:45.271 [info] Review+0> No matching pull request metadata found on GitHub for current branch main
2025-01-28 23:31:42.842 [info] Review+0> Validate state in progress
2025-01-28 23:31:42.842 [info] Review+0> Validating state...
2025-01-28 23:31:43.031 [info] Found GitHub remote for folder /workspace/project
2025-01-28 23:31:43.031 [info] Using in-memory cached assignable users.
2025-01-28 23:31:43.038 [info] Review+0> No matching pull request metadata found locally for current branch main
2025-01-28 23:31:43.038 [info] Review+0> No matching pull request metadata found on GitHub for current branch main
2025-01-28 23:33:50.588 [info] Review+0> Validate state in progress
2025-01-28 23:33:50.588 [info] Review+0> Validating state...
2025-01-28 23:33:50.779 [info] Found GitHub remote for folder /workspace/project
2025-01-28 23:33:50.780 [info] Using in-memory cached assignable users.
2025-01-28 23:33:50.786 [info] Review+0> No matching pull request metadata found locally for current branch main
2025-01-28 23:33:50.786 [info] Review+0> No matching pull request metadata found on GitHub for current branch main
2025-01-28 23:35:31.320 [info] Review+0> Validate state in progress
2025-01-28 23:35:31.320 [info] Review+0> Validating state...
2025-01-28 23:35:31.509 [info] Found GitHub remote for folder /workspace/project
2025-01-28 23:35:31.509 [info] Using in-memory cached assignable users.
2025-01-28 23:35:31.516 [info] Review+0> No matching pull request metadata found locally for current branch main
2025-01-28 23:35:31.516 [info] Review+0> No matching pull request metadata found on GitHub for current branch main
2025-01-28 23:35:36.357 [info] Review+0> Validate state in progress
2025-01-28 23:35:36.357 [info] Review+0> Validating state...
2025-01-28 23:35:36.552 [info] Found GitHub remote for folder /workspace/project
2025-01-28 23:35:36.552 [info] Using in-memory cached assignable users.
2025-01-28 23:35:36.559 [info] Review+0> No matching pull request metadata found locally for current branch main
2025-01-28 23:35:36.559 [info] Review+0> No matching pull request metadata found on GitHub for current branch main
2025-01-28 23:35:41.392 [info] Review+0> Validate state in progress
2025-01-28 23:35:41.392 [info] Review+0> Validating state...
2025-01-28 23:35:41.587 [info] Found GitHub remote for folder /workspace/project
2025-01-28 23:35:41.587 [info] Using in-memory cached assignable users.
2025-01-28 23:35:41.594 [info] Review+0> No matching pull request metadata found locally for current branch main
2025-01-28 23:35:41.594 [info] Review+0> No matching pull request metadata found on GitHub for current branch main
2025-01-28 23:38:52.894 [info] Review+0> Validate state in progress
2025-01-28 23:38:52.894 [info] Review+0> Validating state...
2025-01-28 23:38:53.079 [info] Found GitHub remote for folder /workspace/project
2025-01-28 23:38:53.079 [info] Using in-memory cached assignable users.
2025-01-28 23:38:53.086 [info] Review+0> No matching pull request metadata found locally for current branch main
2025-01-28 23:38:53.086 [info] Review+0> No matching pull request metadata found on GitHub for current branch main
2025-01-28 23:42:18.166 [info] Review+0> Validate state in progress
2025-01-28 23:42:18.166 [info] Review+0> Validating state...
2025-01-28 23:42:18.428 [info] Found GitHub remote for folder /workspace/project
2025-01-28 23:42:18.429 [info] Using in-memory cached assignable users.
2025-01-28 23:42:18.435 [info] Review+0> No matching pull request metadata found locally for current branch main
2025-01-28 23:42:18.435 [info] Review+0> No matching pull request metadata found on GitHub for current branch main
2025-01-28 23:42:23.198 [info] Review+0> Validate state in progress
2025-01-28 23:42:23.198 [info] Review+0> Validating state...
2025-01-28 23:42:23.391 [info] Found GitHub remote for folder /workspace/project
2025-01-28 23:42:23.391 [info] Using in-memory cached assignable users.
2025-01-28 23:42:23.397 [info] Review+0> No matching pull request metadata found locally for current branch main
2025-01-28 23:42:23.397 [info] Review+0> No matching pull request metadata found on GitHub for current branch main
2025-01-28 23:42:37.862 [info] Review+0> Validate state in progress
2025-01-28 23:42:37.862 [info] Review+0> Validating state...
2025-01-28 23:42:38.081 [info] Found GitHub remote for folder /workspace/project
2025-01-28 23:42:38.081 [info] Using in-memory cached assignable users.
2025-01-28 23:42:38.088 [info] Review+0> No matching pull request metadata found locally for current branch main
2025-01-28 23:42:38.088 [info] Review+0> No matching pull request metadata found on GitHub for current branch main
2025-01-28 23:42:42.893 [info] Review+0> Validate state in progress
2025-01-28 23:42:42.893 [info] Review+0> Validating state...
2025-01-28 23:42:43.140 [info] Found GitHub remote for folder /workspace/project
2025-01-28 23:42:43.140 [info] Using in-memory cached assignable users.
2025-01-28 23:42:43.146 [info] Review+0> No matching pull request metadata found locally for current branch main
2025-01-28 23:42:43.146 [info] Review+0> No matching pull request metadata found on GitHub for current branch main
2025-01-28 23:44:31.600 [info] Review+0> Validate state in progress
2025-01-28 23:44:31.600 [info] Review+0> Validating state...
2025-01-28 23:44:31.790 [info] Found GitHub remote for folder /workspace/project
2025-01-28 23:44:31.790 [info] Using in-memory cached assignable users.
2025-01-28 23:44:31.798 [info] Review+0> No matching pull request metadata found locally for current branch main
2025-01-28 23:44:31.798 [info] Review+0> No matching pull request metadata found on GitHub for current branch main
2025-01-28 23:46:47.271 [info] Review+0> Validate state in progress
2025-01-28 23:46:47.271 [info] Review+0> Validating state...
2025-01-28 23:46:47.465 [info] Found GitHub remote for folder /workspace/project
2025-01-28 23:46:47.465 [info] Using in-memory cached assignable users.
2025-01-28 23:46:47.472 [info] Review+0> No matching pull request metadata found locally for current branch main
2025-01-28 23:46:47.472 [info] Review+0> No matching pull request metadata found on GitHub for current branch main
2025-01-28 23:47:49.465 [info] Review+0> Validate state in progress
2025-01-28 23:47:49.465 [info] Review+0> Validating state...
2025-01-28 23:47:49.673 [info] Found GitHub remote for folder /workspace/project
2025-01-28 23:47:49.674 [info] Using in-memory cached assignable users.
2025-01-28 23:47:49.680 [info] Review+0> No matching pull request metadata found locally for current branch main
2025-01-28 23:47:49.680 [info] Review+0> No matching pull request metadata found on GitHub for current branch main
2025-01-28 23:48:59.875 [info] Review+0> Validate state in progress
2025-01-28 23:48:59.875 [info] Review+0> Validating state...
2025-01-28 23:49:00.244 [info] Found GitHub remote for folder /workspace/project
2025-01-28 23:49:00.244 [info] Using in-memory cached assignable users.
2025-01-28 23:49:00.250 [info] Review+0> No matching pull request metadata found locally for current branch main
2025-01-28 23:49:00.250 [info] Review+0> No matching pull request metadata found on GitHub for current branch main
2025-01-28 23:49:15.709 [info] Review+0> Validate state in progress
2025-01-28 23:49:15.709 [info] Review+0> Validating state...
2025-01-28 23:49:15.899 [info] Found GitHub remote for folder /workspace/project
2025-01-28 23:49:15.900 [info] Using in-memory cached assignable users.
2025-01-28 23:49:15.906 [info] Review+0> No matching pull request metadata found locally for current branch main
2025-01-28 23:49:15.906 [info] Review+0> No matching pull request metadata found on GitHub for current branch main
2025-01-28 23:49:20.741 [info] Review+0> Validate state in progress
2025-01-28 23:49:20.741 [info] Review+0> Validating state...
2025-01-28 23:49:20.932 [info] Found GitHub remote for folder /workspace/project
2025-01-28 23:49:20.933 [info] Using in-memory cached assignable users.
2025-01-28 23:49:20.938 [info] Review+0> No matching pull request metadata found locally for current branch main
2025-01-28 23:49:20.938 [info] Review+0> No matching pull request metadata found on GitHub for current branch main
2025-01-28 23:50:36.512 [info] Review+0> Validate state in progress
2025-01-28 23:50:36.512 [info] Review+0> Validating state...
2025-01-28 23:50:36.702 [info] Found GitHub remote for folder /workspace/project
2025-01-28 23:50:36.703 [info] Using in-memory cached assignable users.
2025-01-28 23:50:36.708 [info] Review+0> No matching pull request metadata found locally for current branch main
2025-01-28 23:50:36.708 [info] Review+0> No matching pull request metadata found on GitHub for current branch main
2025-01-28 23:51:00.058 [info] Review+0> Validate state in progress
2025-01-28 23:51:00.058 [info] Review+0> Validating state...
2025-01-28 23:51:00.260 [info] Found GitHub remote for folder /workspace/project
2025-01-28 23:51:00.260 [info] Using in-memory cached assignable users.
2025-01-28 23:51:00.266 [info] Review+0> No matching pull request metadata found locally for current branch main
2025-01-28 23:51:00.266 [info] Review+0> No matching pull request metadata found on GitHub for current branch main
2025-01-28 23:51:06.113 [info] Review+0> Validate state in progress
2025-01-28 23:51:06.113 [info] Review+0> Validating state...
2025-01-28 23:51:06.317 [info] Found GitHub remote for folder /workspace/project
2025-01-28 23:51:06.317 [info] Using in-memory cached assignable users.
2025-01-28 23:51:06.325 [info] Review+0> No matching pull request metadata found locally for current branch main
2025-01-28 23:51:06.325 [info] Review+0> No matching pull request metadata found on GitHub for current branch main
2025-01-28 23:53:05.086 [info] Review+0> Validate state in progress
2025-01-28 23:53:05.086 [info] Review+0> Validating state...
2025-01-28 23:53:05.277 [info] Found GitHub remote for folder /workspace/project
2025-01-28 23:53:05.277 [info] Using in-memory cached assignable users.
2025-01-28 23:53:05.283 [info] Review+0> No matching pull request metadata found locally for current branch main
2025-01-28 23:53:05.283 [info] Review+0> No matching pull request metadata found on GitHub for current branch main
2025-01-28 23:53:10.119 [info] Review+0> Validate state in progress
2025-01-28 23:53:10.119 [info] Review+0> Validating state...
2025-01-28 23:53:10.312 [info] Found GitHub remote for folder /workspace/project
2025-01-28 23:53:10.312 [info] Using in-memory cached assignable users.
2025-01-28 23:53:10.320 [info] Review+0> No matching pull request metadata found locally for current branch main
2025-01-28 23:53:10.320 [info] Review+0> No matching pull request metadata found on GitHub for current branch main
2025-01-28 23:54:20.873 [info] Review+0> Validate state in progress
2025-01-28 23:54:20.873 [info] Review+0> Validating state...
2025-01-28 23:54:21.067 [info] Found GitHub remote for folder /workspace/project
2025-01-28 23:54:21.067 [info] Using in-memory cached assignable users.
2025-01-28 23:54:21.073 [info] Review+0> No matching pull request metadata found locally for current branch main
2025-01-28 23:54:21.074 [info] Review+0> No matching pull request metadata found on GitHub for current branch main
2025-01-28 23:54:25.907 [info] Review+0> Validate state in progress
2025-01-28 23:54:25.907 [info] Review+0> Validating state...
2025-01-28 23:54:26.111 [info] Found GitHub remote for folder /workspace/project
2025-01-28 23:54:26.111 [info] Using in-memory cached assignable users.
2025-01-28 23:54:26.118 [info] Review+0> No matching pull request metadata found locally for current branch main
2025-01-28 23:54:26.118 [info] Review+0> No matching pull request metadata found on GitHub for current branch main
2025-01-28 23:55:19.765 [info] Review+0> Validate state in progress
2025-01-28 23:55:19.765 [info] Review+0> Validating state...
2025-01-28 23:55:19.953 [info] Found GitHub remote for folder /workspace/project
2025-01-28 23:55:19.954 [info] Using in-memory cached assignable users.
2025-01-28 23:55:19.960 [info] Review+0> No matching pull request metadata found locally for current branch main
2025-01-28 23:55:19.960 [info] Review+0> No matching pull request metadata found on GitHub for current branch main
2025-01-28 23:55:54.892 [info] Review+0> Validate state in progress
2025-01-28 23:55:54.892 [info] Review+0> Validating state...
2025-01-28 23:55:55.187 [info] Found GitHub remote for folder /workspace/project
2025-01-28 23:55:55.188 [info] Using in-memory cached assignable users.
2025-01-28 23:55:55.194 [info] Review+0> No matching pull request metadata found locally for current branch main
2025-01-28 23:55:55.194 [info] Review+0> No matching pull request metadata found on GitHub for current branch main
2025-01-28 23:55:59.923 [info] Review+0> Validate state in progress
2025-01-28 23:55:59.923 [info] Review+0> Validating state...
2025-01-28 23:56:00.220 [info] Found GitHub remote for folder /workspace/project
2025-01-28 23:56:00.220 [info] Using in-memory cached assignable users.
2025-01-28 23:56:00.226 [info] Review+0> No matching pull request metadata found locally for current branch main
2025-01-28 23:56:00.226 [info] Review+0> No matching pull request metadata found on GitHub for current branch main
2025-01-29 00:26:00.688 [info] Review+0> Validate state in progress
2025-01-29 00:26:00.688 [info] Review+0> Validating state...
2025-01-29 00:26:00.878 [info] Found GitHub remote for folder /workspace/project
2025-01-29 00:26:00.878 [info] Using in-memory cached assignable users.
2025-01-29 00:26:00.888 [info] Review+0> No matching pull request metadata found locally for current branch main
2025-01-29 00:26:00.895 [info] Review+0> No matching pull request metadata found on GitHub for current branch main
2025-01-29 00:26:43.632 [info] Review+0> Validate state in progress
2025-01-29 00:26:43.633 [info] Review+0> Validating state...
2025-01-29 00:26:43.819 [info] Found GitHub remote for folder /workspace/project
2025-01-29 00:26:43.819 [info] Using in-memory cached assignable users.
2025-01-29 00:26:43.830 [info] Review+0> No matching pull request metadata found locally for current branch main
2025-01-29 00:26:43.838 [info] Review+0> No matching pull request metadata found on GitHub for current branch main
2025-01-29 00:26:53.678 [info] Review+0> Validate state in progress
2025-01-29 00:26:53.678 [info] Review+0> Validating state...
2025-01-29 00:26:53.873 [info] Found GitHub remote for folder /workspace/project
2025-01-29 00:26:53.873 [info] Using in-memory cached assignable users.
2025-01-29 00:26:53.884 [info] Review+0> No matching pull request metadata found locally for current branch main
2025-01-29 00:26:53.890 [info] Review+0> No matching pull request metadata found on GitHub for current branch main
2025-01-29 00:27:41.072 [info] Review+0> Validate state in progress
2025-01-29 00:27:41.072 [info] Review+0> Validating state...
2025-01-29 00:27:41.272 [info] Found GitHub remote for folder /workspace/project
2025-01-29 00:27:41.272 [info] Using in-memory cached assignable users.
2025-01-29 00:27:41.282 [info] Review+0> No matching pull request metadata found locally for current branch main
2025-01-29 00:27:41.289 [info] Review+0> No matching pull request metadata found on GitHub for current branch main
2025-01-29 00:28:11.210 [info] Review+0> Validate state in progress
2025-01-29 00:28:11.210 [info] Review+0> Validating state...
2025-01-29 00:28:11.397 [info] Found GitHub remote for folder /workspace/project
2025-01-29 00:28:11.398 [info] Using in-memory cached assignable users.
2025-01-29 00:28:11.410 [info] Review+0> No matching pull request metadata found locally for current branch main
2025-01-29 00:28:11.418 [info] Review+0> No matching pull request metadata found on GitHub for current branch main
2025-01-29 00:28:36.329 [info] Review+0> Validate state in progress
2025-01-29 00:28:36.329 [info] Review+0> Validating state...
2025-01-29 00:28:36.515 [info] Found GitHub remote for folder /workspace/project
2025-01-29 00:28:36.515 [info] Using in-memory cached assignable users.
2025-01-29 00:28:36.525 [info] Review+0> No matching pull request metadata found locally for current branch main
2025-01-29 00:28:36.531 [info] Review+0> No matching pull request metadata found on GitHub for current branch main
2025-01-29 00:30:02.748 [info] Review+0> Validate state in progress
2025-01-29 00:30:02.749 [info] Review+0> Validating state...
2025-01-29 00:30:02.966 [info] Found GitHub remote for folder /workspace/project
2025-01-29 00:30:02.967 [info] Using in-memory cached assignable users.
2025-01-29 00:30:02.980 [info] Review+0> No matching pull request metadata found locally for current branch main
2025-01-29 00:30:02.989 [info] Review+0> No matching pull request metadata found on GitHub for current branch main
2025-01-29 00:30:30.568 [info] Review+0> Validate state in progress
2025-01-29 00:30:30.568 [info] Review+0> Validating state...
2025-01-29 00:30:30.768 [info] Found GitHub remote for folder /workspace/project
2025-01-29 00:30:30.769 [info] Using in-memory cached assignable users.
2025-01-29 00:30:30.780 [info] Review+0> No matching pull request metadata found locally for current branch main
2025-01-29 00:30:30.788 [info] Review+0> No matching pull request metadata found on GitHub for current branch main
2025-01-29 00:33:33.478 [info] Review+0> Validate state in progress
2025-01-29 00:33:33.478 [info] Review+0> Validating state...
2025-01-29 00:33:33.743 [info] Found GitHub remote for folder /workspace/project
2025-01-29 00:33:33.743 [info] Using in-memory cached assignable users.
2025-01-29 00:33:33.753 [info] Review+0> No matching pull request metadata found locally for current branch main
2025-01-29 00:33:33.761 [info] Review+0> No matching pull request metadata found on GitHub for current branch main
2025-01-29 00:33:43.532 [info] Review+0> Validate state in progress
2025-01-29 00:33:43.532 [info] Review+0> Validating state...
2025-01-29 00:33:43.724 [info] Found GitHub remote for folder /workspace/project
2025-01-29 00:33:43.725 [info] Using in-memory cached assignable users.
2025-01-29 00:33:43.737 [info] Review+0> No matching pull request metadata found locally for current branch main
2025-01-29 00:33:43.745 [info] Review+0> No matching pull request metadata found on GitHub for current branch main
2025-01-29 00:33:53.598 [info] Review+0> Validate state in progress
2025-01-29 00:33:53.598 [info] Review+0> Validating state...
2025-01-29 00:33:53.786 [info] Found GitHub remote for folder /workspace/project
2025-01-29 00:33:53.786 [info] Using in-memory cached assignable users.
2025-01-29 00:33:53.797 [info] Review+0> No matching pull request metadata found locally for current branch main
2025-01-29 00:33:53.805 [info] Review+0> No matching pull request metadata found on GitHub for current branch main
2025-01-29 00:34:19.334 [info] Review+0> Validate state in progress
2025-01-29 00:34:19.334 [info] Review+0> Validating state...
2025-01-29 00:34:19.604 [info] Found GitHub remote for folder /workspace/project
2025-01-29 00:34:19.605 [info] Using in-memory cached assignable users.
2025-01-29 00:34:19.615 [info] Review+0> No matching pull request metadata found locally for current branch main
2025-01-29 00:34:19.622 [info] Review+0> No matching pull request metadata found on GitHub for current branch main
2025-01-29 00:34:24.358 [info] Review+0> Validate state in progress
2025-01-29 00:34:24.358 [info] Review+0> Validating state...
2025-01-29 00:34:24.544 [info] Found GitHub remote for folder /workspace/project
2025-01-29 00:34:24.544 [info] Using in-memory cached assignable users.
2025-01-29 00:34:24.555 [info] Review+0> No matching pull request metadata found locally for current branch main
2025-01-29 00:34:24.562 [info] Review+0> No matching pull request metadata found on GitHub for current branch main
2025-01-29 00:34:52.338 [info] Review+0> Validate state in progress
2025-01-29 00:34:52.338 [info] Review+0> Validating state...
2025-01-29 00:34:52.523 [info] Found GitHub remote for folder /workspace/project
2025-01-29 00:34:52.524 [info] Using in-memory cached assignable users.
2025-01-29 00:34:52.533 [info] Review+0> No matching pull request metadata found locally for current branch main
2025-01-29 00:34:52.541 [info] Review+0> No matching pull request metadata found on GitHub for current branch main
2025-01-29 00:34:57.366 [info] Review+0> Validate state in progress
2025-01-29 00:34:57.366 [info] Review+0> Validating state...
2025-01-29 00:34:57.590 [info] Found GitHub remote for folder /workspace/project
2025-01-29 00:34:57.591 [info] Using in-memory cached assignable users.
2025-01-29 00:34:57.601 [info] Review+0> No matching pull request metadata found locally for current branch main
2025-01-29 00:34:57.609 [info] Review+0> No matching pull request metadata found on GitHub for current branch main
2025-01-29 00:35:35.337 [info] Review+0> Validate state in progress
2025-01-29 00:35:35.337 [info] Review+0> Validating state...
2025-01-29 00:35:35.582 [info] Found GitHub remote for folder /workspace/project
2025-01-29 00:35:35.583 [info] Using in-memory cached assignable users.
2025-01-29 00:35:35.595 [info] Review+0> No matching pull request metadata found locally for current branch main
2025-01-29 00:35:35.604 [info] Review+0> No matching pull request metadata found on GitHub for current branch main
2025-01-29 00:36:06.208 [info] Review+0> Validate state in progress
2025-01-29 00:36:06.208 [info] Review+0> Validating state...
2025-01-29 00:36:06.406 [info] Found GitHub remote for folder /workspace/project
2025-01-29 00:36:06.406 [info] Using in-memory cached assignable users.
2025-01-29 00:36:06.417 [info] Review+0> No matching pull request metadata found locally for current branch main
2025-01-29 00:36:06.425 [info] Review+0> No matching pull request metadata found on GitHub for current branch main
2025-01-29 00:37:15.849 [info] Review+0> Validate state in progress
2025-01-29 00:37:15.849 [info] Review+0> Validating state...
2025-01-29 00:37:16.034 [info] Found GitHub remote for folder /workspace/project
2025-01-29 00:37:16.034 [info] Using in-memory cached assignable users.
2025-01-29 00:37:16.044 [info] Review+0> No matching pull request metadata found locally for current branch main
2025-01-29 00:37:16.051 [info] Review+0> No matching pull request metadata found on GitHub for current branch main
2025-01-29 00:37:36.621 [info] Review+0> Validate state in progress
2025-01-29 00:37:36.621 [info] Review+0> Validating state...
2025-01-29 00:37:36.819 [info] Found GitHub remote for folder /workspace/project
2025-01-29 00:37:36.820 [info] Using in-memory cached assignable users.
2025-01-29 00:37:36.831 [info] Review+0> No matching pull request metadata found locally for current branch main
2025-01-29 00:37:36.839 [info] Review+0> No matching pull request metadata found on GitHub for current branch main
2025-01-29 00:37:41.651 [info] Review+0> Validate state in progress
2025-01-29 00:37:41.651 [info] Review+0> Validating state...
2025-01-29 00:37:41.840 [info] Found GitHub remote for folder /workspace/project
2025-01-29 00:37:41.841 [info] Using in-memory cached assignable users.
2025-01-29 00:37:41.853 [info] Review+0> No matching pull request metadata found locally for current branch main
2025-01-29 00:37:41.862 [info] Review+0> No matching pull request metadata found on GitHub for current branch main
2025-01-29 00:40:04.204 [info] Review+0> Validate state in progress
2025-01-29 00:40:04.204 [info] Review+0> Validating state...
2025-01-29 00:40:04.493 [info] Found GitHub remote for folder /workspace/project
2025-01-29 00:40:04.494 [info] Using in-memory cached assignable users.
2025-01-29 00:40:04.505 [info] Review+0> No matching pull request metadata found locally for current branch main
2025-01-29 00:40:04.514 [info] Review+0> No matching pull request metadata found on GitHub for current branch main
2025-01-29 00:40:09.227 [info] Review+0> Validate state in progress
2025-01-29 00:40:09.227 [info] Review+0> Validating state...
2025-01-29 00:40:09.504 [info] Found GitHub remote for folder /workspace/project
2025-01-29 00:40:09.505 [info] Using in-memory cached assignable users.
2025-01-29 00:40:09.514 [info] Review+0> No matching pull request metadata found locally for current branch main
2025-01-29 00:40:09.523 [info] Review+0> No matching pull request metadata found on GitHub for current branch main
2025-01-29 00:42:40.052 [info] Review+0> Validate state in progress
2025-01-29 00:42:40.052 [info] Review+0> Validating state...
2025-01-29 00:42:40.239 [info] Found GitHub remote for folder /workspace/project
2025-01-29 00:42:40.240 [info] Using in-memory cached assignable users.
2025-01-29 00:42:40.256 [info] Review+0> No matching pull request metadata found locally for current branch main
2025-01-29 00:42:40.267 [info] Review+0> No matching pull request metadata found on GitHub for current branch main
2025-01-29 00:42:50.220 [info] Review+0> Validate state in progress
2025-01-29 00:42:50.220 [info] Review+0> Validating state...
2025-01-29 00:42:50.407 [info] Found GitHub remote for folder /workspace/project
2025-01-29 00:42:50.407 [info] Using in-memory cached assignable users.
2025-01-29 00:42:50.417 [info] Review+0> No matching pull request metadata found locally for current branch main
2025-01-29 00:42:50.424 [info] Review+0> No matching pull request metadata found on GitHub for current branch main
2025-01-29 00:43:00.321 [info] Review+0> Validate state in progress
2025-01-29 00:43:00.321 [info] Review+0> Validating state...
2025-01-29 00:43:00.508 [info] Found GitHub remote for folder /workspace/project
2025-01-29 00:43:00.508 [info] Using in-memory cached assignable users.
2025-01-29 00:43:00.519 [info] Review+0> No matching pull request metadata found locally for current branch main
2025-01-29 00:43:00.528 [info] Review+0> No matching pull request metadata found on GitHub for current branch main
2025-01-29 00:44:52.370 [info] Review+0> Validate state in progress
2025-01-29 00:44:52.370 [info] Review+0> Validating state...
2025-01-29 00:44:52.630 [info] Found GitHub remote for folder /workspace/project
2025-01-29 00:44:52.630 [info] Using in-memory cached assignable users.
2025-01-29 00:44:52.640 [info] Review+0> No matching pull request metadata found locally for current branch main
2025-01-29 00:44:52.647 [info] Review+0> No matching pull request metadata found on GitHub for current branch main
2025-01-29 00:45:10.226 [info] Review+0> Validate state in progress
2025-01-29 00:45:10.226 [info] Review+0> Validating state...
2025-01-29 00:45:10.451 [info] Found GitHub remote for folder /workspace/project
2025-01-29 00:45:10.452 [info] Using in-memory cached assignable users.
2025-01-29 00:45:10.464 [info] Review+0> No matching pull request metadata found locally for current branch main
2025-01-29 00:45:10.472 [info] Review+0> No matching pull request metadata found on GitHub for current branch main
2025-01-29 00:46:20.066 [info] Review+0> Validate state in progress
2025-01-29 00:46:20.066 [info] Review+0> Validating state...
2025-01-29 00:46:20.296 [info] Found GitHub remote for folder /workspace/project
2025-01-29 00:46:20.297 [info] Using in-memory cached assignable users.
2025-01-29 00:46:20.307 [info] Review+0> No matching pull request metadata found locally for current branch main
2025-01-29 00:46:20.314 [info] Review+0> No matching pull request metadata found on GitHub for current branch main
2025-01-29 00:46:28.227 [info] Review+0> Validate state in progress
2025-01-29 00:46:28.227 [info] Review+0> Validating state...
2025-01-29 00:46:28.458 [info] Found GitHub remote for folder /workspace/project
2025-01-29 00:46:28.458 [info] Using in-memory cached assignable users.
2025-01-29 00:46:28.468 [info] Review+0> No matching pull request metadata found locally for current branch main
2025-01-29 00:46:28.475 [info] Review+0> No matching pull request metadata found on GitHub for current branch main
2025-01-29 00:47:29.215 [info] Review+0> Validate state in progress
2025-01-29 00:47:29.215 [info] Review+0> Validating state...
2025-01-29 00:47:29.411 [info] Found GitHub remote for folder /workspace/project
2025-01-29 00:47:29.412 [info] Using in-memory cached assignable users.
2025-01-29 00:47:29.424 [info] Review+0> No matching pull request metadata found locally for current branch main
2025-01-29 00:47:29.431 [info] Review+0> No matching pull request metadata found on GitHub for current branch main
2025-01-29 00:47:34.239 [info] Review+0> Validate state in progress
2025-01-29 00:47:34.239 [info] Review+0> Validating state...
2025-01-29 00:47:34.438 [info] Found GitHub remote for folder /workspace/project
2025-01-29 00:47:34.438 [info] Using in-memory cached assignable users.
2025-01-29 00:47:34.448 [info] Review+0> No matching pull request metadata found locally for current branch main
2025-01-29 00:47:34.454 [info] Review+0> No matching pull request metadata found on GitHub for current branch main
2025-01-29 00:52:21.643 [info] Review+0> Validate state in progress
2025-01-29 00:52:21.643 [info] Review+0> Validating state...
2025-01-29 00:52:21.835 [info] Found GitHub remote for folder /workspace/project
2025-01-29 00:52:21.836 [info] Using in-memory cached assignable users.
2025-01-29 00:52:21.847 [info] Review+0> No matching pull request metadata found locally for current branch main
2025-01-29 00:52:21.857 [info] Review+0> No matching pull request metadata found on GitHub for current branch main
2025-01-29 00:53:20.192 [info] Review+0> Validate state in progress
2025-01-29 00:53:20.192 [info] Review+0> Validating state...
2025-01-29 00:53:20.446 [info] Found GitHub remote for folder /workspace/project
2025-01-29 00:53:20.446 [info] Using in-memory cached assignable users.
2025-01-29 00:53:20.457 [info] Review+0> No matching pull request metadata found locally for current branch main
2025-01-29 00:53:20.465 [info] Review+0> No matching pull request metadata found on GitHub for current branch main
2025-01-29 00:53:25.215 [info] Review+0> Validate state in progress
2025-01-29 00:53:25.215 [info] Review+0> Validating state...
2025-01-29 00:53:25.881 [info] Found GitHub remote for folder /workspace/project
2025-01-29 00:53:25.882 [info] Using in-memory cached assignable users.
2025-01-29 00:53:25.891 [info] Review+0> No matching pull request metadata found locally for current branch main
2025-01-29 00:53:25.898 [info] Review+0> No matching pull request metadata found on GitHub for current branch main
2025-01-29 00:53:51.066 [info] Review+0> Validate state in progress
2025-01-29 00:53:51.066 [info] Review+0> Validating state...
2025-01-29 00:53:51.259 [info] Found GitHub remote for folder /workspace/project
2025-01-29 00:53:51.259 [info] Using in-memory cached assignable users.
2025-01-29 00:53:51.270 [info] Review+0> No matching pull request metadata found locally for current branch main
2025-01-29 00:53:51.277 [info] Review+0> No matching pull request metadata found on GitHub for current branch main
2025-01-29 00:53:56.089 [info] Review+0> Validate state in progress
2025-01-29 00:53:56.089 [info] Review+0> Validating state...
2025-01-29 00:53:56.281 [info] Found GitHub remote for folder /workspace/project
2025-01-29 00:53:56.281 [info] Using in-memory cached assignable users.
2025-01-29 00:53:56.291 [info] Review+0> No matching pull request metadata found locally for current branch main
2025-01-29 00:53:56.298 [info] Review+0> No matching pull request metadata found on GitHub for current branch main
2025-01-29 00:54:28.752 [info] Review+0> Validate state in progress
2025-01-29 00:54:28.752 [info] Review+0> Validating state...
2025-01-29 00:54:28.941 [info] Found GitHub remote for folder /workspace/project
2025-01-29 00:54:28.942 [info] Using in-memory cached assignable users.
2025-01-29 00:54:28.953 [info] Review+0> No matching pull request metadata found locally for current branch main
2025-01-29 00:54:28.967 [info] Review+0> No matching pull request metadata found on GitHub for current branch main
2025-01-29 00:54:43.819 [info] Review+0> Validate state in progress
2025-01-29 00:54:43.819 [info] Review+0> Validating state...
2025-01-29 00:54:44.011 [info] Found GitHub remote for folder /workspace/project
2025-01-29 00:54:44.011 [info] Using in-memory cached assignable users.
2025-01-29 00:54:44.020 [info] Review+0> No matching pull request metadata found locally for current branch main
2025-01-29 00:54:44.026 [info] Review+0> No matching pull request metadata found on GitHub for current branch main
2025-01-29 00:54:48.840 [info] Review+0> Validate state in progress
2025-01-29 00:54:48.840 [info] Review+0> Validating state...
2025-01-29 00:54:49.026 [info] Found GitHub remote for folder /workspace/project
2025-01-29 00:54:49.026 [info] Using in-memory cached assignable users.
2025-01-29 00:54:49.036 [info] Review+0> No matching pull request metadata found locally for current branch main
2025-01-29 00:54:49.042 [info] Review+0> No matching pull request metadata found on GitHub for current branch main
2025-01-29 00:56:52.294 [info] Review+0> Validate state in progress
2025-01-29 00:56:52.294 [info] Review+0> Validating state...
2025-01-29 00:56:52.478 [info] Found GitHub remote for folder /workspace/project
2025-01-29 00:56:52.479 [info] Using in-memory cached assignable users.
2025-01-29 00:56:52.488 [info] Review+0> No matching pull request metadata found locally for current branch main
2025-01-29 00:56:52.495 [info] Review+0> No matching pull request metadata found on GitHub for current branch main
2025-01-29 00:56:59.589 [info] Review+0> Validate state in progress
2025-01-29 00:56:59.589 [info] Review+0> Validating state...
2025-01-29 00:56:59.776 [info] Found GitHub remote for folder /workspace/project
2025-01-29 00:56:59.777 [info] Using in-memory cached assignable users.
2025-01-29 00:56:59.786 [info] Review+0> No matching pull request metadata found locally for current branch main
2025-01-29 00:56:59.795 [info] Review+0> No matching pull request metadata found on GitHub for current branch main
2025-01-29 00:57:04.612 [info] Review+0> Validate state in progress
2025-01-29 00:57:04.612 [info] Review+0> Validating state...
2025-01-29 00:57:04.809 [info] Found GitHub remote for folder /workspace/project
2025-01-29 00:57:04.809 [info] Using in-memory cached assignable users.
2025-01-29 00:57:04.819 [info] Review+0> No matching pull request metadata found locally for current branch main
2025-01-29 00:57:04.826 [info] Review+0> No matching pull request metadata found on GitHub for current branch main
2025-01-29 00:57:14.655 [info] Review+0> Validate state in progress
2025-01-29 00:57:14.655 [info] Review+0> Validating state...
2025-01-29 00:57:14.839 [info] Found GitHub remote for folder /workspace/project
2025-01-29 00:57:14.839 [info] Using in-memory cached assignable users.
2025-01-29 00:57:14.848 [info] Review+0> No matching pull request metadata found locally for current branch main
2025-01-29 00:57:14.856 [info] Review+0> No matching pull request metadata found on GitHub for current branch main
2025-01-29 00:57:19.676 [info] Review+0> Validate state in progress
2025-01-29 00:57:19.676 [info] Review+0> Validating state...
2025-01-29 00:57:19.865 [info] Found GitHub remote for folder /workspace/project
2025-01-29 00:57:19.865 [info] Using in-memory cached assignable users.
2025-01-29 00:57:19.874 [info] Review+0> No matching pull request metadata found locally for current branch main
2025-01-29 00:57:19.881 [info] Review+0> No matching pull request metadata found on GitHub for current branch main
2025-01-29 00:58:00.916 [info] Review+0> Validate state in progress
2025-01-29 00:58:00.916 [info] Review+0> Validating state...
2025-01-29 00:58:01.132 [info] Found GitHub remote for folder /workspace/project
2025-01-29 00:58:01.132 [info] Using in-memory cached assignable users.
2025-01-29 00:58:01.141 [info] Review+0> No matching pull request metadata found locally for current branch main
2025-01-29 00:58:01.148 [info] Review+0> No matching pull request metadata found on GitHub for current branch main
2025-01-29 00:58:05.936 [info] Review+0> Validate state in progress
2025-01-29 00:58:05.936 [info] Review+0> Validating state...
2025-01-29 00:58:06.152 [info] Found GitHub remote for folder /workspace/project
2025-01-29 00:58:06.153 [info] Using in-memory cached assignable users.
2025-01-29 00:58:06.162 [info] Review+0> No matching pull request metadata found locally for current branch main
2025-01-29 00:58:06.168 [info] Review+0> No matching pull request metadata found on GitHub for current branch main
2025-01-29 00:59:05.836 [info] Review+0> Validate state in progress
2025-01-29 00:59:05.836 [info] Review+0> Validating state...
2025-01-29 00:59:06.020 [info] Found GitHub remote for folder /workspace/project
2025-01-29 00:59:06.021 [info] Using in-memory cached assignable users.
2025-01-29 00:59:06.030 [info] Review+0> No matching pull request metadata found locally for current branch main
2025-01-29 00:59:06.036 [info] Review+0> No matching pull request metadata found on GitHub for current branch main
2025-01-29 00:59:10.858 [info] Review+0> Validate state in progress
2025-01-29 00:59:10.858 [info] Review+0> Validating state...
2025-01-29 00:59:11.041 [info] Found GitHub remote for folder /workspace/project
2025-01-29 00:59:11.041 [info] Using in-memory cached assignable users.
2025-01-29 00:59:11.050 [info] Review+0> No matching pull request metadata found locally for current branch main
2025-01-29 00:59:11.057 [info] Review+0> No matching pull request metadata found on GitHub for current branch main
2025-01-29 01:03:42.090 [info] Review+0> Validate state in progress
2025-01-29 01:03:42.090 [info] Review+0> Validating state...
2025-01-29 01:03:42.273 [info] Found GitHub remote for folder /workspace/project
2025-01-29 01:03:42.274 [info] Using in-memory cached assignable users.
2025-01-29 01:03:42.283 [info] Review+0> No matching pull request metadata found locally for current branch main
2025-01-29 01:03:42.291 [info] Review+0> No matching pull request metadata found on GitHub for current branch main
2025-01-29 01:06:51.563 [info] Review+0> Validate state in progress
2025-01-29 01:06:51.563 [info] Review+0> Validating state...
2025-01-29 01:06:51.747 [info] Found GitHub remote for folder /workspace/project
2025-01-29 01:06:51.748 [info] Using in-memory cached assignable users.
2025-01-29 01:06:51.758 [info] Review+0> No matching pull request metadata found locally for current branch main
2025-01-29 01:06:51.765 [info] Review+0> No matching pull request metadata found on GitHub for current branch main
2025-01-29 01:07:05.281 [info] Review+0> Validate state in progress
2025-01-29 01:07:05.281 [info] Review+0> Validating state...
2025-01-29 01:07:05.494 [info] Found GitHub remote for folder /workspace/project
2025-01-29 01:07:05.495 [info] Using in-memory cached assignable users.
2025-01-29 01:07:05.505 [info] Review+0> No matching pull request metadata found locally for current branch main
2025-01-29 01:07:05.512 [info] Review+0> No matching pull request metadata found on GitHub for current branch main
2025-01-29 01:07:10.304 [info] Review+0> Validate state in progress
2025-01-29 01:07:10.304 [info] Review+0> Validating state...
2025-01-29 01:07:10.488 [info] Found GitHub remote for folder /workspace/project
2025-01-29 01:07:10.488 [info] Using in-memory cached assignable users.
2025-01-29 01:07:10.498 [info] Review+0> No matching pull request metadata found locally for current branch main
2025-01-29 01:07:10.505 [info] Review+0> No matching pull request metadata found on GitHub for current branch main
2025-01-29 01:09:55.714 [info] Review+0> Validate state in progress
2025-01-29 01:09:55.714 [info] Review+0> Validating state...
2025-01-29 01:09:56.007 [info] Found GitHub remote for folder /workspace/project
2025-01-29 01:09:56.007 [info] Using in-memory cached assignable users.
2025-01-29 01:09:56.016 [info] Review+0> No matching pull request metadata found locally for current branch main
2025-01-29 01:09:56.022 [info] Review+0> No matching pull request metadata found on GitHub for current branch main
2025-01-29 01:10:04.174 [info] Review+0> Validate state in progress
2025-01-29 01:10:04.174 [info] Review+0> Validating state...
2025-01-29 01:10:04.388 [info] Found GitHub remote for folder /workspace/project
2025-01-29 01:10:04.388 [info] Using in-memory cached assignable users.
2025-01-29 01:10:04.397 [info] Review+0> No matching pull request metadata found locally for current branch main
2025-01-29 01:10:04.404 [info] Review+0> No matching pull request metadata found on GitHub for current branch main
2025-01-29 01:10:33.572 [info] Review+0> Validate state in progress
2025-01-29 01:10:33.572 [info] Review+0> Validating state...
2025-01-29 01:10:33.762 [info] Found GitHub remote for folder /workspace/project
2025-01-29 01:10:33.762 [info] Using in-memory cached assignable users.
2025-01-29 01:10:33.772 [info] Review+0> No matching pull request metadata found locally for current branch main
2025-01-29 01:10:33.779 [info] Review+0> No matching pull request metadata found on GitHub for current branch main
2025-01-29 01:10:38.594 [info] Review+0> Validate state in progress
2025-01-29 01:10:38.594 [info] Review+0> Validating state...
2025-01-29 01:10:38.783 [info] Found GitHub remote for folder /workspace/project
2025-01-29 01:10:38.783 [info] Using in-memory cached assignable users.
2025-01-29 01:10:38.792 [info] Review+0> No matching pull request metadata found locally for current branch main
2025-01-29 01:10:38.798 [info] Review+0> No matching pull request metadata found on GitHub for current branch main
2025-01-29 01:11:07.976 [info] Review+0> Validate state in progress
2025-01-29 01:11:07.976 [info] Review+0> Validating state...
2025-01-29 01:11:08.168 [info] Found GitHub remote for folder /workspace/project
2025-01-29 01:11:08.168 [info] Using in-memory cached assignable users.
2025-01-29 01:11:08.179 [info] Review+0> No matching pull request metadata found locally for current branch main
2025-01-29 01:11:08.186 [info] Review+0> No matching pull request metadata found on GitHub for current branch main
2025-01-29 01:11:12.995 [info] Review+0> Validate state in progress
2025-01-29 01:11:12.995 [info] Review+0> Validating state...
2025-01-29 01:11:13.195 [info] Found GitHub remote for folder /workspace/project
2025-01-29 01:11:13.195 [info] Using in-memory cached assignable users.
2025-01-29 01:11:13.204 [info] Review+0> No matching pull request metadata found locally for current branch main
2025-01-29 01:11:13.209 [info] Review+0> No matching pull request metadata found on GitHub for current branch main
2025-01-29 01:11:18.964 [info] Review+0> Validate state in progress
2025-01-29 01:11:18.964 [info] Review+0> Validating state...
2025-01-29 01:11:19.151 [info] Found GitHub remote for folder /workspace/project
2025-01-29 01:11:19.151 [info] Using in-memory cached assignable users.
2025-01-29 01:11:19.160 [info] Review+0> No matching pull request metadata found locally for current branch main
2025-01-29 01:11:19.166 [info] Review+0> No matching pull request metadata found on GitHub for current branch main
2025-01-29 01:11:23.990 [info] Review+0> Validate state in progress
2025-01-29 01:11:23.990 [info] Review+0> Validating state...
2025-01-29 01:11:24.275 [info] Found GitHub remote for folder /workspace/project
2025-01-29 01:11:24.275 [info] Using in-memory cached assignable users.
2025-01-29 01:11:24.287 [info] Review+0> No matching pull request metadata found locally for current branch main
2025-01-29 01:11:24.294 [info] Review+0> No matching pull request metadata found on GitHub for current branch main
2025-01-29 01:12:02.092 [info] Review+0> Validate state in progress
2025-01-29 01:12:02.092 [info] Review+0> Validating state...
2025-01-29 01:12:02.278 [info] Found GitHub remote for folder /workspace/project
2025-01-29 01:12:02.279 [info] Using in-memory cached assignable users.
2025-01-29 01:12:02.292 [info] Review+0> No matching pull request metadata found locally for current branch main
2025-01-29 01:12:02.304 [info] Review+0> No matching pull request metadata found on GitHub for current branch main
2025-01-29 01:12:07.123 [info] Review+0> Validate state in progress
2025-01-29 01:12:07.123 [info] Review+0> Validating state...
2025-01-29 01:12:07.309 [info] Found GitHub remote for folder /workspace/project
2025-01-29 01:12:07.309 [info] Using in-memory cached assignable users.
2025-01-29 01:12:07.326 [info] Review+0> No matching pull request metadata found locally for current branch main
2025-01-29 01:12:07.348 [info] Review+0> No matching pull request metadata found on GitHub for current branch main
2025-01-29 01:13:16.643 [info] Review+0> Validate state in progress
2025-01-29 01:13:16.643 [info] Review+0> Validating state...
2025-01-29 01:13:16.828 [info] Found GitHub remote for folder /workspace/project
2025-01-29 01:13:16.828 [info] Using in-memory cached assignable users.
2025-01-29 01:13:16.839 [info] Review+0> No matching pull request metadata found locally for current branch main
2025-01-29 01:13:16.846 [info] Review+0> No matching pull request metadata found on GitHub for current branch main
2025-01-29 01:13:21.665 [info] Review+0> Validate state in progress
2025-01-29 01:13:21.665 [info] Review+0> Validating state...
2025-01-29 01:13:21.852 [info] Found GitHub remote for folder /workspace/project
2025-01-29 01:13:21.852 [info] Using in-memory cached assignable users.
2025-01-29 01:13:21.862 [info] Review+0> No matching pull request metadata found locally for current branch main
2025-01-29 01:13:21.870 [info] Review+0> No matching pull request metadata found on GitHub for current branch main
2025-01-29 01:15:05.395 [info] Review+0> Validate state in progress
2025-01-29 01:15:05.395 [info] Review+0> Validating state...
2025-01-29 01:15:05.660 [info] Found GitHub remote for folder /workspace/project
2025-01-29 01:15:05.660 [info] Using in-memory cached assignable users.
2025-01-29 01:15:05.669 [info] Review+0> No matching pull request metadata found locally for current branch main
2025-01-29 01:15:05.675 [info] Review+0> No matching pull request metadata found on GitHub for current branch main
2025-01-29 01:15:10.978 [info] Review+0> Validate state in progress
2025-01-29 01:15:10.978 [info] Review+0> Validating state...
2025-01-29 01:15:11.171 [info] Found GitHub remote for folder /workspace/project
2025-01-29 01:15:11.172 [info] Using in-memory cached assignable users.
2025-01-29 01:15:11.182 [info] Review+0> No matching pull request metadata found locally for current branch main
2025-01-29 01:15:11.190 [info] Review+0> No matching pull request metadata found on GitHub for current branch main
2025-01-29 01:15:48.025 [info] Review+0> Validate state in progress
2025-01-29 01:15:48.025 [info] Review+0> Validating state...
2025-01-29 01:15:48.244 [info] Found GitHub remote for folder /workspace/project
2025-01-29 01:15:48.244 [info] Using in-memory cached assignable users.
2025-01-29 01:15:48.253 [info] Review+0> No matching pull request metadata found locally for current branch main
2025-01-29 01:15:48.260 [info] Review+0> No matching pull request metadata found on GitHub for current branch main
2025-01-29 01:15:54.155 [info] Review+0> Validate state in progress
2025-01-29 01:15:54.156 [info] Review+0> Validating state...
2025-01-29 01:15:54.395 [info] Found GitHub remote for folder /workspace/project
2025-01-29 01:15:54.395 [info] Using in-memory cached assignable users.
2025-01-29 01:15:54.406 [info] Review+0> No matching pull request metadata found locally for current branch main
2025-01-29 01:15:54.414 [info] Review+0> No matching pull request metadata found on GitHub for current branch main
2025-01-29 01:16:39.567 [info] Review+0> Validate state in progress
2025-01-29 01:16:39.567 [info] Review+0> Validating state...
2025-01-29 01:16:39.855 [info] Found GitHub remote for folder /workspace/project
2025-01-29 01:16:39.855 [info] Using in-memory cached assignable users.
2025-01-29 01:16:39.865 [info] Review+0> No matching pull request metadata found locally for current branch main
2025-01-29 01:16:39.871 [info] Review+0> No matching pull request metadata found on GitHub for current branch main
2025-01-29 01:16:47.645 [info] Review+0> Validate state in progress
2025-01-29 01:16:47.645 [info] Review+0> Validating state...
2025-01-29 01:16:47.839 [info] Found GitHub remote for folder /workspace/project
2025-01-29 01:16:47.839 [info] Using in-memory cached assignable users.
2025-01-29 01:16:47.848 [info] Review+0> No matching pull request metadata found locally for current branch main
2025-01-29 01:16:47.855 [info] Review+0> No matching pull request metadata found on GitHub for current branch main
2025-01-29 01:17:33.005 [info] Review+0> Validate state in progress
2025-01-29 01:17:33.005 [info] Review+0> Validating state...
2025-01-29 01:17:33.206 [info] Found GitHub remote for folder /workspace/project
2025-01-29 01:17:33.206 [info] Using in-memory cached assignable users.
2025-01-29 01:17:33.218 [info] Review+0> No matching pull request metadata found locally for current branch main
2025-01-29 01:17:33.224 [info] Review+0> No matching pull request metadata found on GitHub for current branch main
2025-01-29 01:17:38.026 [info] Review+0> Validate state in progress
2025-01-29 01:17:38.026 [info] Review+0> Validating state...
2025-01-29 01:17:38.217 [info] Found GitHub remote for folder /workspace/project
2025-01-29 01:17:38.217 [info] Using in-memory cached assignable users.
2025-01-29 01:17:38.229 [info] Review+0> No matching pull request metadata found locally for current branch main
2025-01-29 01:17:38.236 [info] Review+0> No matching pull request metadata found on GitHub for current branch main
2025-01-29 01:19:18.449 [info] Review+0> Validate state in progress
2025-01-29 01:19:18.449 [info] Review+0> Validating state...
2025-01-29 01:19:18.680 [info] Found GitHub remote for folder /workspace/project
2025-01-29 01:19:18.680 [info] Using in-memory cached assignable users.
2025-01-29 01:19:18.691 [info] Review+0> No matching pull request metadata found locally for current branch main
2025-01-29 01:19:18.698 [info] Review+0> No matching pull request metadata found on GitHub for current branch main
2025-01-29 01:19:23.473 [info] Review+0> Validate state in progress
2025-01-29 01:19:23.473 [info] Review+0> Validating state...
2025-01-29 01:19:23.717 [info] Found GitHub remote for folder /workspace/project
2025-01-29 01:19:23.717 [info] Using in-memory cached assignable users.
2025-01-29 01:19:23.727 [info] Review+0> No matching pull request metadata found locally for current branch main
2025-01-29 01:19:23.733 [info] Review+0> No matching pull request metadata found on GitHub for current branch main
2025-01-29 01:20:00.328 [info] Review+0> Validate state in progress
2025-01-29 01:20:00.328 [info] Review+0> Validating state...
2025-01-29 01:20:00.562 [info] Found GitHub remote for folder /workspace/project
2025-01-29 01:20:00.562 [info] Using in-memory cached assignable users.
2025-01-29 01:20:00.572 [info] Review+0> No matching pull request metadata found locally for current branch main
2025-01-29 01:20:00.578 [info] Review+0> No matching pull request metadata found on GitHub for current branch main
2025-01-29 01:20:15.540 [info] Review+0> Validate state in progress
2025-01-29 01:20:15.540 [info] Review+0> Validating state...
2025-01-29 01:20:15.725 [info] Found GitHub remote for folder /workspace/project
2025-01-29 01:20:15.726 [info] Using in-memory cached assignable users.
2025-01-29 01:20:15.742 [info] Review+0> No matching pull request metadata found locally for current branch main
2025-01-29 01:20:15.749 [info] Review+0> No matching pull request metadata found on GitHub for current branch main
