2025-01-29 12:21:26.316 [info] Extension host with pid 7855 started
2025-01-29 12:21:26.320 [info] Lock '/workspace/.vscode-remote/data/User/workspaceStorage/33d31887/vscode.lock': Lock acquired.
2025-01-29 12:21:26.558 [info] ExtensionService#_doActivateExtension gitpod.gitpod-web, startup: false, activationEvent: 'onAuthenticationRequest:gitpod'
2025-01-29 12:21:26.559 [info] ExtensionService#_doActivateExtension vscode.emmet, startup: false, activationEvent: 'onLanguage'
2025-01-29 12:21:27.270 [info] ExtensionService#_doActivateExtension vscode.git-base, startup: true, activationEvent: '*', root cause: vscode.git
2025-01-29 12:21:27.579 [info] ExtensionService#_doActivateExtension vscode.git, startup: true, activationEvent: '*'
2025-01-29 12:21:27.579 [info] ExtensionService#_doActivateExtension vscode.github, startup: true, activationEvent: '*'
2025-01-29 12:21:28.212 [info] Eager extensions activated
2025-01-29 12:21:28.213 [info] ExtensionService#_doActivateExtension vscode.debug-auto-launch, startup: false, activationEvent: 'onStartupFinished'
2025-01-29 12:21:28.213 [info] ExtensionService#_doActivateExtension vscode.merge-conflict, startup: false, activationEvent: 'onStartupFinished'
2025-01-29 12:21:28.213 [info] ExtensionService#_doActivateExtension vscode.github-authentication, startup: false, activationEvent: 'onStartupFinished', root cause: GitHub.vscode-pull-request-github
2025-01-29 12:21:28.492 [info] ExtensionService#_doActivateExtension GitHub.vscode-pull-request-github, startup: false, activationEvent: 'onStartupFinished'
2025-01-29 12:21:28.601 [info] ExtensionService#_doActivateExtension vscode.configuration-editing, startup: false, activationEvent: 'onLanguage:jsonc'
2025-01-29 12:21:28.601 [info] ExtensionService#_doActivateExtension vscode.json-language-features, startup: false, activationEvent: 'onLanguage:jsonc'
2025-01-29 12:21:28.601 [info] ExtensionService#_doActivateExtension vscode.typescript-language-features, startup: false, activationEvent: 'onLanguage:jsonc'
2025-01-29 12:21:31.990 [info] Extension host terminating: received terminate message from renderer
2025-01-29 12:21:31.990 [info] Lock '/workspace/.vscode-remote/data/User/workspaceStorage/33d31887/vscode.lock': Marking the lockfile as scheduled to be released in 6000 ms.
2025-01-29 12:21:32.005 [error] Canceled: Canceled
	at new PT (file:///ide/out/vs/workbench/api/node/extensionHostProcess.js:32:127613)
	at Ay.U (file:///ide/out/vs/workbench/api/node/extensionHostProcess.js:32:132223)
	at s.<computed>.n.charCodeAt.s.<computed> (file:///ide/out/vs/workbench/api/node/extensionHostProcess.js:32:129717)
	at lw.g (file:///ide/out/vs/workbench/api/node/extensionHostProcess.js:115:32463)
	at lw.executeCommand (file:///ide/out/vs/workbench/api/node/extensionHostProcess.js:115:31967)
	at r.registerCommand.description (file:///ide/out/vs/workbench/api/node/extensionHostProcess.js:115:31297)
	at lw.h (file:///ide/out/vs/workbench/api/node/extensionHostProcess.js:115:32983)
	at lw.g (file:///ide/out/vs/workbench/api/node/extensionHostProcess.js:115:32060)
	at lw.executeCommand (file:///ide/out/vs/workbench/api/node/extensionHostProcess.js:115:31967)
	at Object.executeCommand (file:///ide/out/vs/workbench/api/node/extensionHostProcess.js:157:37484)
	at $h.L [as value] (/ide/extensions/git/dist/main.js:2:975601)
	at P.B (file:///ide/out/vs/workbench/api/node/extensionHostProcess.js:30:746)
	at P.C (file:///ide/out/vs/workbench/api/node/extensionHostProcess.js:30:816)
	at P.fire (file:///ide/out/vs/workbench/api/node/extensionHostProcess.js:30:1033)
	at Object.p [as dispose] (/ide/extensions/git/dist/main.js:2:997158)
	at /ide/extensions/git/dist/main.js:2:1003280
	at Array.forEach (<anonymous>)
	at b.dispose (/ide/extensions/git/dist/main.js:2:1003266)
	at tv.<anonymous> (file:///ide/out/vs/workbench/api/node/extensionHostProcess.js:109:20047)
	at tv.dispose (file:///ide/out/vs/workbench/api/node/extensionHostProcess.js:109:20143)
	at tv.<anonymous> (/ide/extensions/git/dist/main.js:2:978080)
	at tv.dispose (file:///ide/out/vs/workbench/api/node/extensionHostProcess.js:109:20143)
	at ai (file:///ide/out/vs/workbench/api/node/extensionHostProcess.js:25:699)
	at file:///ide/out/vs/workbench/api/node/extensionHostProcess.js:119:14992
	at file:///ide/out/vs/workbench/api/node/extensionHostProcess.js:25:1009
	at Object.dispose (file:///ide/out/vs/workbench/api/node/extensionHostProcess.js:8:705)
	at Vz.eb (file:///ide/out/vs/workbench/api/node/extensionHostProcess.js:119:11919)
	at file:///ide/out/vs/workbench/api/node/extensionHostProcess.js:119:9874
	at Array.map (<anonymous>)
	at Vz.$ (file:///ide/out/vs/workbench/api/node/extensionHostProcess.js:119:9862)
	at Vz.terminate (file:///ide/out/vs/workbench/api/node/extensionHostProcess.js:119:10105)
	at YC.terminate (file:///ide/out/vs/workbench/api/node/extensionHostProcess.js:120:1424)
	at Zi (file:///ide/out/vs/workbench/api/node/extensionHostProcess.js:175:15080)
	at $h.value (file:///ide/out/vs/workbench/api/node/extensionHostProcess.js:175:13241)
	at P.B (file:///ide/out/vs/workbench/api/node/extensionHostProcess.js:30:746)
	at P.fire (file:///ide/out/vs/workbench/api/node/extensionHostProcess.js:30:964)
	at Vn.fire (file:///ide/out/vs/workbench/api/node/extensionHostProcess.js:32:9457)
	at Vm.A (file:///ide/out/vs/workbench/api/node/extensionHostProcess.js:32:12573)
	at $h.value (file:///ide/out/vs/workbench/api/node/extensionHostProcess.js:32:10993)
	at P.B (file:///ide/out/vs/workbench/api/node/extensionHostProcess.js:30:746)
	at P.fire (file:///ide/out/vs/workbench/api/node/extensionHostProcess.js:30:964)
	at n6.acceptChunk (file:///ide/out/vs/workbench/api/node/extensionHostProcess.js:32:7940)
	at $h.value (file:///ide/out/vs/workbench/api/node/extensionHostProcess.js:32:7226)
	at P.B (file:///ide/out/vs/workbench/api/node/extensionHostProcess.js:30:746)
	at P.fire (file:///ide/out/vs/workbench/api/node/extensionHostProcess.js:30:964)
	at wA.z (file:///ide/out/vs/workbench/api/node/extensionHostProcess.js:32:21924) setContext undefined
2025-01-29 12:21:32.006 [error] Canceled: Canceled
	at new PT (file:///ide/out/vs/workbench/api/node/extensionHostProcess.js:32:127613)
	at Ay.U (file:///ide/out/vs/workbench/api/node/extensionHostProcess.js:32:132223)
	at s.<computed>.n.charCodeAt.s.<computed> (file:///ide/out/vs/workbench/api/node/extensionHostProcess.js:32:129717)
	at lw.g (file:///ide/out/vs/workbench/api/node/extensionHostProcess.js:115:32463)
	at lw.executeCommand (file:///ide/out/vs/workbench/api/node/extensionHostProcess.js:115:31967)
	at r.registerCommand.description (file:///ide/out/vs/workbench/api/node/extensionHostProcess.js:115:31297)
	at lw.h (file:///ide/out/vs/workbench/api/node/extensionHostProcess.js:115:32983)
	at lw.g (file:///ide/out/vs/workbench/api/node/extensionHostProcess.js:115:32060)
	at lw.executeCommand (file:///ide/out/vs/workbench/api/node/extensionHostProcess.js:115:31967)
	at Object.executeCommand (file:///ide/out/vs/workbench/api/node/extensionHostProcess.js:157:37484)
	at set hasGitHubRepositories [as hasGitHubRepositories] (/ide/extensions/github/dist/extension.js:2:328633)
	at /ide/extensions/github/dist/extension.js:2:329592
	at $h.value (/ide/extensions/git/dist/main.js:2:1088462)
	at P.B (file:///ide/out/vs/workbench/api/node/extensionHostProcess.js:30:746)
	at P.C (file:///ide/out/vs/workbench/api/node/extensionHostProcess.js:30:816)
	at P.fire (file:///ide/out/vs/workbench/api/node/extensionHostProcess.js:30:1033)
	at Object.p [as dispose] (/ide/extensions/git/dist/main.js:2:997158)
	at /ide/extensions/git/dist/main.js:2:1003280
	at Array.forEach (<anonymous>)
	at b.dispose (/ide/extensions/git/dist/main.js:2:1003266)
	at tv.<anonymous> (file:///ide/out/vs/workbench/api/node/extensionHostProcess.js:109:20047)
	at tv.dispose (file:///ide/out/vs/workbench/api/node/extensionHostProcess.js:109:20143)
	at tv.<anonymous> (/ide/extensions/git/dist/main.js:2:978080)
	at tv.dispose (file:///ide/out/vs/workbench/api/node/extensionHostProcess.js:109:20143)
	at ai (file:///ide/out/vs/workbench/api/node/extensionHostProcess.js:25:699)
	at file:///ide/out/vs/workbench/api/node/extensionHostProcess.js:119:14992
	at file:///ide/out/vs/workbench/api/node/extensionHostProcess.js:25:1009
	at Object.dispose (file:///ide/out/vs/workbench/api/node/extensionHostProcess.js:8:705)
	at Vz.eb (file:///ide/out/vs/workbench/api/node/extensionHostProcess.js:119:11919)
	at file:///ide/out/vs/workbench/api/node/extensionHostProcess.js:119:9874
	at Array.map (<anonymous>)
	at Vz.$ (file:///ide/out/vs/workbench/api/node/extensionHostProcess.js:119:9862)
	at Vz.terminate (file:///ide/out/vs/workbench/api/node/extensionHostProcess.js:119:10105)
	at YC.terminate (file:///ide/out/vs/workbench/api/node/extensionHostProcess.js:120:1424)
	at Zi (file:///ide/out/vs/workbench/api/node/extensionHostProcess.js:175:15080)
	at $h.value (file:///ide/out/vs/workbench/api/node/extensionHostProcess.js:175:13241)
	at P.B (file:///ide/out/vs/workbench/api/node/extensionHostProcess.js:30:746)
	at P.fire (file:///ide/out/vs/workbench/api/node/extensionHostProcess.js:30:964)
	at Vn.fire (file:///ide/out/vs/workbench/api/node/extensionHostProcess.js:32:9457)
	at Vm.A (file:///ide/out/vs/workbench/api/node/extensionHostProcess.js:32:12573)
	at $h.value (file:///ide/out/vs/workbench/api/node/extensionHostProcess.js:32:10993)
	at P.B (file:///ide/out/vs/workbench/api/node/extensionHostProcess.js:30:746)
	at P.fire (file:///ide/out/vs/workbench/api/node/extensionHostProcess.js:30:964)
	at n6.acceptChunk (file:///ide/out/vs/workbench/api/node/extensionHostProcess.js:32:7940)
	at $h.value (file:///ide/out/vs/workbench/api/node/extensionHostProcess.js:32:7226)
	at P.B (file:///ide/out/vs/workbench/api/node/extensionHostProcess.js:30:746)
	at P.fire (file:///ide/out/vs/workbench/api/node/extensionHostProcess.js:30:964)
	at wA.z (file:///ide/out/vs/workbench/api/node/extensionHostProcess.js:32:21924) setContext undefined
2025-01-29 12:21:32.008 [info] Extension host with pid 7855 exiting with code 0
