2025-01-29 11:49:31.236 [warning] /home/gitpod/.ssh/config: ENOENT: no such file or directory, open '/home/gitpod/.ssh/config'
2025-01-29 11:49:31.236 [info] Activation> Extension version: 0.102.0
2025-01-29 11:49:33.835 [info] Looking for git repository
2025-01-29 11:49:33.835 [info] Found 0 repositories during activation
2025-01-29 11:49:33.835 [info] Git repository found, initializing review manager and pr tree view.
2025-01-29 11:49:33.839 [info] Registering git provider
2025-01-29 11:49:33.839 [info] Review+0> Validate state in progress
2025-01-29 11:49:33.839 [info] Review+0> Validating state...
2025-01-29 11:49:34.043 [info] Found GitHub remote for folder /workspace/project
2025-01-29 11:49:34.045 [info] Trying to use globalState for assignableUsers.
2025-01-29 11:49:34.056 [info] Review+0> No matching pull request metadata found locally for current branch main
2025-01-29 11:49:34.065 [info] Review+0> No matching pull request metadata found on GitHub for current branch main
2025-01-29 11:49:34.308 [info] GlobalState does not exist for assignableUsers.
2025-01-29 11:49:54.581 [info] Repo state for file:///workspace/project changed.
2025-01-29 11:49:54.582 [info] Repo file:///workspace/project has already been setup.
2025-01-29 11:51:01.185 [info] Review+0> Validate state in progress
2025-01-29 11:51:01.185 [info] Review+0> Validating state...
2025-01-29 11:51:01.379 [info] Found GitHub remote for folder /workspace/project
2025-01-29 11:51:01.381 [info] Using in-memory cached assignable users.
2025-01-29 11:51:01.395 [info] Review+0> No matching pull request metadata found locally for current branch main
2025-01-29 11:51:01.406 [info] Review+0> No matching pull request metadata found on GitHub for current branch main
2025-01-29 11:51:06.211 [info] Review+0> Validate state in progress
2025-01-29 11:51:06.211 [info] Review+0> Validating state...
2025-01-29 11:51:06.400 [info] Found GitHub remote for folder /workspace/project
2025-01-29 11:51:06.401 [info] Using in-memory cached assignable users.
2025-01-29 11:51:06.411 [info] Review+0> No matching pull request metadata found locally for current branch main
2025-01-29 11:51:06.418 [info] Review+0> No matching pull request metadata found on GitHub for current branch main
2025-01-29 11:51:21.762 [info] Review+0> Validate state in progress
2025-01-29 11:51:21.762 [info] Review+0> Validating state...
2025-01-29 11:51:21.951 [info] Found GitHub remote for folder /workspace/project
2025-01-29 11:51:21.952 [info] Using in-memory cached assignable users.
2025-01-29 11:51:21.961 [info] Review+0> No matching pull request metadata found locally for current branch main
2025-01-29 11:51:21.969 [info] Review+0> No matching pull request metadata found on GitHub for current branch main
2025-01-29 11:51:26.788 [info] Review+0> Validate state in progress
2025-01-29 11:51:26.788 [info] Review+0> Validating state...
2025-01-29 11:51:26.974 [info] Found GitHub remote for folder /workspace/project
2025-01-29 11:51:26.975 [info] Using in-memory cached assignable users.
2025-01-29 11:51:26.986 [info] Review+0> No matching pull request metadata found locally for current branch main
2025-01-29 11:51:26.993 [info] Review+0> No matching pull request metadata found on GitHub for current branch main
2025-01-29 11:52:26.768 [info] Review+0> Validate state in progress
2025-01-29 11:52:26.768 [info] Review+0> Validating state...
2025-01-29 11:52:26.957 [info] Found GitHub remote for folder /workspace/project
2025-01-29 11:52:26.957 [info] Using in-memory cached assignable users.
2025-01-29 11:52:26.968 [info] Review+0> No matching pull request metadata found locally for current branch main
2025-01-29 11:52:26.975 [info] Review+0> No matching pull request metadata found on GitHub for current branch main
2025-01-29 11:52:31.793 [info] Review+0> Validate state in progress
2025-01-29 11:52:31.793 [info] Review+0> Validating state...
2025-01-29 11:52:31.982 [info] Found GitHub remote for folder /workspace/project
2025-01-29 11:52:31.983 [info] Using in-memory cached assignable users.
2025-01-29 11:52:31.991 [info] Review+0> No matching pull request metadata found locally for current branch main
2025-01-29 11:52:31.998 [info] Review+0> No matching pull request metadata found on GitHub for current branch main
2025-01-29 11:52:50.186 [info] Review+0> Validate state in progress
2025-01-29 11:52:50.186 [info] Review+0> Validating state...
2025-01-29 11:52:50.391 [info] Found GitHub remote for folder /workspace/project
2025-01-29 11:52:50.392 [info] Using in-memory cached assignable users.
2025-01-29 11:52:50.405 [info] Review+0> No matching pull request metadata found locally for current branch main
2025-01-29 11:52:50.413 [info] Review+0> No matching pull request metadata found on GitHub for current branch main
2025-01-29 11:52:55.213 [info] Review+0> Validate state in progress
2025-01-29 11:52:55.213 [info] Review+0> Validating state...
2025-01-29 11:52:55.407 [info] Found GitHub remote for folder /workspace/project
2025-01-29 11:52:55.407 [info] Using in-memory cached assignable users.
2025-01-29 11:52:55.419 [info] Review+0> No matching pull request metadata found locally for current branch main
2025-01-29 11:52:55.428 [info] Review+0> No matching pull request metadata found on GitHub for current branch main
2025-01-29 11:53:25.312 [info] Review+0> Validate state in progress
2025-01-29 11:53:25.312 [info] Review+0> Validating state...
2025-01-29 11:53:25.515 [info] Found GitHub remote for folder /workspace/project
2025-01-29 11:53:25.516 [info] Using in-memory cached assignable users.
2025-01-29 11:53:25.527 [info] Review+0> No matching pull request metadata found locally for current branch main
2025-01-29 11:53:25.535 [info] Review+0> No matching pull request metadata found on GitHub for current branch main
2025-01-29 11:53:30.339 [info] Review+0> Validate state in progress
2025-01-29 11:53:30.339 [info] Review+0> Validating state...
2025-01-29 11:53:30.541 [info] Found GitHub remote for folder /workspace/project
2025-01-29 11:53:30.541 [info] Using in-memory cached assignable users.
2025-01-29 11:53:30.551 [info] Review+0> No matching pull request metadata found locally for current branch main
2025-01-29 11:53:30.557 [info] Review+0> No matching pull request metadata found on GitHub for current branch main
2025-01-29 11:54:13.025 [info] Review+0> Validate state in progress
2025-01-29 11:54:13.025 [info] Review+0> Validating state...
2025-01-29 11:54:13.209 [info] Found GitHub remote for folder /workspace/project
2025-01-29 11:54:13.209 [info] Using in-memory cached assignable users.
2025-01-29 11:54:13.221 [info] Review+0> No matching pull request metadata found locally for current branch main
2025-01-29 11:54:13.228 [info] Review+0> No matching pull request metadata found on GitHub for current branch main
2025-01-29 11:54:18.051 [info] Review+0> Validate state in progress
2025-01-29 11:54:18.051 [info] Review+0> Validating state...
2025-01-29 11:54:18.235 [info] Found GitHub remote for folder /workspace/project
2025-01-29 11:54:18.236 [info] Using in-memory cached assignable users.
2025-01-29 11:54:18.247 [info] Review+0> No matching pull request metadata found locally for current branch main
2025-01-29 11:54:18.255 [info] Review+0> No matching pull request metadata found on GitHub for current branch main
2025-01-29 11:55:45.154 [info] Review+0> Validate state in progress
2025-01-29 11:55:45.154 [info] Review+0> Validating state...
2025-01-29 11:55:45.395 [info] Found GitHub remote for folder /workspace/project
2025-01-29 11:55:45.396 [info] Using in-memory cached assignable users.
2025-01-29 11:55:45.408 [info] Review+0> No matching pull request metadata found locally for current branch main
2025-01-29 11:55:45.415 [info] Review+0> No matching pull request metadata found on GitHub for current branch main
2025-01-29 11:55:50.178 [info] Review+0> Validate state in progress
2025-01-29 11:55:50.178 [info] Review+0> Validating state...
2025-01-29 11:55:50.410 [info] Found GitHub remote for folder /workspace/project
2025-01-29 11:55:50.410 [info] Using in-memory cached assignable users.
2025-01-29 11:55:50.419 [info] Review+0> No matching pull request metadata found locally for current branch main
2025-01-29 11:55:50.424 [info] Review+0> No matching pull request metadata found on GitHub for current branch main
2025-01-29 11:56:34.030 [info] Review+0> Validate state in progress
2025-01-29 11:56:34.030 [info] Review+0> Validating state...
2025-01-29 11:56:34.253 [info] Found GitHub remote for folder /workspace/project
2025-01-29 11:56:34.254 [info] Using in-memory cached assignable users.
2025-01-29 11:56:34.265 [info] Review+0> No matching pull request metadata found locally for current branch main
2025-01-29 11:56:34.272 [info] Review+0> No matching pull request metadata found on GitHub for current branch main
2025-01-29 11:56:39.055 [info] Review+0> Validate state in progress
2025-01-29 11:56:39.055 [info] Review+0> Validating state...
2025-01-29 11:56:39.255 [info] Found GitHub remote for folder /workspace/project
2025-01-29 11:56:39.256 [info] Using in-memory cached assignable users.
2025-01-29 11:56:39.266 [info] Review+0> No matching pull request metadata found locally for current branch main
2025-01-29 11:56:39.273 [info] Review+0> No matching pull request metadata found on GitHub for current branch main
2025-01-29 11:57:13.610 [info] Review+0> Validate state in progress
2025-01-29 11:57:13.610 [info] Review+0> Validating state...
2025-01-29 11:57:13.795 [info] Found GitHub remote for folder /workspace/project
2025-01-29 11:57:13.795 [info] Using in-memory cached assignable users.
2025-01-29 11:57:13.806 [info] Review+0> No matching pull request metadata found locally for current branch main
2025-01-29 11:57:13.813 [info] Review+0> No matching pull request metadata found on GitHub for current branch main
2025-01-29 11:57:18.634 [info] Review+0> Validate state in progress
2025-01-29 11:57:18.634 [info] Review+0> Validating state...
2025-01-29 11:57:18.826 [info] Found GitHub remote for folder /workspace/project
2025-01-29 11:57:18.827 [info] Using in-memory cached assignable users.
2025-01-29 11:57:18.839 [info] Review+0> No matching pull request metadata found locally for current branch main
2025-01-29 11:57:18.845 [info] Review+0> No matching pull request metadata found on GitHub for current branch main
2025-01-29 11:57:33.607 [info] Review+0> Validate state in progress
2025-01-29 11:57:33.607 [info] Review+0> Validating state...
2025-01-29 11:57:33.790 [info] Found GitHub remote for folder /workspace/project
2025-01-29 11:57:33.790 [info] Using in-memory cached assignable users.
2025-01-29 11:57:33.802 [info] Review+0> No matching pull request metadata found locally for current branch main
2025-01-29 11:57:33.809 [info] Review+0> No matching pull request metadata found on GitHub for current branch main
2025-01-29 11:57:38.629 [info] Review+0> Validate state in progress
2025-01-29 11:57:38.629 [info] Review+0> Validating state...
2025-01-29 11:57:38.822 [info] Found GitHub remote for folder /workspace/project
2025-01-29 11:57:38.823 [info] Using in-memory cached assignable users.
2025-01-29 11:57:38.834 [info] Review+0> No matching pull request metadata found locally for current branch main
2025-01-29 11:57:38.842 [info] Review+0> No matching pull request metadata found on GitHub for current branch main
2025-01-29 11:59:06.734 [info] Review+0> Validate state in progress
2025-01-29 11:59:06.734 [info] Review+0> Validating state...
2025-01-29 11:59:06.916 [info] Found GitHub remote for folder /workspace/project
2025-01-29 11:59:06.916 [info] Using in-memory cached assignable users.
2025-01-29 11:59:06.926 [info] Review+0> No matching pull request metadata found locally for current branch main
2025-01-29 11:59:06.933 [info] Review+0> No matching pull request metadata found on GitHub for current branch main
2025-01-29 11:59:11.758 [info] Review+0> Validate state in progress
2025-01-29 11:59:11.758 [info] Review+0> Validating state...
2025-01-29 11:59:11.979 [info] Found GitHub remote for folder /workspace/project
2025-01-29 11:59:11.979 [info] Using in-memory cached assignable users.
2025-01-29 11:59:11.988 [info] Review+0> No matching pull request metadata found locally for current branch main
2025-01-29 11:59:11.995 [info] Review+0> No matching pull request metadata found on GitHub for current branch main
2025-01-29 11:59:42.871 [info] Review+0> Validate state in progress
2025-01-29 11:59:42.871 [info] Review+0> Validating state...
2025-01-29 11:59:43.061 [info] Found GitHub remote for folder /workspace/project
2025-01-29 11:59:43.062 [info] Using in-memory cached assignable users.
2025-01-29 11:59:43.075 [info] Review+0> No matching pull request metadata found locally for current branch main
2025-01-29 11:59:43.083 [info] Review+0> No matching pull request metadata found on GitHub for current branch main
2025-01-29 11:59:47.899 [info] Review+0> Validate state in progress
2025-01-29 11:59:47.899 [info] Review+0> Validating state...
2025-01-29 11:59:48.083 [info] Found GitHub remote for folder /workspace/project
2025-01-29 11:59:48.083 [info] Using in-memory cached assignable users.
2025-01-29 11:59:48.094 [info] Review+0> No matching pull request metadata found locally for current branch main
2025-01-29 11:59:48.102 [info] Review+0> No matching pull request metadata found on GitHub for current branch main
2025-01-29 12:00:03.390 [info] Review+0> Validate state in progress
2025-01-29 12:00:03.390 [info] Review+0> Validating state...
2025-01-29 12:00:03.618 [info] Found GitHub remote for folder /workspace/project
2025-01-29 12:00:03.619 [info] Using in-memory cached assignable users.
2025-01-29 12:00:03.629 [info] Review+0> No matching pull request metadata found locally for current branch main
2025-01-29 12:00:03.637 [info] Review+0> No matching pull request metadata found on GitHub for current branch main
2025-01-29 12:00:08.413 [info] Review+0> Validate state in progress
2025-01-29 12:00:08.413 [info] Review+0> Validating state...
2025-01-29 12:00:08.599 [info] Found GitHub remote for folder /workspace/project
2025-01-29 12:00:08.599 [info] Using in-memory cached assignable users.
2025-01-29 12:00:08.608 [info] Review+0> No matching pull request metadata found locally for current branch main
2025-01-29 12:00:08.614 [info] Review+0> No matching pull request metadata found on GitHub for current branch main
2025-01-29 12:00:36.399 [info] Review+0> Validate state in progress
2025-01-29 12:00:36.399 [info] Review+0> Validating state...
2025-01-29 12:00:36.649 [info] Found GitHub remote for folder /workspace/project
2025-01-29 12:00:36.649 [info] Using in-memory cached assignable users.
2025-01-29 12:00:36.659 [info] Review+0> No matching pull request metadata found locally for current branch main
2025-01-29 12:00:36.665 [info] Review+0> No matching pull request metadata found on GitHub for current branch main
2025-01-29 12:01:03.898 [info] Review+0> Validate state in progress
2025-01-29 12:01:03.898 [info] Review+0> Validating state...
2025-01-29 12:01:04.089 [info] Found GitHub remote for folder /workspace/project
2025-01-29 12:01:04.089 [info] Using in-memory cached assignable users.
2025-01-29 12:01:04.100 [info] Review+0> No matching pull request metadata found locally for current branch main
2025-01-29 12:01:04.107 [info] Review+0> No matching pull request metadata found on GitHub for current branch main
2025-01-29 12:01:08.918 [info] Review+0> Validate state in progress
2025-01-29 12:01:08.918 [info] Review+0> Validating state...
2025-01-29 12:01:09.107 [info] Found GitHub remote for folder /workspace/project
2025-01-29 12:01:09.107 [info] Using in-memory cached assignable users.
2025-01-29 12:01:09.118 [info] Review+0> No matching pull request metadata found locally for current branch main
2025-01-29 12:01:09.125 [info] Review+0> No matching pull request metadata found on GitHub for current branch main
2025-01-29 12:04:12.522 [info] Review+0> Validate state in progress
2025-01-29 12:04:12.522 [info] Review+0> Validating state...
2025-01-29 12:04:12.711 [info] Found GitHub remote for folder /workspace/project
2025-01-29 12:04:12.711 [info] Using in-memory cached assignable users.
2025-01-29 12:04:12.721 [info] Review+0> No matching pull request metadata found locally for current branch main
2025-01-29 12:04:12.728 [info] Review+0> No matching pull request metadata found on GitHub for current branch main
2025-01-29 12:05:05.678 [info] Review+0> Validate state in progress
2025-01-29 12:05:05.678 [info] Review+0> Validating state...
2025-01-29 12:05:05.920 [info] Found GitHub remote for folder /workspace/project
2025-01-29 12:05:05.920 [info] Using in-memory cached assignable users.
2025-01-29 12:05:05.929 [info] Review+0> No matching pull request metadata found locally for current branch main
2025-01-29 12:05:05.935 [info] Review+0> No matching pull request metadata found on GitHub for current branch main
2025-01-29 12:06:58.227 [info] Review+0> Validate state in progress
2025-01-29 12:06:58.227 [info] Review+0> Validating state...
2025-01-29 12:06:58.425 [info] Found GitHub remote for folder /workspace/project
2025-01-29 12:06:58.425 [info] Using in-memory cached assignable users.
2025-01-29 12:06:58.435 [info] Review+0> No matching pull request metadata found locally for current branch main
2025-01-29 12:06:58.442 [info] Review+0> No matching pull request metadata found on GitHub for current branch main
2025-01-29 12:08:54.309 [info] Review+0> Validate state in progress
2025-01-29 12:08:54.309 [info] Review+0> Validating state...
2025-01-29 12:08:54.495 [info] Found GitHub remote for folder /workspace/project
2025-01-29 12:08:54.496 [info] Using in-memory cached assignable users.
2025-01-29 12:08:54.507 [info] Review+0> No matching pull request metadata found locally for current branch main
2025-01-29 12:08:54.514 [info] Review+0> No matching pull request metadata found on GitHub for current branch main
2025-01-29 12:09:09.767 [info] Review+0> Validate state in progress
2025-01-29 12:09:09.767 [info] Review+0> Validating state...
2025-01-29 12:09:09.962 [info] Found GitHub remote for folder /workspace/project
2025-01-29 12:09:09.962 [info] Using in-memory cached assignable users.
2025-01-29 12:09:09.973 [info] Review+0> No matching pull request metadata found locally for current branch main
2025-01-29 12:09:09.981 [info] Review+0> No matching pull request metadata found on GitHub for current branch main
2025-01-29 12:09:14.788 [info] Review+0> Validate state in progress
2025-01-29 12:09:14.788 [info] Review+0> Validating state...
2025-01-29 12:09:14.977 [info] Found GitHub remote for folder /workspace/project
2025-01-29 12:09:14.978 [info] Using in-memory cached assignable users.
2025-01-29 12:09:14.987 [info] Review+0> No matching pull request metadata found locally for current branch main
2025-01-29 12:09:14.994 [info] Review+0> No matching pull request metadata found on GitHub for current branch main
2025-01-29 12:11:46.354 [info] Review+0> Validate state in progress
2025-01-29 12:11:46.354 [info] Review+0> Validating state...
2025-01-29 12:11:46.559 [info] Found GitHub remote for folder /workspace/project
2025-01-29 12:11:46.560 [info] Using in-memory cached assignable users.
2025-01-29 12:11:46.569 [info] Review+0> No matching pull request metadata found locally for current branch main
2025-01-29 12:11:46.575 [info] Review+0> No matching pull request metadata found on GitHub for current branch main
2025-01-29 12:11:56.400 [info] Review+0> Validate state in progress
2025-01-29 12:11:56.401 [info] Review+0> Validating state...
2025-01-29 12:11:56.673 [info] Found GitHub remote for folder /workspace/project
2025-01-29 12:11:56.673 [info] Using in-memory cached assignable users.
2025-01-29 12:11:56.685 [info] Review+0> No matching pull request metadata found locally for current branch main
2025-01-29 12:11:56.692 [info] Review+0> No matching pull request metadata found on GitHub for current branch main
2025-01-29 12:12:01.419 [info] Review+0> Validate state in progress
2025-01-29 12:12:01.419 [info] Review+0> Validating state...
2025-01-29 12:12:01.919 [info] Found GitHub remote for folder /workspace/project
2025-01-29 12:12:01.919 [info] Using in-memory cached assignable users.
2025-01-29 12:12:01.928 [info] Review+0> No matching pull request metadata found locally for current branch main
2025-01-29 12:12:01.935 [info] Review+0> No matching pull request metadata found on GitHub for current branch main
2025-01-29 12:12:11.461 [info] Review+0> Validate state in progress
2025-01-29 12:12:11.461 [info] Review+0> Validating state...
2025-01-29 12:12:11.655 [info] Found GitHub remote for folder /workspace/project
2025-01-29 12:12:11.655 [info] Using in-memory cached assignable users.
2025-01-29 12:12:11.665 [info] Review+0> No matching pull request metadata found locally for current branch main
2025-01-29 12:12:11.671 [info] Review+0> No matching pull request metadata found on GitHub for current branch main
2025-01-29 12:12:16.486 [info] Review+0> Validate state in progress
2025-01-29 12:12:16.486 [info] Review+0> Validating state...
2025-01-29 12:12:16.682 [info] Found GitHub remote for folder /workspace/project
2025-01-29 12:12:16.683 [info] Using in-memory cached assignable users.
2025-01-29 12:12:16.692 [info] Review+0> No matching pull request metadata found locally for current branch main
2025-01-29 12:12:16.699 [info] Review+0> No matching pull request metadata found on GitHub for current branch main
2025-01-29 12:13:07.896 [info] Review+0> Validate state in progress
2025-01-29 12:13:07.896 [info] Review+0> Validating state...
2025-01-29 12:13:08.087 [info] Found GitHub remote for folder /workspace/project
2025-01-29 12:13:08.087 [info] Using in-memory cached assignable users.
2025-01-29 12:13:08.096 [info] Review+0> No matching pull request metadata found locally for current branch main
2025-01-29 12:13:08.104 [info] Review+0> No matching pull request metadata found on GitHub for current branch main
2025-01-29 12:13:12.920 [info] Review+0> Validate state in progress
2025-01-29 12:13:12.920 [info] Review+0> Validating state...
2025-01-29 12:13:13.106 [info] Found GitHub remote for folder /workspace/project
2025-01-29 12:13:13.107 [info] Using in-memory cached assignable users.
2025-01-29 12:13:13.117 [info] Review+0> No matching pull request metadata found locally for current branch main
2025-01-29 12:13:13.125 [info] Review+0> No matching pull request metadata found on GitHub for current branch main
2025-01-29 12:13:40.020 [info] Review+0> Validate state in progress
2025-01-29 12:13:40.020 [info] Review+0> Validating state...
2025-01-29 12:13:40.319 [info] Found GitHub remote for folder /workspace/project
2025-01-29 12:13:40.319 [info] Using in-memory cached assignable users.
2025-01-29 12:13:40.328 [info] Review+0> No matching pull request metadata found locally for current branch main
2025-01-29 12:13:40.335 [info] Review+0> No matching pull request metadata found on GitHub for current branch main
2025-01-29 12:14:17.950 [info] Review+0> Validate state in progress
2025-01-29 12:14:17.950 [info] Review+0> Validating state...
2025-01-29 12:14:18.415 [info] Found GitHub remote for folder /workspace/project
2025-01-29 12:14:18.415 [info] Using in-memory cached assignable users.
2025-01-29 12:14:18.426 [info] Review+0> No matching pull request metadata found locally for current branch main
2025-01-29 12:14:18.434 [info] Review+0> No matching pull request metadata found on GitHub for current branch main
2025-01-29 12:15:27.479 [info] Review+0> Validate state in progress
2025-01-29 12:15:27.479 [info] Review+0> Validating state...
2025-01-29 12:15:28.356 [info] Found GitHub remote for folder /workspace/project
2025-01-29 12:15:28.356 [info] Using in-memory cached assignable users.
2025-01-29 12:15:28.366 [info] Review+0> No matching pull request metadata found locally for current branch main
2025-01-29 12:15:28.373 [info] Review+0> No matching pull request metadata found on GitHub for current branch main
2025-01-29 12:15:32.507 [info] Review+0> Validate state in progress
2025-01-29 12:15:32.507 [info] Review+0> Validating state...
2025-01-29 12:15:32.701 [info] Found GitHub remote for folder /workspace/project
2025-01-29 12:15:32.702 [info] Using in-memory cached assignable users.
2025-01-29 12:15:32.712 [info] Review+0> No matching pull request metadata found locally for current branch main
2025-01-29 12:15:32.720 [info] Review+0> No matching pull request metadata found on GitHub for current branch main
2025-01-29 12:15:59.320 [info] Review+0> Validate state in progress
2025-01-29 12:15:59.320 [info] Review+0> Validating state...
2025-01-29 12:15:59.591 [info] Found GitHub remote for folder /workspace/project
2025-01-29 12:15:59.591 [info] Using in-memory cached assignable users.
2025-01-29 12:15:59.601 [info] Review+0> No matching pull request metadata found locally for current branch main
2025-01-29 12:15:59.607 [info] Review+0> No matching pull request metadata found on GitHub for current branch main
2025-01-29 12:16:04.345 [info] Review+0> Validate state in progress
2025-01-29 12:16:04.345 [info] Review+0> Validating state...
2025-01-29 12:16:04.541 [info] Found GitHub remote for folder /workspace/project
2025-01-29 12:16:04.541 [info] Using in-memory cached assignable users.
2025-01-29 12:16:04.550 [info] Review+0> No matching pull request metadata found locally for current branch main
2025-01-29 12:16:04.556 [info] Review+0> No matching pull request metadata found on GitHub for current branch main
2025-01-29 12:17:00.930 [info] Review+0> Validate state in progress
2025-01-29 12:17:00.930 [info] Review+0> Validating state...
2025-01-29 12:17:01.460 [info] Found GitHub remote for folder /workspace/project
2025-01-29 12:17:01.461 [info] Using in-memory cached assignable users.
2025-01-29 12:17:01.473 [info] Review+0> No matching pull request metadata found locally for current branch main
2025-01-29 12:17:01.482 [info] Review+0> No matching pull request metadata found on GitHub for current branch main
2025-01-29 12:17:12.153 [info] Review+0> Validate state in progress
2025-01-29 12:17:12.153 [info] Review+0> Validating state...
2025-01-29 12:17:12.344 [info] Found GitHub remote for folder /workspace/project
2025-01-29 12:17:12.344 [info] Using in-memory cached assignable users.
2025-01-29 12:17:12.356 [info] Review+0> No matching pull request metadata found locally for current branch main
2025-01-29 12:17:12.365 [info] Review+0> No matching pull request metadata found on GitHub for current branch main
2025-01-29 12:17:17.179 [info] Review+0> Validate state in progress
2025-01-29 12:17:17.179 [info] Review+0> Validating state...
2025-01-29 12:17:17.542 [info] Found GitHub remote for folder /workspace/project
2025-01-29 12:17:17.542 [info] Using in-memory cached assignable users.
2025-01-29 12:17:17.552 [info] Review+0> No matching pull request metadata found locally for current branch main
2025-01-29 12:17:17.560 [info] Review+0> No matching pull request metadata found on GitHub for current branch main
2025-01-29 12:17:48.576 [info] Review+0> Validate state in progress
2025-01-29 12:17:48.576 [info] Review+0> Validating state...
2025-01-29 12:17:48.779 [info] Found GitHub remote for folder /workspace/project
2025-01-29 12:17:48.780 [info] Using in-memory cached assignable users.
2025-01-29 12:17:48.791 [info] Review+0> No matching pull request metadata found locally for current branch main
2025-01-29 12:17:48.798 [info] Review+0> No matching pull request metadata found on GitHub for current branch main
2025-01-29 12:17:53.602 [info] Review+0> Validate state in progress
2025-01-29 12:17:53.602 [info] Review+0> Validating state...
2025-01-29 12:17:53.802 [info] Found GitHub remote for folder /workspace/project
2025-01-29 12:17:53.802 [info] Using in-memory cached assignable users.
2025-01-29 12:17:53.814 [info] Review+0> No matching pull request metadata found locally for current branch main
2025-01-29 12:17:53.822 [info] Review+0> No matching pull request metadata found on GitHub for current branch main
2025-01-29 12:17:59.151 [info] Review+0> Validate state in progress
2025-01-29 12:17:59.151 [info] Review+0> Validating state...
2025-01-29 12:17:59.703 [info] Found GitHub remote for folder /workspace/project
2025-01-29 12:17:59.704 [info] Using in-memory cached assignable users.
2025-01-29 12:17:59.715 [info] Review+0> No matching pull request metadata found locally for current branch main
2025-01-29 12:17:59.724 [info] Review+0> No matching pull request metadata found on GitHub for current branch main
2025-01-29 12:18:04.185 [info] Review+0> Validate state in progress
2025-01-29 12:18:04.185 [info] Review+0> Validating state...
2025-01-29 12:18:04.634 [info] Found GitHub remote for folder /workspace/project
2025-01-29 12:18:04.634 [info] Using in-memory cached assignable users.
2025-01-29 12:18:04.648 [info] Review+0> No matching pull request metadata found locally for current branch main
2025-01-29 12:18:04.659 [info] Review+0> No matching pull request metadata found on GitHub for current branch main
2025-01-29 12:18:09.216 [info] Review+0> Validate state in progress
2025-01-29 12:18:09.216 [info] Review+0> Validating state...
2025-01-29 12:18:09.581 [info] Found GitHub remote for folder /workspace/project
2025-01-29 12:18:09.581 [info] Using in-memory cached assignable users.
2025-01-29 12:18:09.590 [info] Review+0> No matching pull request metadata found locally for current branch main
2025-01-29 12:18:09.598 [info] Review+0> No matching pull request metadata found on GitHub for current branch main
2025-01-29 12:18:14.253 [info] Review+0> Validate state in progress
2025-01-29 12:18:14.253 [info] Review+0> Validating state...
2025-01-29 12:18:14.534 [info] Found GitHub remote for folder /workspace/project
2025-01-29 12:18:14.535 [info] Using in-memory cached assignable users.
2025-01-29 12:18:14.550 [info] Review+0> No matching pull request metadata found locally for current branch main
2025-01-29 12:18:14.561 [info] Review+0> No matching pull request metadata found on GitHub for current branch main
2025-01-29 12:18:34.321 [info] Review+0> Validate state in progress
2025-01-29 12:18:34.321 [info] Review+0> Validating state...
2025-01-29 12:18:34.568 [info] Found GitHub remote for folder /workspace/project
2025-01-29 12:18:34.568 [info] Using in-memory cached assignable users.
2025-01-29 12:18:34.583 [info] Review+0> No matching pull request metadata found locally for current branch main
2025-01-29 12:18:34.593 [info] Review+0> No matching pull request metadata found on GitHub for current branch main
2025-01-29 12:18:44.386 [info] Review+0> Validate state in progress
2025-01-29 12:18:44.386 [info] Review+0> Validating state...
2025-01-29 12:18:44.962 [info] Found GitHub remote for folder /workspace/project
2025-01-29 12:18:44.963 [info] Using in-memory cached assignable users.
2025-01-29 12:18:44.973 [info] Review+0> No matching pull request metadata found locally for current branch main
2025-01-29 12:18:44.983 [info] Review+0> No matching pull request metadata found on GitHub for current branch main
2025-01-29 12:18:49.414 [info] Review+0> Validate state in progress
2025-01-29 12:18:49.414 [info] Review+0> Validating state...
2025-01-29 12:18:49.603 [info] Found GitHub remote for folder /workspace/project
2025-01-29 12:18:49.604 [info] Using in-memory cached assignable users.
2025-01-29 12:18:49.617 [info] Review+0> No matching pull request metadata found locally for current branch main
2025-01-29 12:18:49.624 [info] Review+0> No matching pull request metadata found on GitHub for current branch main
2025-01-29 12:18:54.442 [info] Review+0> Validate state in progress
2025-01-29 12:18:54.442 [info] Review+0> Validating state...
2025-01-29 12:18:54.654 [info] Found GitHub remote for folder /workspace/project
2025-01-29 12:18:54.654 [info] Using in-memory cached assignable users.
2025-01-29 12:18:54.666 [info] Review+0> No matching pull request metadata found locally for current branch main
2025-01-29 12:18:54.673 [info] Review+0> No matching pull request metadata found on GitHub for current branch main
2025-01-29 12:19:01.017 [info] Review+0> Validate state in progress
2025-01-29 12:19:01.017 [info] Review+0> Validating state...
2025-01-29 12:19:01.231 [info] Found GitHub remote for folder /workspace/project
2025-01-29 12:19:01.231 [info] Using in-memory cached assignable users.
2025-01-29 12:19:01.241 [info] Review+0> No matching pull request metadata found locally for current branch main
2025-01-29 12:19:01.249 [info] Review+0> No matching pull request metadata found on GitHub for current branch main
2025-01-29 12:19:06.042 [info] Review+0> Validate state in progress
2025-01-29 12:19:06.042 [info] Review+0> Validating state...
2025-01-29 12:19:06.540 [info] Found GitHub remote for folder /workspace/project
2025-01-29 12:19:06.540 [info] Using in-memory cached assignable users.
2025-01-29 12:19:06.550 [info] Review+0> No matching pull request metadata found locally for current branch main
2025-01-29 12:19:06.560 [info] Review+0> No matching pull request metadata found on GitHub for current branch main
2025-01-29 12:19:18.032 [info] Review+0> Validate state in progress
2025-01-29 12:19:18.032 [info] Review+0> Validating state...
2025-01-29 12:19:18.407 [info] Found GitHub remote for folder /workspace/project
2025-01-29 12:19:18.407 [info] Using in-memory cached assignable users.
2025-01-29 12:19:18.416 [info] Review+0> No matching pull request metadata found locally for current branch main
2025-01-29 12:19:18.423 [info] Review+0> No matching pull request metadata found on GitHub for current branch main
2025-01-29 12:19:23.974 [info] Review+0> Validate state in progress
2025-01-29 12:19:23.974 [info] Review+0> Validating state...
2025-01-29 12:19:24.175 [info] Found GitHub remote for folder /workspace/project
2025-01-29 12:19:24.176 [info] Using in-memory cached assignable users.
2025-01-29 12:19:24.188 [info] Review+0> No matching pull request metadata found locally for current branch main
2025-01-29 12:19:24.196 [info] Review+0> No matching pull request metadata found on GitHub for current branch main
2025-01-29 12:19:42.982 [info] Review+0> Validate state in progress
2025-01-29 12:19:42.982 [info] Review+0> Validating state...
2025-01-29 12:19:43.181 [info] Found GitHub remote for folder /workspace/project
2025-01-29 12:19:43.182 [info] Using in-memory cached assignable users.
2025-01-29 12:19:43.194 [info] Review+0> No matching pull request metadata found locally for current branch main
2025-01-29 12:19:43.202 [info] Review+0> No matching pull request metadata found on GitHub for current branch main
2025-01-29 12:19:48.011 [info] Review+0> Validate state in progress
2025-01-29 12:19:48.011 [info] Review+0> Validating state...
2025-01-29 12:19:48.200 [info] Found GitHub remote for folder /workspace/project
2025-01-29 12:19:48.200 [info] Using in-memory cached assignable users.
2025-01-29 12:19:48.213 [info] Review+0> No matching pull request metadata found locally for current branch main
2025-01-29 12:19:48.222 [info] Review+0> No matching pull request metadata found on GitHub for current branch main
2025-01-29 12:19:59.003 [info] Review+0> Validate state in progress
2025-01-29 12:19:59.004 [info] Review+0> Validating state...
2025-01-29 12:19:59.190 [info] Found GitHub remote for folder /workspace/project
2025-01-29 12:19:59.190 [info] Using in-memory cached assignable users.
2025-01-29 12:19:59.202 [info] Review+0> No matching pull request metadata found locally for current branch main
2025-01-29 12:19:59.210 [info] Review+0> No matching pull request metadata found on GitHub for current branch main
2025-01-29 12:20:04.029 [info] Review+0> Validate state in progress
2025-01-29 12:20:04.029 [info] Review+0> Validating state...
2025-01-29 12:20:04.217 [info] Found GitHub remote for folder /workspace/project
2025-01-29 12:20:04.217 [info] Using in-memory cached assignable users.
2025-01-29 12:20:04.229 [info] Review+0> No matching pull request metadata found locally for current branch main
2025-01-29 12:20:04.237 [info] Review+0> No matching pull request metadata found on GitHub for current branch main
2025-01-29 12:20:12.207 [info] Review+0> Validate state in progress
2025-01-29 12:20:12.207 [info] Review+0> Validating state...
2025-01-29 12:20:12.513 [info] Found GitHub remote for folder /workspace/project
2025-01-29 12:20:12.514 [info] Using in-memory cached assignable users.
2025-01-29 12:20:12.523 [info] Review+0> No matching pull request metadata found locally for current branch main
2025-01-29 12:20:12.530 [info] Review+0> No matching pull request metadata found on GitHub for current branch main
